{"/home/travis/build/npmtest/node-npmtest-commander/test.js":{"path":"/home/travis/build/npmtest/node-npmtest-commander/test.js","s":{"1":2,"2":2,"3":2,"4":2,"5":2,"6":2,"7":2,"8":1,"9":2,"10":2,"11":1,"12":1,"13":1,"14":1,"15":2,"16":2,"17":2,"18":2,"19":1,"20":1,"21":2,"22":2,"23":2,"24":1,"25":1,"26":1,"27":1,"28":1,"29":1,"30":1,"31":1,"32":1,"33":1,"34":1,"35":1,"36":1,"37":1,"38":1,"39":2,"40":2,"41":1,"42":2,"43":2,"44":1,"45":2,"46":2,"47":1,"48":2,"49":2,"50":1,"51":1,"52":1,"53":1,"54":1},"b":{"1":[2,1,1,1],"2":[1,1,1,1],"3":[1,1],"4":[1,1],"5":[1,1],"6":[1,1],"7":[1,1],"8":[1,1],"9":[1,1],"10":[1,1,1],"11":[1,1],"12":[1,1],"13":[1,1],"14":[1,1],"15":[1,1],"16":[1,1],"17":[1,1]},"f":{"1":2,"2":2,"3":2,"4":2,"5":2,"6":1,"7":1,"8":1,"9":2,"10":2,"11":2,"12":2,"13":1},"fnMap":{"1":{"name":"(anonymous_1)","line":12,"loc":{"start":{"line":12,"column":1},"end":{"line":12,"column":13}}},"2":{"name":"(anonymous_2)","line":19,"loc":{"start":{"line":19,"column":5},"end":{"line":19,"column":17}}},"3":{"name":"(anonymous_3)","line":23,"loc":{"start":{"line":23,"column":24},"end":{"line":23,"column":36}}},"4":{"name":"(anonymous_4)","line":61,"loc":{"start":{"line":61,"column":5},"end":{"line":61,"column":17}}},"5":{"name":"(anonymous_5)","line":82,"loc":{"start":{"line":82,"column":5},"end":{"line":82,"column":17}}},"6":{"name":"(anonymous_6)","line":91,"loc":{"start":{"line":91,"column":77},"end":{"line":94,"column":10}}},"7":{"name":"(anonymous_7)","line":112,"loc":{"start":{"line":112,"column":83},"end":{"line":115,"column":10}},"skip":true},"8":{"name":"(anonymous_8)","line":123,"loc":{"start":{"line":123,"column":77},"end":{"line":126,"column":10}},"skip":true},"9":{"name":"(anonymous_9)","line":139,"loc":{"start":{"line":139,"column":12},"end":{"line":139,"column":40}},"skip":true},"10":{"name":"(anonymous_10)","line":147,"loc":{"start":{"line":147,"column":77},"end":{"line":150,"column":10}},"skip":true},"11":{"name":"(anonymous_11)","line":158,"loc":{"start":{"line":158,"column":83},"end":{"line":161,"column":10}},"skip":true},"12":{"name":"(anonymous_12)","line":169,"loc":{"start":{"line":169,"column":79},"end":{"line":172,"column":10}},"skip":true},"13":{"name":"(anonymous_13)","line":180,"loc":{"start":{"line":180,"column":75},"end":{"line":183,"column":10}},"skip":true}},"statementMap":{"1":{"start":{"line":12,"column":0},"end":{"line":195,"column":5}},"2":{"start":{"line":14,"column":4},"end":{"line":14,"column":14}},"3":{"start":{"line":19,"column":4},"end":{"line":56,"column":9}},"4":{"start":{"line":21,"column":8},"end":{"line":21,"column":19}},"5":{"start":{"line":23,"column":8},"end":{"line":35,"column":13}},"6":{"start":{"line":24,"column":12},"end":{"line":34,"column":13}},"7":{"start":{"line":25,"column":16},"end":{"line":28,"column":30}},"8":{"start":{"line":30,"column":16},"end":{"line":33,"column":27}},"9":{"start":{"line":37,"column":8},"end":{"line":39,"column":21}},"10":{"start":{"line":40,"column":8},"end":{"line":53,"column":9}},"11":{"start":{"line":43,"column":12},"end":{"line":46,"column":14}},"12":{"start":{"line":47,"column":12},"end":{"line":47,"column":18}},"13":{"start":{"line":50,"column":12},"end":{"line":51,"column":46}},"14":{"start":{"line":52,"column":12},"end":{"line":52,"column":18}},"15":{"start":{"line":55,"column":8},"end":{"line":55,"column":35}},"16":{"start":{"line":61,"column":4},"end":{"line":63,"column":9}},"17":{"start":{"line":62,"column":8},"end":{"line":62,"column":15}},"18":{"start":{"line":64,"column":4},"end":{"line":77,"column":5}},"19":{"start":{"line":70,"column":8},"end":{"line":70,"column":14}},"20":{"start":{"line":76,"column":8},"end":{"line":76,"column":14}},"21":{"start":{"line":82,"column":4},"end":{"line":84,"column":9}},"22":{"start":{"line":83,"column":8},"end":{"line":83,"column":15}},"23":{"start":{"line":85,"column":4},"end":{"line":194,"column":5}},"24":{"start":{"line":91,"column":8},"end":{"line":99,"column":10}},"25":{"start":{"line":98,"column":12},"end":{"line":98,"column":35}},"26":{"start":{"line":102,"column":8},"end":{"line":104,"column":63}},"27":{"start":{"line":105,"column":8},"end":{"line":105,"column":14}},"28":{"start":{"line":112,"column":8},"end":{"line":121,"column":10},"skip":true},"29":{"start":{"line":119,"column":12},"end":{"line":119,"column":55},"skip":true},"30":{"start":{"line":120,"column":12},"end":{"line":120,"column":48},"skip":true},"31":{"start":{"line":123,"column":8},"end":{"line":136,"column":10},"skip":true},"32":{"start":{"line":130,"column":12},"end":{"line":130,"column":76},"skip":true},"33":{"start":{"line":131,"column":12},"end":{"line":131,"column":73},"skip":true},"34":{"start":{"line":132,"column":12},"end":{"line":132,"column":74},"skip":true},"35":{"start":{"line":133,"column":12},"end":{"line":133,"column":79},"skip":true},"36":{"start":{"line":134,"column":12},"end":{"line":134,"column":25},"skip":true},"37":{"start":{"line":135,"column":12},"end":{"line":135,"column":45},"skip":true},"38":{"start":{"line":138,"column":8},"end":{"line":145,"column":14},"skip":true},"39":{"start":{"line":143,"column":16},"end":{"line":143,"column":29},"skip":true},"40":{"start":{"line":144,"column":16},"end":{"line":144,"column":55},"skip":true},"41":{"start":{"line":147,"column":8},"end":{"line":156,"column":10},"skip":true},"42":{"start":{"line":154,"column":12},"end":{"line":154,"column":25},"skip":true},"43":{"start":{"line":155,"column":12},"end":{"line":155,"column":45},"skip":true},"44":{"start":{"line":158,"column":8},"end":{"line":167,"column":10},"skip":true},"45":{"start":{"line":165,"column":12},"end":{"line":165,"column":25},"skip":true},"46":{"start":{"line":166,"column":12},"end":{"line":166,"column":48},"skip":true},"47":{"start":{"line":169,"column":8},"end":{"line":178,"column":10},"skip":true},"48":{"start":{"line":176,"column":12},"end":{"line":176,"column":25},"skip":true},"49":{"start":{"line":177,"column":12},"end":{"line":177,"column":46},"skip":true},"50":{"start":{"line":180,"column":8},"end":{"line":189,"column":10},"skip":true},"51":{"start":{"line":187,"column":12},"end":{"line":187,"column":94},"skip":true},"52":{"start":{"line":188,"column":12},"end":{"line":188,"column":48},"skip":true},"53":{"start":{"line":192,"column":8},"end":{"line":192,"column":35},"skip":true},"54":{"start":{"line":193,"column":8},"end":{"line":193,"column":14},"skip":true}},"branchMap":{"1":{"line":25,"type":"binary-expr","locations":[{"start":{"line":25,"column":23},"end":{"line":25,"column":62}},{"start":{"line":26,"column":20},"end":{"line":26,"column":70}},{"start":{"line":27,"column":20},"end":{"line":27,"column":71}},{"start":{"line":28,"column":20},"end":{"line":28,"column":29}}]},"2":{"line":30,"type":"binary-expr","locations":[{"start":{"line":30,"column":23},"end":{"line":30,"column":37}},{"start":{"line":31,"column":20},"end":{"line":31,"column":61}},{"start":{"line":32,"column":20},"end":{"line":32,"column":70}},{"start":{"line":33,"column":20},"end":{"line":33,"column":26}}]},"3":{"line":37,"type":"cond-expr","locations":[{"start":{"line":38,"column":14},"end":{"line":38,"column":20}},{"start":{"line":39,"column":14},"end":{"line":39,"column":20}}]},"4":{"line":40,"type":"switch","locations":[{"start":{"line":42,"column":8},"end":{"line":47,"column":18}},{"start":{"line":49,"column":8},"end":{"line":52,"column":18}}]},"5":{"line":44,"type":"binary-expr","locations":[{"start":{"line":44,"column":16},"end":{"line":44,"column":44}},{"start":{"line":44,"column":48},"end":{"line":44,"column":66}}]},"6":{"line":50,"type":"binary-expr","locations":[{"start":{"line":50,"column":21},"end":{"line":50,"column":49}},{"start":{"line":50,"column":53},"end":{"line":50,"column":72}}]},"7":{"line":64,"type":"switch","locations":[{"start":{"line":69,"column":4},"end":{"line":70,"column":14}},{"start":{"line":75,"column":4},"end":{"line":76,"column":14}}]},"8":{"line":85,"type":"switch","locations":[{"start":{"line":90,"column":4},"end":{"line":105,"column":14}},{"start":{"line":111,"column":4},"end":{"line":193,"column":14},"skip":true}]},"9":{"line":91,"type":"binary-expr","locations":[{"start":{"line":91,"column":42},"end":{"line":91,"column":73}},{"start":{"line":91,"column":77},"end":{"line":99,"column":9}}]},"10":{"line":102,"type":"binary-expr","locations":[{"start":{"line":102,"column":18},"end":{"line":102,"column":32}},{"start":{"line":103,"column":12},"end":{"line":103,"column":53}},{"start":{"line":104,"column":12},"end":{"line":104,"column":61}}]},"11":{"line":112,"type":"binary-expr","locations":[{"start":{"line":112,"column":45},"end":{"line":112,"column":79},"skip":true},{"start":{"line":112,"column":83},"end":{"line":121,"column":9},"skip":true}]},"12":{"line":123,"type":"binary-expr","locations":[{"start":{"line":123,"column":42},"end":{"line":123,"column":73},"skip":true},{"start":{"line":123,"column":77},"end":{"line":136,"column":9},"skip":true}]},"13":{"line":138,"type":"binary-expr","locations":[{"start":{"line":138,"column":48},"end":{"line":138,"column":85},"skip":true},{"start":{"line":139,"column":12},"end":{"line":145,"column":13},"skip":true}]},"14":{"line":147,"type":"binary-expr","locations":[{"start":{"line":147,"column":42},"end":{"line":147,"column":73},"skip":true},{"start":{"line":147,"column":77},"end":{"line":156,"column":9},"skip":true}]},"15":{"line":158,"type":"binary-expr","locations":[{"start":{"line":158,"column":45},"end":{"line":158,"column":79},"skip":true},{"start":{"line":158,"column":83},"end":{"line":167,"column":9},"skip":true}]},"16":{"line":169,"type":"binary-expr","locations":[{"start":{"line":169,"column":43},"end":{"line":169,"column":75},"skip":true},{"start":{"line":169,"column":79},"end":{"line":178,"column":9},"skip":true}]},"17":{"line":180,"type":"binary-expr","locations":[{"start":{"line":180,"column":41},"end":{"line":180,"column":71},"skip":true},{"start":{"line":180,"column":75},"end":{"line":189,"column":9},"skip":true}]}},"code":["/* istanbul instrument in package npmtest_commander */","/*jslint","    bitwise: true,","    browser: true,","    maxerr: 8,","    maxlen: 96,","    node: true,","    nomen: true,","    regexp: true,","    stupid: true","*/","(function () {","    'use strict';","    var local;","","","","    // run shared js-env code - pre-init","    (function () {","        // init local","        local = {};","        // init modeJs","        local.modeJs = (function () {","            try {","                return typeof navigator.userAgent === 'string' &&","                    typeof document.querySelector('body') === 'object' &&","                    typeof XMLHttpRequest.prototype.open === 'function' &&","                    'browser';","            } catch (errorCaughtBrowser) {","                return module.exports &&","                    typeof process.versions.node === 'string' &&","                    typeof require('http').createServer === 'function' &&","                    'node';","            }","        }());","        // init global","        local.global = local.modeJs === 'browser'","            ? window","            : global;","        switch (local.modeJs) {","        // re-init local from window.local","        case 'browser':","            local = local.global.utility2.objectSetDefault(","                local.global.utility2_rollup || local.global.local,","                local.global.utility2","            );","            break;","        // re-init local from example.js","        case 'node':","            local = (local.global.utility2_rollup || require('utility2'))","                .requireExampleJsFromReadme();","            break;","        }","        // export local","        local.global.local = local;","    }());","","","","    // run shared js-env code - function","    (function () {","        return;","    }());","    switch (local.modeJs) {","","","","    // run browser js-env code - function","    case 'browser':","        break;","","","","    // run node js-env code - function","    case 'node':","        break;","    }","","","","    // run shared js-env code - post-init","    (function () {","        return;","    }());","    switch (local.modeJs) {","","","","    // run browser js-env code - post-init","    case 'browser':","        local.testCase_browser_nullCase = local.testCase_browser_nullCase || function (","            options,","            onError","        ) {","        /*","         * this function will test browsers's null-case handling-behavior-behavior","         */","            onError(null, options);","        };","","        // run tests","        local.nop(local.modeTest &&","            document.querySelector('#testRunButton1') &&","            document.querySelector('#testRunButton1').click());","        break;","","","","    // run node js-env code - post-init","    /* istanbul ignore next */","    case 'node':","        local.testCase_buildApidoc_default = local.testCase_buildApidoc_default || function (","            options,","            onError","        ) {","        /*","         * this function will test buildApidoc's default handling-behavior-behavior","         */","            options = { modulePathList: module.paths };","            local.buildApidoc(options, onError);","        };","","        local.testCase_buildApp_default = local.testCase_buildApp_default || function (","            options,","            onError","        ) {","        /*","         * this function will test buildApp's default handling-behavior-behavior","         */","            local.testCase_buildReadme_default(options, local.onErrorThrow);","            local.testCase_buildLib_default(options, local.onErrorThrow);","            local.testCase_buildTest_default(options, local.onErrorThrow);","            local.testCase_buildCustomOrg_default(options, local.onErrorThrow);","            options = [];","            local.buildApp(options, onError);","        };","","        local.testCase_buildCustomOrg_default = local.testCase_buildCustomOrg_default ||","            function (options, onError) {","            /*","             * this function will test buildCustomOrg's default handling-behavior","             */","                options = {};","                local.buildCustomOrg(options, onError);","            };","","        local.testCase_buildLib_default = local.testCase_buildLib_default || function (","            options,","            onError","        ) {","        /*","         * this function will test buildLib's default handling-behavior","         */","            options = {};","            local.buildLib(options, onError);","        };","","        local.testCase_buildReadme_default = local.testCase_buildReadme_default || function (","            options,","            onError","        ) {","        /*","         * this function will test buildReadme's default handling-behavior-behavior","         */","            options = {};","            local.buildReadme(options, onError);","        };","","        local.testCase_buildTest_default = local.testCase_buildTest_default || function (","            options,","            onError","        ) {","        /*","         * this function will test buildTest's default handling-behavior","         */","            options = {};","            local.buildTest(options, onError);","        };","","        local.testCase_webpage_default = local.testCase_webpage_default || function (","            options,","            onError","        ) {","        /*","         * this function will test webpage's default handling-behavior","         */","            options = { modeCoverageMerge: true, url: local.serverLocalHost + '?modeTest=1' };","            local.browserTest(options, onError);","        };","","        // run test-server","        local.testRunServer(local);","        break;","    }","}());",""],"l":{"12":2,"14":2,"19":2,"21":2,"23":2,"24":2,"25":2,"30":1,"37":2,"40":2,"43":1,"47":1,"50":1,"52":1,"55":2,"61":2,"62":2,"64":2,"70":1,"76":1,"82":2,"83":2,"85":2,"91":1,"98":1,"102":1,"105":1,"112":1,"119":1,"120":1,"123":1,"130":1,"131":1,"132":1,"133":1,"134":1,"135":1,"138":1,"143":2,"144":2,"147":1,"154":2,"155":2,"158":1,"165":2,"166":2,"169":1,"176":2,"177":2,"180":1,"187":1,"188":1,"192":1,"193":1}},"/home/travis/build/npmtest/node-npmtest-commander/lib.npmtest_commander.js":{"path":"/home/travis/build/npmtest/node-npmtest-commander/lib.npmtest_commander.js","s":{"1":2,"2":2,"3":2,"4":2,"5":2,"6":2,"7":2,"8":1,"9":2,"10":2,"11":2,"12":2,"13":1,"14":1,"15":1,"16":1},"b":{"1":[2,1,1,1],"2":[1,1,1,1],"3":[1,1],"4":[2,2],"5":[1,1]},"f":{"1":2,"2":2,"3":2},"fnMap":{"1":{"name":"(anonymous_1)","line":12,"loc":{"start":{"line":12,"column":1},"end":{"line":12,"column":13}}},"2":{"name":"(anonymous_2)","line":19,"loc":{"start":{"line":19,"column":5},"end":{"line":19,"column":17}}},"3":{"name":"(anonymous_3)","line":23,"loc":{"start":{"line":23,"column":24},"end":{"line":23,"column":36}}}},"statementMap":{"1":{"start":{"line":12,"column":0},"end":{"line":53,"column":5}},"2":{"start":{"line":14,"column":4},"end":{"line":14,"column":14}},"3":{"start":{"line":19,"column":4},"end":{"line":52,"column":9}},"4":{"start":{"line":21,"column":8},"end":{"line":21,"column":19}},"5":{"start":{"line":23,"column":8},"end":{"line":35,"column":13}},"6":{"start":{"line":24,"column":12},"end":{"line":34,"column":13}},"7":{"start":{"line":25,"column":16},"end":{"line":28,"column":30}},"8":{"start":{"line":30,"column":16},"end":{"line":33,"column":27}},"9":{"start":{"line":37,"column":8},"end":{"line":39,"column":21}},"10":{"start":{"line":41,"column":8},"end":{"line":41,"column":54}},"11":{"start":{"line":43,"column":8},"end":{"line":43,"column":54}},"12":{"start":{"line":45,"column":8},"end":{"line":51,"column":9}},"13":{"start":{"line":46,"column":12},"end":{"line":46,"column":60}},"14":{"start":{"line":48,"column":12},"end":{"line":48,"column":35}},"15":{"start":{"line":49,"column":12},"end":{"line":49,"column":49}},"16":{"start":{"line":50,"column":12},"end":{"line":50,"column":43}}},"branchMap":{"1":{"line":25,"type":"binary-expr","locations":[{"start":{"line":25,"column":23},"end":{"line":25,"column":62}},{"start":{"line":26,"column":20},"end":{"line":26,"column":70}},{"start":{"line":27,"column":20},"end":{"line":27,"column":71}},{"start":{"line":28,"column":20},"end":{"line":28,"column":29}}]},"2":{"line":30,"type":"binary-expr","locations":[{"start":{"line":30,"column":23},"end":{"line":30,"column":37}},{"start":{"line":31,"column":20},"end":{"line":31,"column":61}},{"start":{"line":32,"column":20},"end":{"line":32,"column":70}},{"start":{"line":33,"column":20},"end":{"line":33,"column":26}}]},"3":{"line":37,"type":"cond-expr","locations":[{"start":{"line":38,"column":14},"end":{"line":38,"column":20}},{"start":{"line":39,"column":14},"end":{"line":39,"column":20}}]},"4":{"line":41,"type":"binary-expr","locations":[{"start":{"line":41,"column":16},"end":{"line":41,"column":44}},{"start":{"line":41,"column":48},"end":{"line":41,"column":53}}]},"5":{"line":45,"type":"if","locations":[{"start":{"line":45,"column":8},"end":{"line":45,"column":8}},{"start":{"line":45,"column":8},"end":{"line":45,"column":8}}]}},"code":["/* istanbul instrument in package npmtest_commander */","/*jslint","    bitwise: true,","    browser: true,","    maxerr: 8,","    maxlen: 96,","    node: true,","    nomen: true,","    regexp: true,","    stupid: true","*/","(function () {","    'use strict';","    var local;","","","","    // run shared js-env code - pre-init","    (function () {","        // init local","        local = {};","        // init modeJs","        local.modeJs = (function () {","            try {","                return typeof navigator.userAgent === 'string' &&","                    typeof document.querySelector('body') === 'object' &&","                    typeof XMLHttpRequest.prototype.open === 'function' &&","                    'browser';","            } catch (errorCaughtBrowser) {","                return module.exports &&","                    typeof process.versions.node === 'string' &&","                    typeof require('http').createServer === 'function' &&","                    'node';","            }","        }());","        // init global","        local.global = local.modeJs === 'browser'","            ? window","            : global;","        // init utility2_rollup","        local = local.global.utility2_rollup || local;","        // init lib","        local.local = local.npmtest_commander = local;","        // init exports","        if (local.modeJs === 'browser') {","            local.global.utility2_npmtest_commander = local;","        } else {","            module.exports = local;","            module.exports.__dirname = __dirname;","            module.exports.module = module;","        }","    }());","}());",""],"l":{"12":2,"14":2,"19":2,"21":2,"23":2,"24":2,"25":2,"30":1,"37":2,"41":2,"43":2,"45":2,"46":1,"48":1,"49":1,"50":1}},"/home/travis/build/npmtest/node-npmtest-commander/example.js":{"path":"/home/travis/build/npmtest/node-npmtest-commander/example.js","s":{"1":2,"2":2,"3":2,"4":2,"5":2,"6":2,"7":2,"8":1,"9":2,"10":2,"11":2,"12":2,"13":1,"14":2,"15":2,"16":2,"17":2,"18":2,"19":0,"20":2,"21":1,"22":1,"23":1,"24":1,"25":1,"26":0,"27":0,"28":1,"29":1,"30":2,"31":0,"32":0,"33":0,"34":1,"35":2,"36":2,"37":3,"38":3,"39":3,"40":3,"41":0,"42":3,"43":3,"44":3,"45":1,"46":3,"47":1,"48":1,"49":1,"50":1,"51":1,"52":1,"53":1,"54":1,"55":1,"56":1,"57":0,"58":1,"59":6,"60":6,"61":1,"62":2,"63":0,"64":2,"65":1,"66":1,"67":0,"68":0,"69":0,"70":0,"71":0,"72":0,"73":0,"74":0,"75":0,"76":0,"77":0,"78":0,"79":0,"80":0,"81":0,"82":0,"83":0},"b":{"1":[2,1,1,1],"2":[1,1,1,1],"3":[1,1],"4":[2,2],"5":[1,1],"6":[1,1],"7":[2,0],"8":[2,1,1,1,1,1],"9":[0,2,0],"10":[1,1],"11":[2,1,1],"12":[1,0],"13":[0,2],"14":[2,0,0,0,0,0,0],"15":[0,3],"16":[3,0],"17":[1,1],"18":[0,1],"19":[1,2,0,2],"20":[1,0],"21":[1,1],"22":[0,0],"23":[0,0],"24":[0,0],"25":[0,0],"26":[0,0],"27":[0,0],"28":[0,0]},"f":{"1":2,"2":2,"3":2,"4":2,"5":2,"6":2,"7":3,"8":3,"9":3,"10":1,"11":6,"12":0},"fnMap":{"1":{"name":"(anonymous_1)","line":26,"loc":{"start":{"line":26,"column":1},"end":{"line":26,"column":13}}},"2":{"name":"(anonymous_2)","line":33,"loc":{"start":{"line":33,"column":5},"end":{"line":33,"column":17}}},"3":{"name":"(anonymous_3)","line":37,"loc":{"start":{"line":37,"column":24},"end":{"line":37,"column":36}}},"4":{"name":"(anonymous_4)","line":69,"loc":{"start":{"line":69,"column":31},"end":{"line":69,"column":48}},"skip":true},"5":{"name":"(anonymous_5)","line":78,"loc":{"start":{"line":78,"column":26},"end":{"line":78,"column":45}},"skip":true},"6":{"name":"(anonymous_6)","line":123,"loc":{"start":{"line":123,"column":33},"end":{"line":123,"column":48}},"skip":true},"7":{"name":"(anonymous_7)","line":125,"loc":{"start":{"line":125,"column":27},"end":{"line":125,"column":39}},"skip":true},"8":{"name":"(anonymous_8)","line":133,"loc":{"start":{"line":133,"column":59},"end":{"line":133,"column":74}},"skip":true},"9":{"name":"(anonymous_9)","line":143,"loc":{"start":{"line":143,"column":45},"end":{"line":143,"column":62}},"skip":true},"10":{"name":"(anonymous_10)","line":144,"loc":{"start":{"line":144,"column":73},"end":{"line":144,"column":92}},"skip":true},"11":{"name":"(anonymous_11)","line":272,"loc":{"start":{"line":272,"column":51},"end":{"line":272,"column":77}},"skip":true},"12":{"name":"(anonymous_12)","line":315,"loc":{"start":{"line":315,"column":32},"end":{"line":315,"column":61}},"skip":true}},"statementMap":{"1":{"start":{"line":26,"column":0},"end":{"line":326,"column":5}},"2":{"start":{"line":28,"column":4},"end":{"line":28,"column":14}},"3":{"start":{"line":33,"column":4},"end":{"line":60,"column":9}},"4":{"start":{"line":35,"column":8},"end":{"line":35,"column":19}},"5":{"start":{"line":37,"column":8},"end":{"line":49,"column":13}},"6":{"start":{"line":38,"column":12},"end":{"line":48,"column":13}},"7":{"start":{"line":39,"column":16},"end":{"line":42,"column":30}},"8":{"start":{"line":44,"column":16},"end":{"line":47,"column":27}},"9":{"start":{"line":51,"column":8},"end":{"line":53,"column":21}},"10":{"start":{"line":55,"column":8},"end":{"line":57,"column":45}},"11":{"start":{"line":59,"column":8},"end":{"line":59,"column":35}},"12":{"start":{"line":61,"column":4},"end":{"line":325,"column":5}},"13":{"start":{"line":69,"column":8},"end":{"line":121,"column":10},"skip":true},"14":{"start":{"line":70,"column":12},"end":{"line":88,"column":13},"skip":true},"15":{"start":{"line":76,"column":16},"end":{"line":87,"column":19},"skip":true},"16":{"start":{"line":79,"column":20},"end":{"line":86,"column":21},"skip":true},"17":{"start":{"line":82,"column":24},"end":{"line":82,"column":43},"skip":true},"18":{"start":{"line":83,"column":24},"end":{"line":83,"column":30},"skip":true},"19":{"start":{"line":85,"column":24},"end":{"line":85,"column":49},"skip":true},"20":{"start":{"line":89,"column":12},"end":{"line":107,"column":13},"skip":true},"21":{"start":{"line":92,"column":16},"end":{"line":102,"column":17},"skip":true},"22":{"start":{"line":93,"column":20},"end":{"line":93,"column":86},"skip":true},"23":{"start":{"line":94,"column":20},"end":{"line":95,"column":45},"skip":true},"24":{"start":{"line":96,"column":20},"end":{"line":96,"column":42},"skip":true},"25":{"start":{"line":97,"column":20},"end":{"line":97,"column":48},"skip":true},"26":{"start":{"line":100,"column":20},"end":{"line":100,"column":85},"skip":true},"27":{"start":{"line":101,"column":20},"end":{"line":101,"column":96},"skip":true},"28":{"start":{"line":103,"column":16},"end":{"line":103,"column":22},"skip":true},"29":{"start":{"line":106,"column":16},"end":{"line":106,"column":22},"skip":true},"30":{"start":{"line":108,"column":12},"end":{"line":120,"column":13},"skip":true},"31":{"start":{"line":114,"column":16},"end":{"line":119,"column":17},"skip":true},"32":{"start":{"line":116,"column":20},"end":{"line":116,"column":78},"skip":true},"33":{"start":{"line":118,"column":20},"end":{"line":118,"column":47},"skip":true},"34":{"start":{"line":123,"column":8},"end":{"line":141,"column":11},"skip":true},"35":{"start":{"line":124,"column":12},"end":{"line":124,"column":54},"skip":true},"36":{"start":{"line":125,"column":12},"end":{"line":140,"column":14},"skip":true},"37":{"start":{"line":126,"column":16},"end":{"line":126,"column":28},"skip":true},"38":{"start":{"line":127,"column":16},"end":{"line":127,"column":69},"skip":true},"39":{"start":{"line":128,"column":16},"end":{"line":128,"column":75},"skip":true},"40":{"start":{"line":129,"column":16},"end":{"line":131,"column":17},"skip":true},"41":{"start":{"line":130,"column":20},"end":{"line":130,"column":27},"skip":true},"42":{"start":{"line":133,"column":16},"end":{"line":137,"column":36},"skip":true},"43":{"start":{"line":134,"column":20},"end":{"line":136,"column":55},"skip":true},"44":{"start":{"line":139,"column":16},"end":{"line":139,"column":57},"skip":true},"45":{"start":{"line":143,"column":8},"end":{"line":147,"column":11},"skip":true},"46":{"start":{"line":144,"column":12},"end":{"line":146,"column":15},"skip":true},"47":{"start":{"line":145,"column":16},"end":{"line":145,"column":70},"skip":true},"48":{"start":{"line":149,"column":8},"end":{"line":149,"column":31},"skip":true},"49":{"start":{"line":150,"column":8},"end":{"line":150,"column":14},"skip":true},"50":{"start":{"line":158,"column":8},"end":{"line":158,"column":31},"skip":true},"51":{"start":{"line":160,"column":8},"end":{"line":160,"column":33},"skip":true},"52":{"start":{"line":161,"column":8},"end":{"line":161,"column":37},"skip":true},"53":{"start":{"line":162,"column":8},"end":{"line":162,"column":35},"skip":true},"54":{"start":{"line":164,"column":8},"end":{"line":164,"column":50},"skip":true},"55":{"start":{"line":166,"column":8},"end":{"line":256,"column":2},"skip":true},"56":{"start":{"line":258,"column":8},"end":{"line":286,"column":9},"skip":true},"57":{"start":{"line":259,"column":12},"end":{"line":269,"column":14},"skip":true},"58":{"start":{"line":271,"column":12},"end":{"line":285,"column":19},"skip":true},"59":{"start":{"line":274,"column":20},"end":{"line":274,"column":35},"skip":true},"60":{"start":{"line":275,"column":20},"end":{"line":284,"column":21},"skip":true},"61":{"start":{"line":277,"column":24},"end":{"line":277,"column":64},"skip":true},"62":{"start":{"line":279,"column":24},"end":{"line":279,"column":40},"skip":true},"63":{"start":{"line":281,"column":24},"end":{"line":281,"column":40},"skip":true},"64":{"start":{"line":283,"column":24},"end":{"line":283,"column":39},"skip":true},"65":{"start":{"line":288,"column":8},"end":{"line":290,"column":9},"skip":true},"66":{"start":{"line":289,"column":12},"end":{"line":289,"column":18},"skip":true},"67":{"start":{"line":291,"column":8},"end":{"line":293,"column":54},"skip":true},"68":{"start":{"line":296,"column":8},"end":{"line":301,"column":37},"skip":true},"69":{"start":{"line":303,"column":8},"end":{"line":303,"column":82},"skip":true},"70":{"start":{"line":306,"column":8},"end":{"line":308,"column":9},"skip":true},"71":{"start":{"line":307,"column":12},"end":{"line":307,"column":82},"skip":true},"72":{"start":{"line":310,"column":8},"end":{"line":312,"column":9},"skip":true},"73":{"start":{"line":311,"column":12},"end":{"line":311,"column":18},"skip":true},"74":{"start":{"line":313,"column":8},"end":{"line":313,"column":54},"skip":true},"75":{"start":{"line":314,"column":8},"end":{"line":314,"column":69},"skip":true},"76":{"start":{"line":315,"column":8},"end":{"line":323,"column":36},"skip":true},"77":{"start":{"line":316,"column":12},"end":{"line":316,"column":61},"skip":true},"78":{"start":{"line":317,"column":12},"end":{"line":320,"column":13},"skip":true},"79":{"start":{"line":318,"column":16},"end":{"line":318,"column":75},"skip":true},"80":{"start":{"line":319,"column":16},"end":{"line":319,"column":23},"skip":true},"81":{"start":{"line":321,"column":12},"end":{"line":321,"column":38},"skip":true},"82":{"start":{"line":322,"column":12},"end":{"line":322,"column":27},"skip":true},"83":{"start":{"line":324,"column":8},"end":{"line":324,"column":14},"skip":true}},"branchMap":{"1":{"line":39,"type":"binary-expr","locations":[{"start":{"line":39,"column":23},"end":{"line":39,"column":62}},{"start":{"line":40,"column":20},"end":{"line":40,"column":70}},{"start":{"line":41,"column":20},"end":{"line":41,"column":71}},{"start":{"line":42,"column":20},"end":{"line":42,"column":29}}]},"2":{"line":44,"type":"binary-expr","locations":[{"start":{"line":44,"column":23},"end":{"line":44,"column":37}},{"start":{"line":45,"column":20},"end":{"line":45,"column":61}},{"start":{"line":46,"column":20},"end":{"line":46,"column":70}},{"start":{"line":47,"column":20},"end":{"line":47,"column":26}}]},"3":{"line":51,"type":"cond-expr","locations":[{"start":{"line":52,"column":14},"end":{"line":52,"column":20}},{"start":{"line":53,"column":14},"end":{"line":53,"column":20}}]},"4":{"line":55,"type":"binary-expr","locations":[{"start":{"line":55,"column":16},"end":{"line":55,"column":44}},{"start":{"line":55,"column":49},"end":{"line":57,"column":43}}]},"5":{"line":55,"type":"cond-expr","locations":[{"start":{"line":56,"column":14},"end":{"line":56,"column":53}},{"start":{"line":57,"column":14},"end":{"line":57,"column":43}}]},"6":{"line":61,"type":"switch","locations":[{"start":{"line":68,"column":4},"end":{"line":150,"column":14},"skip":true},{"start":{"line":156,"column":4},"end":{"line":324,"column":14},"skip":true}]},"7":{"line":70,"type":"if","locations":[{"start":{"line":70,"column":12},"end":{"line":70,"column":12},"skip":true},{"start":{"line":70,"column":12},"end":{"line":70,"column":12},"skip":true}]},"8":{"line":70,"type":"binary-expr","locations":[{"start":{"line":70,"column":16},"end":{"line":70,"column":22},"skip":true},{"start":{"line":70,"column":27},"end":{"line":70,"column":32},"skip":true},{"start":{"line":71,"column":20},"end":{"line":71,"column":39},"skip":true},{"start":{"line":72,"column":20},"end":{"line":72,"column":49},"skip":true},{"start":{"line":73,"column":20},"end":{"line":73,"column":58},"skip":true},{"start":{"line":74,"column":20},"end":{"line":74,"column":69},"skip":true}]},"9":{"line":79,"type":"switch","locations":[{"start":{"line":80,"column":20},"end":{"line":80,"column":33},"skip":true},{"start":{"line":81,"column":20},"end":{"line":83,"column":30},"skip":true},{"start":{"line":84,"column":20},"end":{"line":85,"column":49},"skip":true}]},"10":{"line":89,"type":"switch","locations":[{"start":{"line":90,"column":12},"end":{"line":103,"column":22},"skip":true},{"start":{"line":105,"column":12},"end":{"line":106,"column":22},"skip":true}]},"11":{"line":89,"type":"binary-expr","locations":[{"start":{"line":89,"column":20},"end":{"line":89,"column":25},"skip":true},{"start":{"line":89,"column":29},"end":{"line":89,"column":48},"skip":true},{"start":{"line":89,"column":52},"end":{"line":89,"column":74},"skip":true}]},"12":{"line":92,"type":"if","locations":[{"start":{"line":92,"column":16},"end":{"line":92,"column":16},"skip":true},{"start":{"line":92,"column":16},"end":{"line":92,"column":16},"skip":true}]},"13":{"line":108,"type":"if","locations":[{"start":{"line":108,"column":12},"end":{"line":108,"column":12},"skip":true},{"start":{"line":108,"column":12},"end":{"line":108,"column":12},"skip":true}]},"14":{"line":108,"type":"binary-expr","locations":[{"start":{"line":108,"column":16},"end":{"line":108,"column":61},"skip":true},{"start":{"line":108,"column":66},"end":{"line":108,"column":72},"skip":true},{"start":{"line":108,"column":77},"end":{"line":108,"column":82},"skip":true},{"start":{"line":109,"column":20},"end":{"line":109,"column":39},"skip":true},{"start":{"line":110,"column":20},"end":{"line":110,"column":49},"skip":true},{"start":{"line":111,"column":20},"end":{"line":111,"column":58},"skip":true},{"start":{"line":112,"column":20},"end":{"line":112,"column":68},"skip":true}]},"15":{"line":129,"type":"if","locations":[{"start":{"line":129,"column":16},"end":{"line":129,"column":16},"skip":true},{"start":{"line":129,"column":16},"end":{"line":129,"column":16},"skip":true}]},"16":{"line":134,"type":"cond-expr","locations":[{"start":{"line":135,"column":26},"end":{"line":135,"column":29},"skip":true},{"start":{"line":136,"column":26},"end":{"line":136,"column":54},"skip":true}]},"17":{"line":164,"type":"binary-expr","locations":[{"start":{"line":164,"column":27},"end":{"line":164,"column":43},"skip":true},{"start":{"line":164,"column":47},"end":{"line":164,"column":49},"skip":true}]},"18":{"line":258,"type":"if","locations":[{"start":{"line":258,"column":8},"end":{"line":258,"column":8},"skip":true},{"start":{"line":258,"column":8},"end":{"line":258,"column":8},"skip":true}]},"19":{"line":275,"type":"switch","locations":[{"start":{"line":276,"column":20},"end":{"line":277,"column":64},"skip":true},{"start":{"line":278,"column":20},"end":{"line":279,"column":40},"skip":true},{"start":{"line":280,"column":20},"end":{"line":281,"column":40},"skip":true},{"start":{"line":282,"column":20},"end":{"line":283,"column":39},"skip":true}]},"20":{"line":288,"type":"if","locations":[{"start":{"line":288,"column":8},"end":{"line":288,"column":8},"skip":true},{"start":{"line":288,"column":8},"end":{"line":288,"column":8},"skip":true}]},"21":{"line":288,"type":"binary-expr","locations":[{"start":{"line":288,"column":12},"end":{"line":288,"column":40},"skip":true},{"start":{"line":288,"column":44},"end":{"line":288,"column":67},"skip":true}]},"22":{"line":292,"type":"binary-expr","locations":[{"start":{"line":292,"column":12},"end":{"line":292,"column":50},"skip":true},{"start":{"line":293,"column":12},"end":{"line":293,"column":53},"skip":true}]},"23":{"line":297,"type":"binary-expr","locations":[{"start":{"line":297,"column":12},"end":{"line":297,"column":67},"skip":true},{"start":{"line":298,"column":12},"end":{"line":301,"column":36},"skip":true}]},"24":{"line":303,"type":"binary-expr","locations":[{"start":{"line":303,"column":43},"end":{"line":303,"column":75},"skip":true},{"start":{"line":303,"column":79},"end":{"line":303,"column":81},"skip":true}]},"25":{"line":306,"type":"if","locations":[{"start":{"line":306,"column":8},"end":{"line":306,"column":8},"skip":true},{"start":{"line":306,"column":8},"end":{"line":306,"column":8},"skip":true}]},"26":{"line":310,"type":"if","locations":[{"start":{"line":310,"column":8},"end":{"line":310,"column":8},"skip":true},{"start":{"line":310,"column":8},"end":{"line":310,"column":8},"skip":true}]},"27":{"line":313,"type":"binary-expr","locations":[{"start":{"line":313,"column":27},"end":{"line":313,"column":43},"skip":true},{"start":{"line":313,"column":47},"end":{"line":313,"column":53},"skip":true}]},"28":{"line":317,"type":"if","locations":[{"start":{"line":317,"column":12},"end":{"line":317,"column":12},"skip":true},{"start":{"line":317,"column":12},"end":{"line":317,"column":12},"skip":true}]}},"code":["/*","example.js","","quickstart example","","instruction","    1. save this script as example.js","    2. run the shell command:","        $ npm install npmtest-commander && PORT=8081 node example.js","    3. play with the browser-demo on http://127.0.0.1:8081","*/","","","","/* istanbul instrument in package npmtest_commander */","/*jslint","    bitwise: true,","    browser: true,","    maxerr: 8,","    maxlen: 96,","    node: true,","    nomen: true,","    regexp: true,","    stupid: true","*/","(function () {","    'use strict';","    var local;","","","","    // run shared js-env code - pre-init","    (function () {","        // init local","        local = {};","        // init modeJs","        local.modeJs = (function () {","            try {","                return typeof navigator.userAgent === 'string' &&","                    typeof document.querySelector('body') === 'object' &&","                    typeof XMLHttpRequest.prototype.open === 'function' &&","                    'browser';","            } catch (errorCaughtBrowser) {","                return module.exports &&","                    typeof process.versions.node === 'string' &&","                    typeof require('http').createServer === 'function' &&","                    'node';","            }","        }());","        // init global","        local.global = local.modeJs === 'browser'","            ? window","            : global;","        // init utility2_rollup","        local = local.global.utility2_rollup || (local.modeJs === 'browser'","            ? local.global.utility2_npmtest_commander","            : global.utility2_moduleExports);","        // export local","        local.global.local = local;","    }());","    switch (local.modeJs) {","","","","    // post-init","    // run browser js-env code - post-init","    /* istanbul ignore next */","    case 'browser':","        local.testRunBrowser = function (event) {","            if (!event || (event &&","                    event.currentTarget &&","                    event.currentTarget.className &&","                    event.currentTarget.className.includes &&","                    event.currentTarget.className.includes('onreset'))) {","                // reset output","                Array.from(","                    document.querySelectorAll('body > .resettable')","                ).forEach(function (element) {","                    switch (element.tagName) {","                    case 'INPUT':","                    case 'TEXTAREA':","                        element.value = '';","                        break;","                    default:","                        element.textContent = '';","                    }","                });","            }","            switch (event && event.currentTarget && event.currentTarget.id) {","            case 'testRunButton1':","                // show tests","                if (document.querySelector('#testReportDiv1').style.display === 'none') {","                    document.querySelector('#testReportDiv1').style.display = 'block';","                    document.querySelector('#testRunButton1').textContent =","                        'hide internal test';","                    local.modeTest = true;","                    local.testRunDefault(local);","                // hide tests","                } else {","                    document.querySelector('#testReportDiv1').style.display = 'none';","                    document.querySelector('#testRunButton1').textContent = 'run internal test';","                }","                break;","            // custom-case","            default:","                break;","            }","            if (document.querySelector('#inputTextareaEval1') && (!event || (event &&","                    event.currentTarget &&","                    event.currentTarget.className &&","                    event.currentTarget.className.includes &&","                    event.currentTarget.className.includes('oneval')))) {","                // try to eval input-code","                try {","                    /*jslint evil: true*/","                    eval(document.querySelector('#inputTextareaEval1').value);","                } catch (errorCaught) {","                    console.error(errorCaught);","                }","            }","        };","        // log stderr and stdout to #outputTextareaStdout1","        ['error', 'log'].forEach(function (key) {","            console[key + '_original'] = console[key];","            console[key] = function () {","                var element;","                console[key + '_original'].apply(console, arguments);","                element = document.querySelector('#outputTextareaStdout1');","                if (!element) {","                    return;","                }","                // append text to #outputTextareaStdout1","                element.value += Array.from(arguments).map(function (arg) {","                    return typeof arg === 'string'","                        ? arg","                        : JSON.stringify(arg, null, 4);","                }).join(' ') + '\\n';","                // scroll textarea to bottom","                element.scrollTop = element.scrollHeight;","            };","        });","        // init event-handling","        ['change', 'click', 'keyup'].forEach(function (event) {","            Array.from(document.querySelectorAll('.on' + event)).forEach(function (element) {","                element.addEventListener(event, local.testRunBrowser);","            });","        });","        // run tests","        local.testRunBrowser();","        break;","","","","    // run node js-env code - post-init","    /* istanbul ignore next */","    case 'node':","        // export local","        module.exports = local;","        // require modules","        local.fs = require('fs');","        local.http = require('http');","        local.url = require('url');","        // init assets","        local.assetsDict = local.assetsDict || {};","        /* jslint-ignore-begin */","        local.assetsDict['/assets.index.template.html'] = '\\","<!doctype html>\\n\\","<html lang=\"en\">\\n\\","<head>\\n\\","<meta charset=\"UTF-8\">\\n\\","<meta name=\"viewport\" content=\"width=device-width, initial-scale=1\">\\n\\","<title>{{env.npm_package_name}} (v{{env.npm_package_version}})</title>\\n\\","<style>\\n\\","/*csslint\\n\\","    box-sizing: false,\\n\\","    universal-selector: false\\n\\","*/\\n\\","* {\\n\\","    box-sizing: border-box;\\n\\","}\\n\\","body {\\n\\","    background: #dde;\\n\\","    font-family: Arial, Helvetica, sans-serif;\\n\\","    margin: 2rem;\\n\\","}\\n\\","body > * {\\n\\","    margin-bottom: 1rem;\\n\\","}\\n\\",".utility2FooterDiv {\\n\\","    margin-top: 20px;\\n\\","    text-align: center;\\n\\","}\\n\\","</style>\\n\\","<style>\\n\\","/*csslint\\n\\","*/\\n\\","textarea {\\n\\","    font-family: monospace;\\n\\","    height: 10rem;\\n\\","    width: 100%;\\n\\","}\\n\\","textarea[readonly] {\\n\\","    background: #ddd;\\n\\","}\\n\\","</style>\\n\\","</head>\\n\\","<body>\\n\\","<!-- utility2-comment\\n\\","<div id=\"ajaxProgressDiv1\" style=\"background: #d00; height: 2px; left: 0; margin: 0; padding: 0; position: fixed; top: 0; transition: background 0.5s, width 1.5s; width: 25%;\"></div>\\n\\","utility2-comment -->\\n\\","<h1>\\n\\","<!-- utility2-comment\\n\\","    <a\\n\\","        {{#if env.npm_package_homepage}}\\n\\","        href=\"{{env.npm_package_homepage}}\"\\n\\","        {{/if env.npm_package_homepage}}\\n\\","        target=\"_blank\"\\n\\","    >\\n\\","utility2-comment -->\\n\\","        {{env.npm_package_name}} (v{{env.npm_package_version}})\\n\\","<!-- utility2-comment\\n\\","    </a>\\n\\","utility2-comment -->\\n\\","</h1>\\n\\","<h3>{{env.npm_package_description}}</h3>\\n\\","<!-- utility2-comment\\n\\","<h4><a download href=\"assets.app.js\">download standalone app</a></h4>\\n\\","<button class=\"onclick onreset\" id=\"testRunButton1\">run internal test</button><br>\\n\\","<div id=\"testReportDiv1\" style=\"display: none;\"></div>\\n\\","utility2-comment -->\\n\\","\\n\\","\\n\\","\\n\\","<label>stderr and stdout</label>\\n\\","<textarea class=\"resettable\" id=\"outputTextareaStdout1\" readonly></textarea>\\n\\","<!-- utility2-comment\\n\\","{{#if isRollup}}\\n\\","<script src=\"assets.app.js\"></script>\\n\\","{{#unless isRollup}}\\n\\","utility2-comment -->\\n\\","<script src=\"assets.utility2.rollup.js\"></script>\\n\\","<script src=\"jsonp.utility2._stateInit?callback=window.utility2._stateInit\"></script>\\n\\","<script src=\"assets.npmtest_commander.rollup.js\"></script>\\n\\","<script src=\"assets.example.js\"></script>\\n\\","<script src=\"assets.test.js\"></script>\\n\\","<!-- utility2-comment\\n\\","{{/if isRollup}}\\n\\","utility2-comment -->\\n\\","<div class=\"utility2FooterDiv\">\\n\\","    [ this app was created with\\n\\","    <a href=\"https://github.com/kaizhu256/node-utility2\" target=\"_blank\">utility2</a>\\n\\","    ]\\n\\","</div>\\n\\","</body>\\n\\","</html>\\n\\","';","        /* jslint-ignore-end */","        if (local.templateRender) {","            local.assetsDict['/'] = local.templateRender(","                local.assetsDict['/assets.index.template.html'],","                {","                    env: local.objectSetDefault(local.env, {","                        npm_package_description: 'the greatest app in the world!',","                        npm_package_name: 'my-app',","                        npm_package_nameAlias: 'my_app',","                        npm_package_version: '0.0.1'","                    })","                }","            );","        } else {","            local.assetsDict['/'] = local.assetsDict['/assets.index.template.html']","                .replace((/\\{\\{env\\.(\\w+?)\\}\\}/g), function (match0, match1) {","                    // jslint-hack","                    String(match0);","                    switch (match1) {","                    case 'npm_package_description':","                        return 'the greatest app in the world!';","                    case 'npm_package_name':","                        return 'my-app';","                    case 'npm_package_nameAlias':","                        return 'my_app';","                    case 'npm_package_version':","                        return '0.0.1';","                    }","                });","        }","        // run the cli","        if (local.global.utility2_rollup || module !== require.main) {","            break;","        }","        local.assetsDict['/assets.example.js'] =","            local.assetsDict['/assets.example.js'] ||","            local.fs.readFileSync(__filename, 'utf8');","        // bug-workaround - long $npm_package_buildCustomOrg","        /* jslint-ignore-begin */","        local.assetsDict['/assets.npmtest_commander.rollup.js'] =","            local.assetsDict['/assets.npmtest_commander.rollup.js'] ||","            local.fs.readFileSync(","                local.npmtest_commander.__dirname + '/lib.npmtest_commander.js',","                'utf8'","            ).replace((/^#!/), '//');","        /* jslint-ignore-end */","        local.assetsDict['/favicon.ico'] = local.assetsDict['/favicon.ico'] || '';","        // if $npm_config_timeout_exit exists,","        // then exit this process after $npm_config_timeout_exit ms","        if (Number(process.env.npm_config_timeout_exit)) {","            setTimeout(process.exit, Number(process.env.npm_config_timeout_exit));","        }","        // start server","        if (local.global.utility2_serverHttp1) {","            break;","        }","        process.env.PORT = process.env.PORT || '8081';","        console.error('server starting on port ' + process.env.PORT);","        local.http.createServer(function (request, response) {","            request.urlParsed = local.url.parse(request.url);","            if (local.assetsDict[request.urlParsed.pathname] !== undefined) {","                response.end(local.assetsDict[request.urlParsed.pathname]);","                return;","            }","            response.statusCode = 404;","            response.end();","        }).listen(process.env.PORT);","        break;","    }","}());",""],"l":{"26":2,"28":2,"33":2,"35":2,"37":2,"38":2,"39":2,"44":1,"51":2,"55":2,"59":2,"61":2,"69":1,"70":2,"76":2,"79":2,"82":2,"83":2,"85":1,"89":2,"92":1,"93":1,"94":1,"96":1,"97":1,"100":1,"101":1,"103":1,"106":1,"108":2,"114":1,"116":1,"118":1,"123":1,"124":2,"125":2,"126":3,"127":3,"128":3,"129":3,"130":1,"133":3,"134":3,"139":3,"143":1,"144":3,"145":1,"149":1,"150":1,"158":1,"160":1,"161":1,"162":1,"164":1,"166":1,"258":1,"259":1,"271":1,"274":6,"275":6,"277":1,"279":2,"281":1,"283":2,"288":1,"289":1,"291":1,"296":1,"303":1,"306":1,"307":1,"310":1,"311":1,"313":1,"314":1,"315":1,"316":1,"317":1,"318":1,"319":1,"321":1,"322":1,"324":1}},"/home/travis/build/npmtest/node-npmtest-commander/node_modules/commander/index.js":{"path":"/home/travis/build/npmtest/node-npmtest-commander/node_modules/commander/index.js","s":{"1":1,"2":1,"3":1,"4":1,"5":1,"6":1,"7":1,"8":1,"9":1,"10":1,"11":1,"12":0,"13":0,"14":0,"15":0,"16":0,"17":0,"18":0,"19":0,"20":0,"21":1,"22":0,"23":1,"24":0,"25":1,"26":1,"27":1,"28":1,"29":1,"30":1,"31":1,"32":1,"33":1,"34":0,"35":0,"36":0,"37":0,"38":0,"39":0,"40":0,"41":0,"42":0,"43":0,"44":0,"45":0,"46":0,"47":0,"48":0,"49":0,"50":1,"51":0,"52":1,"53":0,"54":1,"55":0,"56":0,"57":0,"58":0,"59":0,"60":0,"61":0,"62":0,"63":0,"64":0,"65":0,"66":0,"67":0,"68":0,"69":0,"70":0,"71":0,"72":1,"73":0,"74":0,"75":0,"76":0,"77":0,"78":0,"79":0,"80":0,"81":0,"82":0,"83":0,"84":0,"85":0,"86":0,"87":0,"88":0,"89":0,"90":0,"91":0,"92":0,"93":0,"94":0,"95":0,"96":0,"97":0,"98":0,"99":0,"100":1,"101":0,"102":0,"103":0,"104":0,"105":0,"106":0,"107":0,"108":0,"109":0,"110":0,"111":0,"112":0,"113":0,"114":0,"115":0,"116":0,"117":0,"118":0,"119":0,"120":0,"121":0,"122":0,"123":0,"124":0,"125":0,"126":1,"127":0,"128":0,"129":1,"130":0,"131":0,"132":0,"133":0,"134":0,"135":0,"136":0,"137":0,"138":0,"139":0,"140":0,"141":0,"142":0,"143":0,"144":0,"145":0,"146":1,"147":0,"148":0,"149":0,"150":0,"151":0,"152":0,"153":0,"154":0,"155":0,"156":0,"157":0,"158":0,"159":0,"160":0,"161":0,"162":0,"163":0,"164":0,"165":0,"166":0,"167":0,"168":0,"169":0,"170":0,"171":0,"172":0,"173":0,"174":0,"175":0,"176":0,"177":0,"178":0,"179":0,"180":0,"181":0,"182":0,"183":0,"184":0,"185":0,"186":1,"187":0,"188":0,"189":0,"190":0,"191":0,"192":0,"193":0,"194":0,"195":0,"196":0,"197":0,"198":0,"199":0,"200":0,"201":0,"202":0,"203":0,"204":1,"205":0,"206":0,"207":0,"208":0,"209":0,"210":0,"211":0,"212":0,"213":0,"214":0,"215":1,"216":0,"217":0,"218":0,"219":1,"220":0,"221":0,"222":0,"223":0,"224":0,"225":0,"226":0,"227":0,"228":0,"229":0,"230":0,"231":0,"232":0,"233":0,"234":0,"235":0,"236":0,"237":0,"238":0,"239":0,"240":0,"241":0,"242":0,"243":0,"244":0,"245":0,"246":0,"247":0,"248":0,"249":0,"250":0,"251":0,"252":1,"253":0,"254":0,"255":0,"256":0,"257":0,"258":1,"259":0,"260":0,"261":0,"262":0,"263":1,"264":0,"265":0,"266":0,"267":0,"268":0,"269":0,"270":1,"271":0,"272":0,"273":0,"274":0,"275":0,"276":0,"277":1,"278":0,"279":0,"280":0,"281":0,"282":1,"283":0,"284":0,"285":0,"286":0,"287":0,"288":0,"289":0,"290":0,"291":0,"292":1,"293":0,"294":0,"295":0,"296":0,"297":1,"298":0,"299":0,"300":0,"301":0,"302":1,"303":0,"304":0,"305":0,"306":0,"307":0,"308":0,"309":0,"310":1,"311":0,"312":1,"313":0,"314":0,"315":1,"316":0,"317":0,"318":0,"319":1,"320":0,"321":0,"322":0,"323":0,"324":0,"325":0,"326":0,"327":0,"328":0,"329":0,"330":0,"331":0,"332":1,"333":0,"334":0,"335":0,"336":0,"337":0,"338":0,"339":0,"340":0,"341":0,"342":0,"343":0,"344":0,"345":0,"346":1,"347":0,"348":0,"349":0,"350":0,"351":0,"352":1,"353":0,"354":0,"355":1,"356":0,"357":0,"358":1,"359":0,"360":0,"361":1,"362":0,"363":0,"364":0,"365":0,"366":0,"367":1,"368":0,"369":0,"370":1,"371":0,"372":0,"373":0,"374":0},"b":{"1":[0,0],"2":[0,0],"3":[0,0],"4":[0,0],"5":[1,1],"6":[0,0],"7":[0,0],"8":[0,0],"9":[0,0],"10":[0,0],"11":[0,0],"12":[0,0],"13":[0,0],"14":[0,0],"15":[0,0],"16":[0,0],"17":[0,0],"18":[0,0],"19":[0,0],"20":[0,0],"21":[0,0],"22":[0,0],"23":[0,0],"24":[0,0],"25":[0,0],"26":[0,0],"27":[0,0],"28":[0,0],"29":[0,0],"30":[0,0],"31":[0,0,0],"32":[0,0],"33":[0,0],"34":[0,0],"35":[0,0],"36":[0,0],"37":[0,0],"38":[0,0],"39":[0,0],"40":[0,0],"41":[0,0],"42":[0,0],"43":[0,0],"44":[0,0],"45":[0,0],"46":[0,0],"47":[0,0,0],"48":[0,0],"49":[0,0],"50":[0,0],"51":[0,0],"52":[0,0],"53":[0,0],"54":[0,0],"55":[0,0],"56":[0,0],"57":[0,0],"58":[0,0],"59":[0,0],"60":[0,0],"61":[0,0],"62":[0,0],"63":[0,0],"64":[0,0],"65":[0,0],"66":[0,0],"67":[0,0],"68":[0,0],"69":[0,0,0],"70":[0,0],"71":[0,0],"72":[0,0],"73":[0,0],"74":[0,0],"75":[0,0],"76":[0,0],"77":[0,0],"78":[0,0],"79":[0,0],"80":[0,0],"81":[0,0],"82":[0,0],"83":[0,0,0],"84":[0,0],"85":[0,0],"86":[0,0],"87":[0,0],"88":[0,0],"89":[0,0],"90":[0,0],"91":[0,0],"92":[0,0],"93":[0,0],"94":[0,0],"95":[0,0],"96":[0,0],"97":[0,0],"98":[0,0],"99":[0,0],"100":[0,0],"101":[0,0],"102":[0,0],"103":[0,0],"104":[0,0],"105":[0,0],"106":[0,0],"107":[0,0],"108":[0,0],"109":[0,0],"110":[0,0],"111":[0,0],"112":[0,0]},"f":{"1":0,"2":0,"3":0,"4":1,"5":0,"6":0,"7":0,"8":0,"9":0,"10":0,"11":0,"12":0,"13":0,"14":0,"15":0,"16":0,"17":0,"18":0,"19":0,"20":0,"21":0,"22":0,"23":0,"24":0,"25":0,"26":0,"27":0,"28":0,"29":0,"30":0,"31":0,"32":0,"33":0,"34":0,"35":0,"36":0,"37":0,"38":0,"39":0,"40":0,"41":0,"42":0,"43":0,"44":0,"45":0,"46":0,"47":0,"48":0,"49":0,"50":0,"51":0,"52":0,"53":0,"54":0,"55":0,"56":0},"fnMap":{"1":{"name":"Option","line":39,"loc":{"start":{"line":39,"column":0},"end":{"line":39,"column":36}}},"2":{"name":"(anonymous_2)","line":57,"loc":{"start":{"line":57,"column":24},"end":{"line":57,"column":35}}},"3":{"name":"(anonymous_3)","line":71,"loc":{"start":{"line":71,"column":22},"end":{"line":71,"column":36}}},"4":{"name":"Command","line":82,"loc":{"start":{"line":82,"column":0},"end":{"line":82,"column":23}}},"5":{"name":"(anonymous_5)","line":158,"loc":{"start":{"line":158,"column":28},"end":{"line":158,"column":55}}},"6":{"name":"(anonymous_6)","line":185,"loc":{"start":{"line":185,"column":30},"end":{"line":185,"column":46}}},"7":{"name":"(anonymous_7)","line":196,"loc":{"start":{"line":196,"column":43},"end":{"line":196,"column":54}}},"8":{"name":"(anonymous_8)","line":210,"loc":{"start":{"line":210,"column":38},"end":{"line":210,"column":53}}},"9":{"name":"(anonymous_9)","line":213,"loc":{"start":{"line":213,"column":15},"end":{"line":213,"column":29}}},"10":{"name":"(anonymous_10)","line":258,"loc":{"start":{"line":258,"column":27},"end":{"line":258,"column":40}}},"11":{"name":"(anonymous_11)","line":260,"loc":{"start":{"line":260,"column":17},"end":{"line":260,"column":41}}},"12":{"name":"(anonymous_12)","line":280,"loc":{"start":{"line":280,"column":23},"end":{"line":280,"column":40}}},"13":{"name":"(anonymous_13)","line":359,"loc":{"start":{"line":359,"column":27},"end":{"line":359,"column":74}}},"14":{"name":"(anonymous_14)","line":369,"loc":{"start":{"line":369,"column":11},"end":{"line":369,"column":30}}},"15":{"name":"(anonymous_15)","line":393,"loc":{"start":{"line":393,"column":17},"end":{"line":393,"column":31}}},"16":{"name":"(anonymous_16)","line":425,"loc":{"start":{"line":425,"column":39},"end":{"line":425,"column":53}}},"17":{"name":"(anonymous_17)","line":438,"loc":{"start":{"line":438,"column":26},"end":{"line":438,"column":41}}},"18":{"name":"(anonymous_18)","line":482,"loc":{"start":{"line":482,"column":38},"end":{"line":482,"column":68}}},"19":{"name":"(anonymous_19)","line":542,"loc":{"start":{"line":542,"column":19},"end":{"line":542,"column":33}}},"20":{"name":"(anonymous_20)","line":565,"loc":{"start":{"line":565,"column":30},"end":{"line":565,"column":45}}},"21":{"name":"(anonymous_21)","line":584,"loc":{"start":{"line":584,"column":37},"end":{"line":584,"column":49}}},"22":{"name":"(anonymous_22)","line":609,"loc":{"start":{"line":609,"column":30},"end":{"line":609,"column":54}}},"23":{"name":"(anonymous_23)","line":640,"loc":{"start":{"line":640,"column":30},"end":{"line":640,"column":44}}},"24":{"name":"(anonymous_24)","line":657,"loc":{"start":{"line":657,"column":33},"end":{"line":657,"column":48}}},"25":{"name":"(anonymous_25)","line":733,"loc":{"start":{"line":733,"column":25},"end":{"line":733,"column":36}}},"26":{"name":"(anonymous_26)","line":751,"loc":{"start":{"line":751,"column":36},"end":{"line":751,"column":51}}},"27":{"name":"(anonymous_27)","line":766,"loc":{"start":{"line":766,"column":42},"end":{"line":766,"column":65}}},"28":{"name":"(anonymous_28)","line":784,"loc":{"start":{"line":784,"column":34},"end":{"line":784,"column":49}}},"29":{"name":"(anonymous_29)","line":799,"loc":{"start":{"line":799,"column":39},"end":{"line":799,"column":54}}},"30":{"name":"(anonymous_30)","line":818,"loc":{"start":{"line":818,"column":28},"end":{"line":818,"column":49}}},"31":{"name":"(anonymous_31)","line":823,"loc":{"start":{"line":823,"column":21},"end":{"line":823,"column":32}}},"32":{"name":"(anonymous_32)","line":838,"loc":{"start":{"line":838,"column":32},"end":{"line":838,"column":46}}},"33":{"name":"(anonymous_33)","line":852,"loc":{"start":{"line":852,"column":26},"end":{"line":852,"column":42}}},"34":{"name":"(anonymous_34)","line":866,"loc":{"start":{"line":866,"column":26},"end":{"line":866,"column":40}}},"35":{"name":"(anonymous_35)","line":867,"loc":{"start":{"line":867,"column":28},"end":{"line":867,"column":42}}},"36":{"name":"(anonymous_36)","line":889,"loc":{"start":{"line":889,"column":25},"end":{"line":889,"column":36}}},"37":{"name":"(anonymous_37)","line":900,"loc":{"start":{"line":900,"column":40},"end":{"line":900,"column":51}}},"38":{"name":"(anonymous_38)","line":901,"loc":{"start":{"line":901,"column":29},"end":{"line":901,"column":51}}},"39":{"name":"(anonymous_39)","line":913,"loc":{"start":{"line":913,"column":31},"end":{"line":913,"column":42}}},"40":{"name":"(anonymous_40)","line":918,"loc":{"start":{"line":918,"column":31},"end":{"line":918,"column":48}}},"41":{"name":"(anonymous_41)","line":931,"loc":{"start":{"line":931,"column":32},"end":{"line":931,"column":43}}},"42":{"name":"(anonymous_42)","line":934,"loc":{"start":{"line":934,"column":38},"end":{"line":934,"column":52}}},"43":{"name":"(anonymous_43)","line":936,"loc":{"start":{"line":936,"column":9},"end":{"line":936,"column":23}}},"44":{"name":"(anonymous_44)","line":937,"loc":{"start":{"line":937,"column":29},"end":{"line":937,"column":43}}},"45":{"name":"(anonymous_45)","line":950,"loc":{"start":{"line":950,"column":30},"end":{"line":950,"column":53}}},"46":{"name":"(anonymous_46)","line":958,"loc":{"start":{"line":958,"column":19},"end":{"line":958,"column":33}}},"47":{"name":"(anonymous_47)","line":973,"loc":{"start":{"line":973,"column":36},"end":{"line":973,"column":47}}},"48":{"name":"(anonymous_48)","line":1017,"loc":{"start":{"line":1017,"column":31},"end":{"line":1017,"column":44}}},"49":{"name":"(anonymous_49)","line":1019,"loc":{"start":{"line":1019,"column":9},"end":{"line":1019,"column":28}}},"50":{"name":"(anonymous_50)","line":1033,"loc":{"start":{"line":1033,"column":25},"end":{"line":1033,"column":38}}},"51":{"name":"camelcase","line":1046,"loc":{"start":{"line":1046,"column":0},"end":{"line":1046,"column":25}}},"52":{"name":"(anonymous_52)","line":1047,"loc":{"start":{"line":1047,"column":32},"end":{"line":1047,"column":52}}},"53":{"name":"pad","line":1061,"loc":{"start":{"line":1061,"column":0},"end":{"line":1061,"column":25}}},"54":{"name":"outputHelpIfNecessary","line":1074,"loc":{"start":{"line":1074,"column":0},"end":{"line":1074,"column":45}}},"55":{"name":"humanReadableArgName","line":1092,"loc":{"start":{"line":1092,"column":0},"end":{"line":1092,"column":35}}},"56":{"name":"exists","line":1101,"loc":{"start":{"line":1101,"column":0},"end":{"line":1101,"column":22}}}},"statementMap":{"1":{"start":{"line":5,"column":0},"end":{"line":5,"column":50}},"2":{"start":{"line":6,"column":0},"end":{"line":6,"column":43}},"3":{"start":{"line":7,"column":0},"end":{"line":7,"column":57}},"4":{"start":{"line":8,"column":0},"end":{"line":8,"column":27}},"5":{"start":{"line":9,"column":0},"end":{"line":9,"column":27}},"6":{"start":{"line":10,"column":0},"end":{"line":10,"column":29}},"7":{"start":{"line":11,"column":0},"end":{"line":11,"column":23}},"8":{"start":{"line":17,"column":0},"end":{"line":17,"column":41}},"9":{"start":{"line":23,"column":0},"end":{"line":23,"column":26}},"10":{"start":{"line":29,"column":0},"end":{"line":29,"column":24}},"11":{"start":{"line":39,"column":0},"end":{"line":48,"column":1}},"12":{"start":{"line":40,"column":2},"end":{"line":40,"column":21}},"13":{"start":{"line":41,"column":2},"end":{"line":41,"column":38}},"14":{"start":{"line":42,"column":2},"end":{"line":42,"column":38}},"15":{"start":{"line":43,"column":2},"end":{"line":43,"column":38}},"16":{"start":{"line":44,"column":2},"end":{"line":44,"column":32}},"17":{"start":{"line":45,"column":2},"end":{"line":45,"column":78}},"18":{"start":{"line":45,"column":51},"end":{"line":45,"column":78}},"19":{"start":{"line":46,"column":2},"end":{"line":46,"column":28}},"20":{"start":{"line":47,"column":2},"end":{"line":47,"column":39}},"21":{"start":{"line":57,"column":0},"end":{"line":61,"column":2}},"22":{"start":{"line":58,"column":2},"end":{"line":60,"column":24}},"23":{"start":{"line":71,"column":0},"end":{"line":73,"column":2}},"24":{"start":{"line":72,"column":2},"end":{"line":72,"column":47}},"25":{"start":{"line":82,"column":0},"end":{"line":89,"column":1}},"26":{"start":{"line":83,"column":2},"end":{"line":83,"column":21}},"27":{"start":{"line":84,"column":2},"end":{"line":84,"column":20}},"28":{"start":{"line":85,"column":2},"end":{"line":85,"column":19}},"29":{"start":{"line":86,"column":2},"end":{"line":86,"column":35}},"30":{"start":{"line":87,"column":2},"end":{"line":87,"column":18}},"31":{"start":{"line":88,"column":2},"end":{"line":88,"column":26}},"32":{"start":{"line":95,"column":0},"end":{"line":95,"column":53}},"33":{"start":{"line":158,"column":0},"end":{"line":177,"column":2}},"34":{"start":{"line":159,"column":2},"end":{"line":159,"column":20}},"35":{"start":{"line":160,"column":2},"end":{"line":160,"column":30}},"36":{"start":{"line":161,"column":2},"end":{"line":161,"column":38}},"37":{"start":{"line":163,"column":2},"end":{"line":168,"column":3}},"38":{"start":{"line":164,"column":4},"end":{"line":164,"column":26}},"39":{"start":{"line":165,"column":4},"end":{"line":165,"column":28}},"40":{"start":{"line":166,"column":4},"end":{"line":166,"column":34}},"41":{"start":{"line":167,"column":4},"end":{"line":167,"column":59}},"42":{"start":{"line":167,"column":24},"end":{"line":167,"column":59}},"43":{"start":{"line":170,"column":2},"end":{"line":170,"column":30}},"44":{"start":{"line":171,"column":2},"end":{"line":171,"column":26}},"45":{"start":{"line":172,"column":2},"end":{"line":172,"column":30}},"46":{"start":{"line":173,"column":2},"end":{"line":173,"column":20}},"47":{"start":{"line":175,"column":2},"end":{"line":175,"column":24}},"48":{"start":{"line":175,"column":12},"end":{"line":175,"column":24}},"49":{"start":{"line":176,"column":2},"end":{"line":176,"column":13}},"50":{"start":{"line":185,"column":0},"end":{"line":187,"column":2}},"51":{"start":{"line":186,"column":2},"end":{"line":186,"column":50}},"52":{"start":{"line":196,"column":0},"end":{"line":198,"column":2}},"53":{"start":{"line":197,"column":2},"end":{"line":197,"column":55}},"54":{"start":{"line":210,"column":0},"end":{"line":239,"column":2}},"55":{"start":{"line":211,"column":2},"end":{"line":211,"column":27}},"56":{"start":{"line":211,"column":20},"end":{"line":211,"column":27}},"57":{"start":{"line":212,"column":2},"end":{"line":212,"column":18}},"58":{"start":{"line":213,"column":2},"end":{"line":237,"column":5}},"59":{"start":{"line":214,"column":4},"end":{"line":218,"column":6}},"60":{"start":{"line":220,"column":4},"end":{"line":228,"column":5}},"61":{"start":{"line":222,"column":8},"end":{"line":222,"column":35}},"62":{"start":{"line":223,"column":8},"end":{"line":223,"column":43}},"63":{"start":{"line":224,"column":8},"end":{"line":224,"column":14}},"64":{"start":{"line":226,"column":8},"end":{"line":226,"column":43}},"65":{"start":{"line":227,"column":8},"end":{"line":227,"column":14}},"66":{"start":{"line":230,"column":4},"end":{"line":233,"column":5}},"67":{"start":{"line":231,"column":6},"end":{"line":231,"column":33}},"68":{"start":{"line":232,"column":6},"end":{"line":232,"column":53}},"69":{"start":{"line":234,"column":4},"end":{"line":236,"column":5}},"70":{"start":{"line":235,"column":6},"end":{"line":235,"column":34}},"71":{"start":{"line":238,"column":2},"end":{"line":238,"column":14}},"72":{"start":{"line":258,"column":0},"end":{"line":308,"column":2}},"73":{"start":{"line":259,"column":2},"end":{"line":259,"column":18}},"74":{"start":{"line":260,"column":2},"end":{"line":302,"column":4}},"75":{"start":{"line":262,"column":4},"end":{"line":262,"column":22}},"76":{"start":{"line":263,"column":4},"end":{"line":263,"column":28}},"77":{"start":{"line":265,"column":4},"end":{"line":265,"column":44}},"78":{"start":{"line":268,"column":4},"end":{"line":268,"column":48}},"79":{"start":{"line":273,"column":4},"end":{"line":275,"column":5}},"80":{"start":{"line":274,"column":6},"end":{"line":274,"column":44}},"81":{"start":{"line":278,"column":4},"end":{"line":278,"column":60}},"82":{"start":{"line":278,"column":28},"end":{"line":278,"column":60}},"83":{"start":{"line":280,"column":4},"end":{"line":290,"column":7}},"84":{"start":{"line":281,"column":6},"end":{"line":289,"column":7}},"85":{"start":{"line":282,"column":8},"end":{"line":282,"column":39}},"86":{"start":{"line":283,"column":13},"end":{"line":289,"column":7}},"87":{"start":{"line":284,"column":8},"end":{"line":286,"column":9}},"88":{"start":{"line":285,"column":10},"end":{"line":285,"column":44}},"89":{"start":{"line":288,"column":8},"end":{"line":288,"column":33}},"90":{"start":{"line":295,"column":4},"end":{"line":299,"column":5}},"91":{"start":{"line":296,"column":6},"end":{"line":296,"column":37}},"92":{"start":{"line":298,"column":6},"end":{"line":298,"column":22}},"93":{"start":{"line":301,"column":4},"end":{"line":301,"column":25}},"94":{"start":{"line":303,"column":2},"end":{"line":303,"column":35}},"95":{"start":{"line":304,"column":2},"end":{"line":304,"column":48}},"96":{"start":{"line":305,"column":2},"end":{"line":305,"column":28}},"97":{"start":{"line":306,"column":2},"end":{"line":306,"column":52}},"98":{"start":{"line":306,"column":19},"end":{"line":306,"column":52}},"99":{"start":{"line":307,"column":2},"end":{"line":307,"column":14}},"100":{"start":{"line":359,"column":0},"end":{"line":416,"column":2}},"101":{"start":{"line":360,"column":2},"end":{"line":363,"column":30}},"102":{"start":{"line":366,"column":2},"end":{"line":378,"column":3}},"103":{"start":{"line":367,"column":4},"end":{"line":377,"column":5}},"104":{"start":{"line":368,"column":6},"end":{"line":368,"column":21}},"105":{"start":{"line":369,"column":6},"end":{"line":372,"column":7}},"106":{"start":{"line":370,"column":8},"end":{"line":370,"column":32}},"107":{"start":{"line":371,"column":8},"end":{"line":371,"column":30}},"108":{"start":{"line":375,"column":6},"end":{"line":375,"column":24}},"109":{"start":{"line":376,"column":6},"end":{"line":376,"column":16}},"110":{"start":{"line":381,"column":2},"end":{"line":386,"column":3}},"111":{"start":{"line":383,"column":4},"end":{"line":383,"column":50}},"112":{"start":{"line":383,"column":30},"end":{"line":383,"column":50}},"113":{"start":{"line":385,"column":4},"end":{"line":385,"column":62}},"114":{"start":{"line":385,"column":36},"end":{"line":385,"column":62}},"115":{"start":{"line":389,"column":2},"end":{"line":389,"column":28}},"116":{"start":{"line":393,"column":2},"end":{"line":413,"column":5}},"117":{"start":{"line":395,"column":4},"end":{"line":397,"column":20}},"118":{"start":{"line":395,"column":28},"end":{"line":397,"column":20}},"119":{"start":{"line":400,"column":4},"end":{"line":412,"column":5}},"120":{"start":{"line":402,"column":6},"end":{"line":408,"column":7}},"121":{"start":{"line":403,"column":8},"end":{"line":405,"column":18}},"122":{"start":{"line":407,"column":8},"end":{"line":407,"column":25}},"123":{"start":{"line":409,"column":11},"end":{"line":412,"column":5}},"124":{"start":{"line":411,"column":6},"end":{"line":411,"column":23}},"125":{"start":{"line":415,"column":2},"end":{"line":415,"column":14}},"126":{"start":{"line":425,"column":0},"end":{"line":428,"column":2}},"127":{"start":{"line":426,"column":4},"end":{"line":426,"column":61}},"128":{"start":{"line":427,"column":4},"end":{"line":427,"column":16}},"129":{"start":{"line":438,"column":0},"end":{"line":471,"column":2}},"130":{"start":{"line":440,"column":2},"end":{"line":440,"column":54}},"131":{"start":{"line":440,"column":24},"end":{"line":440,"column":54}},"132":{"start":{"line":443,"column":2},"end":{"line":443,"column":22}},"133":{"start":{"line":446,"column":2},"end":{"line":446,"column":54}},"134":{"start":{"line":449,"column":2},"end":{"line":452,"column":3}},"135":{"start":{"line":451,"column":4},"end":{"line":451,"column":24}},"136":{"start":{"line":455,"column":2},"end":{"line":455,"column":64}},"137":{"start":{"line":456,"column":2},"end":{"line":456,"column":37}},"138":{"start":{"line":458,"column":2},"end":{"line":458,"column":57}},"139":{"start":{"line":461,"column":2},"end":{"line":461,"column":28}},"140":{"start":{"line":462,"column":2},"end":{"line":468,"column":3}},"141":{"start":{"line":463,"column":4},"end":{"line":463,"column":62}},"142":{"start":{"line":464,"column":9},"end":{"line":468,"column":3}},"143":{"start":{"line":466,"column":4},"end":{"line":466,"column":48}},"144":{"start":{"line":467,"column":4},"end":{"line":467,"column":62}},"145":{"start":{"line":470,"column":2},"end":{"line":470,"column":16}},"146":{"start":{"line":482,"column":0},"end":{"line":553,"column":2}},"147":{"start":{"line":483,"column":2},"end":{"line":483,"column":30}},"148":{"start":{"line":485,"column":2},"end":{"line":485,"column":32}},"149":{"start":{"line":485,"column":20},"end":{"line":485,"column":32}},"150":{"start":{"line":486,"column":2},"end":{"line":486,"column":57}},"151":{"start":{"line":486,"column":45},"end":{"line":486,"column":57}},"152":{"start":{"line":489,"column":2},"end":{"line":492,"column":3}},"153":{"start":{"line":490,"column":4},"end":{"line":490,"column":22}},"154":{"start":{"line":491,"column":4},"end":{"line":491,"column":23}},"155":{"start":{"line":495,"column":2},"end":{"line":495,"column":18}},"156":{"start":{"line":497,"column":2},"end":{"line":497,"column":47}},"157":{"start":{"line":502,"column":2},"end":{"line":503,"column":25}},"158":{"start":{"line":506,"column":2},"end":{"line":508,"column":3}},"159":{"start":{"line":507,"column":4},"end":{"line":507,"column":38}},"160":{"start":{"line":509,"column":2},"end":{"line":509,"column":26}},"161":{"start":{"line":512,"column":2},"end":{"line":512,"column":41}},"162":{"start":{"line":515,"column":2},"end":{"line":515,"column":27}},"163":{"start":{"line":516,"column":2},"end":{"line":521,"column":3}},"164":{"start":{"line":517,"column":4},"end":{"line":517,"column":27}},"165":{"start":{"line":518,"column":4},"end":{"line":518,"column":24}},"166":{"start":{"line":519,"column":9},"end":{"line":521,"column":3}},"167":{"start":{"line":520,"column":4},"end":{"line":520,"column":19}},"168":{"start":{"line":523,"column":2},"end":{"line":523,"column":23}},"169":{"start":{"line":525,"column":2},"end":{"line":525,"column":11}},"170":{"start":{"line":526,"column":2},"end":{"line":539,"column":3}},"171":{"start":{"line":527,"column":4},"end":{"line":535,"column":5}},"172":{"start":{"line":528,"column":6},"end":{"line":528,"column":29}},"173":{"start":{"line":530,"column":6},"end":{"line":530,"column":51}},"174":{"start":{"line":532,"column":6},"end":{"line":532,"column":77}},"175":{"start":{"line":534,"column":6},"end":{"line":534,"column":74}},"176":{"start":{"line":537,"column":4},"end":{"line":537,"column":27}},"177":{"start":{"line":538,"column":4},"end":{"line":538,"column":62}},"178":{"start":{"line":541,"column":2},"end":{"line":541,"column":47}},"179":{"start":{"line":542,"column":2},"end":{"line":549,"column":5}},"180":{"start":{"line":543,"column":4},"end":{"line":547,"column":5}},"181":{"start":{"line":544,"column":6},"end":{"line":544,"column":67}},"182":{"start":{"line":545,"column":11},"end":{"line":547,"column":5}},"183":{"start":{"line":546,"column":6},"end":{"line":546,"column":83}},"184":{"start":{"line":548,"column":4},"end":{"line":548,"column":20}},"185":{"start":{"line":552,"column":2},"end":{"line":552,"column":29}},"186":{"start":{"line":565,"column":0},"end":{"line":595,"column":2}},"187":{"start":{"line":566,"column":2},"end":{"line":569,"column":12}},"188":{"start":{"line":571,"column":2},"end":{"line":592,"column":3}},"189":{"start":{"line":572,"column":4},"end":{"line":572,"column":18}},"190":{"start":{"line":573,"column":4},"end":{"line":575,"column":5}},"191":{"start":{"line":574,"column":6},"end":{"line":574,"column":42}},"192":{"start":{"line":577,"column":4},"end":{"line":591,"column":5}},"193":{"start":{"line":579,"column":6},"end":{"line":579,"column":38}},"194":{"start":{"line":580,"column":6},"end":{"line":580,"column":12}},"195":{"start":{"line":581,"column":11},"end":{"line":591,"column":5}},"196":{"start":{"line":582,"column":6},"end":{"line":582,"column":20}},"197":{"start":{"line":583,"column":11},"end":{"line":591,"column":5}},"198":{"start":{"line":584,"column":6},"end":{"line":586,"column":9}},"199":{"start":{"line":585,"column":8},"end":{"line":585,"column":26}},"200":{"start":{"line":587,"column":11},"end":{"line":591,"column":5}},"201":{"start":{"line":588,"column":6},"end":{"line":588,"column":58}},"202":{"start":{"line":590,"column":6},"end":{"line":590,"column":20}},"203":{"start":{"line":594,"column":2},"end":{"line":594,"column":13}},"204":{"start":{"line":609,"column":0},"end":{"line":630,"column":2}},"205":{"start":{"line":610,"column":2},"end":{"line":610,"column":11}},"206":{"start":{"line":612,"column":2},"end":{"line":627,"column":3}},"207":{"start":{"line":613,"column":4},"end":{"line":613,"column":19}},"208":{"start":{"line":614,"column":4},"end":{"line":618,"column":5}},"209":{"start":{"line":615,"column":6},"end":{"line":615,"column":45}},"210":{"start":{"line":617,"column":6},"end":{"line":617,"column":27}},"211":{"start":{"line":620,"column":4},"end":{"line":620,"column":41}},"212":{"start":{"line":624,"column":4},"end":{"line":626,"column":5}},"213":{"start":{"line":625,"column":6},"end":{"line":625,"column":37}},"214":{"start":{"line":629,"column":2},"end":{"line":629,"column":14}},"215":{"start":{"line":640,"column":0},"end":{"line":646,"column":2}},"216":{"start":{"line":641,"column":2},"end":{"line":645,"column":3}},"217":{"start":{"line":642,"column":4},"end":{"line":644,"column":5}},"218":{"start":{"line":643,"column":6},"end":{"line":643,"column":29}},"219":{"start":{"line":657,"column":0},"end":{"line":725,"column":2}},"220":{"start":{"line":658,"column":2},"end":{"line":662,"column":10}},"221":{"start":{"line":664,"column":2},"end":{"line":664,"column":26}},"222":{"start":{"line":667,"column":2},"end":{"line":722,"column":3}},"223":{"start":{"line":668,"column":4},"end":{"line":668,"column":18}},"224":{"start":{"line":671,"column":4},"end":{"line":674,"column":5}},"225":{"start":{"line":672,"column":6},"end":{"line":672,"column":21}},"226":{"start":{"line":673,"column":6},"end":{"line":673,"column":15}},"227":{"start":{"line":676,"column":4},"end":{"line":679,"column":5}},"228":{"start":{"line":677,"column":6},"end":{"line":677,"column":21}},"229":{"start":{"line":678,"column":6},"end":{"line":678,"column":15}},"230":{"start":{"line":682,"column":4},"end":{"line":682,"column":33}},"231":{"start":{"line":685,"column":4},"end":{"line":705,"column":5}},"232":{"start":{"line":687,"column":6},"end":{"line":703,"column":7}},"233":{"start":{"line":688,"column":8},"end":{"line":688,"column":24}},"234":{"start":{"line":689,"column":8},"end":{"line":689,"column":67}},"235":{"start":{"line":689,"column":25},"end":{"line":689,"column":67}},"236":{"start":{"line":690,"column":8},"end":{"line":690,"column":38}},"237":{"start":{"line":692,"column":13},"end":{"line":703,"column":7}},"238":{"start":{"line":693,"column":8},"end":{"line":693,"column":24}},"239":{"start":{"line":694,"column":8},"end":{"line":698,"column":9}},"240":{"start":{"line":695,"column":10},"end":{"line":695,"column":21}},"241":{"start":{"line":697,"column":10},"end":{"line":697,"column":14}},"242":{"start":{"line":699,"column":8},"end":{"line":699,"column":38}},"243":{"start":{"line":702,"column":8},"end":{"line":702,"column":33}},"244":{"start":{"line":704,"column":6},"end":{"line":704,"column":15}},"245":{"start":{"line":708,"column":4},"end":{"line":718,"column":5}},"246":{"start":{"line":709,"column":6},"end":{"line":709,"column":31}},"247":{"start":{"line":714,"column":6},"end":{"line":716,"column":7}},"248":{"start":{"line":715,"column":8},"end":{"line":715,"column":39}},"249":{"start":{"line":717,"column":6},"end":{"line":717,"column":15}},"250":{"start":{"line":721,"column":4},"end":{"line":721,"column":19}},"251":{"start":{"line":724,"column":2},"end":{"line":724,"column":49}},"252":{"start":{"line":733,"column":0},"end":{"line":742,"column":2}},"253":{"start":{"line":734,"column":2},"end":{"line":735,"column":32}},"254":{"start":{"line":737,"column":2},"end":{"line":740,"column":3}},"255":{"start":{"line":738,"column":4},"end":{"line":738,"column":48}},"256":{"start":{"line":739,"column":4},"end":{"line":739,"column":64}},"257":{"start":{"line":741,"column":2},"end":{"line":741,"column":16}},"258":{"start":{"line":751,"column":0},"end":{"line":756,"column":2}},"259":{"start":{"line":752,"column":2},"end":{"line":752,"column":18}},"260":{"start":{"line":753,"column":2},"end":{"line":753,"column":65}},"261":{"start":{"line":754,"column":2},"end":{"line":754,"column":18}},"262":{"start":{"line":755,"column":2},"end":{"line":755,"column":18}},"263":{"start":{"line":766,"column":0},"end":{"line":775,"column":2}},"264":{"start":{"line":767,"column":2},"end":{"line":767,"column":18}},"265":{"start":{"line":768,"column":2},"end":{"line":772,"column":3}},"266":{"start":{"line":769,"column":4},"end":{"line":769,"column":89}},"267":{"start":{"line":771,"column":4},"end":{"line":771,"column":73}},"268":{"start":{"line":773,"column":2},"end":{"line":773,"column":18}},"269":{"start":{"line":774,"column":2},"end":{"line":774,"column":18}},"270":{"st
[...]
tValue) self[name] = defaultValue;","  }","","  // register the option","  this.options.push(option);","","  // when it's passed assign the value","  // and conditionally invoke the callback","  this.on(oname, function(val) {","    // coercion","    if (null !== val && fn) val = fn(val, undefined === self[name]","      ? defaultValue","      : self[name]);","","    // unassigned or bool","    if ('boolean' == typeof self[name] || 'undefined' == typeof self[name]) {","      // if no value, bool true, and we have a default, then use it!","      if (null == val) {","        self[name] = option.bool","          ? defaultValue || true","          : false;","      } else {","        self[name] = val;","      }","    } else if (null !== val) {","      // reassign","      self[name] = val;","    }","  });","","  return this;","};","","/**"," * Allow unknown options on the command line."," *"," * @param {Boolean} arg if `true` or omitted, no error will be thrown"," * for unknown options."," * @api public"," */","Command.prototype.allowUnknownOption = function(arg) {","    this._allowUnknownOption = arguments.length === 0 || arg;","    return this;","};","","/**"," * Parse `argv`, settings options and invoking commands when defined."," *"," * @param {Array} argv"," * @return {Command} for chaining"," * @api public"," */","","Command.prototype.parse = function(argv) {","  // implicit help","  if (this.executables) this.addImplicitHelpCommand();","","  // store raw args","  this.rawArgs = argv;","","  // guess name","  this._name = this._name || basename(argv[1], '.js');","","  // github-style sub-commands with no sub-command","  if (this.executables && argv.length < 3 && !this.defaultExecutable) {","    // this user needs help","    argv.push('--help');","  }","","  // process argv","  var parsed = this.parseOptions(this.normalize(argv.slice(2)));","  var args = this.args = parsed.args;","","  var result = this.parseArgs(this.args, parsed.unknown);","","  // executable sub-commands","  var name = result.args[0];","  if (this._execs[name] && typeof this._execs[name] != \"function\") {","    return this.executeSubCommand(argv, args, parsed.unknown);","  } else if (this.defaultExecutable) {","    // use the default subcommand","    args.unshift(name = this.defaultExecutable);","    return this.executeSubCommand(argv, args, parsed.unknown);","  }","","  return result;","};","","/**"," * Execute a sub-command executable."," *"," * @param {Array} argv"," * @param {Array} args"," * @param {Array} unknown"," * @api private"," */","","Command.prototype.executeSubCommand = function(argv, args, unknown) {","  args = args.concat(unknown);","","  if (!args.length) this.help();","  if ('help' == args[0] && 1 == args.length) this.help();","","  // <cmd> --help","  if ('help' == args[0]) {","    args[0] = args[1];","    args[1] = '--help';","  }","","  // executable","  var f = argv[1];","  // name of the subcommand, link `pm-install`","  var bin = basename(f, '.js') + '-' + args[0];","","","  // In case of globally installed, get the base dir where executable","  //  subcommand file should be located at","  var baseDir","    , link = readlink(f);","","  // when symbolink is relative path","  if (link !== f && link.charAt(0) !== '/') {","    link = path.join(dirname(f), link)","  }","  baseDir = dirname(link);","","  // prefer local `./<bin>` to bin in the $PATH","  var localBin = path.join(baseDir, bin);","","  // whether bin file is a js script with explicit `.js` extension","  var isExplicitJS = false;","  if (exists(localBin + '.js')) {","    bin = localBin + '.js';","    isExplicitJS = true;","  } else if (exists(localBin)) {","    bin = localBin;","  }","","  args = args.slice(1);","","  var proc;","  if (process.platform !== 'win32') {","    if (isExplicitJS) {","      args.unshift(localBin);","      // add executable arguments to spawn","      args = (process.execArgv || []).concat(args);","","      proc = spawn('node', args, { stdio: 'inherit', customFds: [0, 1, 2] });","    } else {","      proc = spawn(bin, args, { stdio: 'inherit', customFds: [0, 1, 2] });","    }","  } else {","    args.unshift(localBin);","    proc = spawn(process.execPath, args, { stdio: 'inherit'});","  }","","  proc.on('close', process.exit.bind(process));","  proc.on('error', function(err) {","    if (err.code == \"ENOENT\") {","      console.error('\\n  %s(1) does not exist, try --help\\n', bin);","    } else if (err.code == \"EACCES\") {","      console.error('\\n  %s(1) not executable. try chmod or run with root\\n', bin);","    }","    process.exit(1);","  });","","  // Store the reference to the child process","  this.runningCommand = proc;","};","","/**"," * Normalize `args`, splitting joined short flags. For example"," * the arg \"-abc\" is equivalent to \"-a -b -c\"."," * This also normalizes equal sign and splits \"--abc=def\" into \"--abc def\"."," *"," * @param {Array} args"," * @return {Array}"," * @api private"," */","","Command.prototype.normalize = function(args) {","  var ret = []","    , arg","    , lastOpt","    , index;","","  for (var i = 0, len = args.length; i < len; ++i) {","    arg = args[i];","    if (i > 0) {","      lastOpt = this.optionFor(args[i-1]);","    }","","    if (arg === '--') {","      // Honor option terminator","      ret = ret.concat(args.slice(i));","      break;","    } else if (lastOpt && lastOpt.required) {","      ret.push(arg);","    } else if (arg.length > 1 && '-' == arg[0] && '-' != arg[1]) {","      arg.slice(1).split('').forEach(function(c) {","        ret.push('-' + c);","      });","    } else if (/^--/.test(arg) && ~(index = arg.indexOf('='))) {","      ret.push(arg.slice(0, index), arg.slice(index + 1));","    } else {","      ret.push(arg);","    }","  }","","  return ret;","};","","/**"," * Parse command `args`."," *"," * When listener(s) are available those"," * callbacks are invoked, otherwise the \"*\""," * event is emitted and those actions are invoked."," *"," * @param {Array} args"," * @return {Command} for chaining"," * @api private"," */","","Command.prototype.parseArgs = function(args, unknown) {","  var name;","","  if (args.length) {","    name = args[0];","    if (this.listeners(name).length) {","      this.emit(args.shift(), args, unknown);","    } else {","      this.emit('*', args);","    }","  } else {","    outputHelpIfNecessary(this, unknown);","","    // If there were no args and we have unknown options,","    // then they are extraneous and we need to error.","    if (unknown.length > 0) {","      this.unknownOption(unknown[0]);","    }","  }","","  return this;","};","","/**"," * Return an option matching `arg` if any."," *"," * @param {String} arg"," * @return {Option}"," * @api private"," */","","Command.prototype.optionFor = function(arg) {","  for (var i = 0, len = this.options.length; i < len; ++i) {","    if (this.options[i].is(arg)) {","      return this.options[i];","    }","  }","};","","/**"," * Parse options from `argv` returning `argv`"," * void of these options."," *"," * @param {Array} argv"," * @return {Array}"," * @api public"," */","","Command.prototype.parseOptions = function(argv) {","  var args = []","    , len = argv.length","    , literal","    , option","    , arg;","","  var unknownOptions = [];","","  // parse options","  for (var i = 0; i < len; ++i) {","    arg = argv[i];","","    // literal args after --","    if ('--' == arg) {","      literal = true;","      continue;","    }","","    if (literal) {","      args.push(arg);","      continue;","    }","","    // find matching Option","    option = this.optionFor(arg);","","    // option is defined","    if (option) {","      // requires arg","      if (option.required) {","        arg = argv[++i];","        if (null == arg) return this.optionMissingArgument(option);","        this.emit(option.name(), arg);","      // optional arg","      } else if (option.optional) {","        arg = argv[i+1];","        if (null == arg || ('-' == arg[0] && '-' != arg)) {","          arg = null;","        } else {","          ++i;","        }","        this.emit(option.name(), arg);","      // bool","      } else {","        this.emit(option.name());","      }","      continue;","    }","","    // looks like an option","    if (arg.length > 1 && '-' == arg[0]) {","      unknownOptions.push(arg);","","      // If the next argument looks like it might be","      // an argument for this option, we pass it on.","      // If it isn't, then it'll simply be ignored","      if (argv[i+1] && '-' != argv[i+1][0]) {","        unknownOptions.push(argv[++i]);","      }","      continue;","    }","","    // arg","    args.push(arg);","  }","","  return { args: args, unknown: unknownOptions };","};","","/**"," * Return an object containing options as key-value pairs"," *"," * @return {Object}"," * @api public"," */","Command.prototype.opts = function() {","  var result = {}","    , len = this.options.length;","","  for (var i = 0 ; i < len; i++) {","    var key = camelcase(this.options[i].name());","    result[key] = key === 'version' ? this._version : this[key];","  }","  return result;","};","","/**"," * Argument `name` is missing."," *"," * @param {String} name"," * @api private"," */","","Command.prototype.missingArgument = function(name) {","  console.error();","  console.error(\"  error: missing required argument `%s'\", name);","  console.error();","  process.exit(1);","};","","/**"," * `Option` is missing an argument, but received `flag` or nothing."," *"," * @param {String} option"," * @param {String} flag"," * @api private"," */","","Command.prototype.optionMissingArgument = function(option, flag) {","  console.error();","  if (flag) {","    console.error(\"  error: option `%s' argument missing, got `%s'\", option.flags, flag);","  } else {","    console.error(\"  error: option `%s' argument missing\", option.flags);","  }","  console.error();","  process.exit(1);","};","","/**"," * Unknown option `flag`."," *"," * @param {String} flag"," * @api private"," */","","Command.prototype.unknownOption = function(flag) {","  if (this._allowUnknownOption) return;","  console.error();","  console.error(\"  error: unknown option `%s'\", flag);","  console.error();","  process.exit(1);","};","","/**"," * Variadic argument with `name` is not the last argument as required."," *"," * @param {String} name"," * @api private"," */","","Command.prototype.variadicArgNotLast = function(name) {","  console.error();","  console.error(\"  error: variadic arguments must be last `%s'\", name);","  console.error();","  process.exit(1);","};","","/**"," * Set the program version to `str`."," *"," * This method auto-registers the \"-V, --version\" flag"," * which will print the version number when passed."," *"," * @param {String} str"," * @param {String} flags"," * @return {Command} for chaining"," * @api public"," */","","Command.prototype.version = function(str, flags) {","  if (0 == arguments.length) return this._version;","  this._version = str;","  flags = flags || '-V, --version';","  this.option(flags, 'output the version number');","  this.on('version', function() {","    process.stdout.write(str + '\\n');","    process.exit(0);","  });","  return this;","};","","/**"," * Set the description to `str`."," *"," * @param {String} str"," * @return {String|Command}"," * @api public"," */","","Command.prototype.description = function(str) {","  if (0 === arguments.length) return this._description;","  this._description = str;","  return this;","};","","/**"," * Set an alias for the command"," *"," * @param {String} alias"," * @return {String|Command}"," * @api public"," */","","Command.prototype.alias = function(alias) {","  if (0 == arguments.length) return this._alias;","  this._alias = alias;","  return this;","};","","/**"," * Set / get the command usage `str`."," *"," * @param {String} str"," * @return {String|Command}"," * @api public"," */","","Command.prototype.usage = function(str) {","  var args = this._args.map(function(arg) {","    return humanReadableArgName(arg);","  });","","  var usage = '[options]'","    + (this.commands.length ? ' [command]' : '')","    + (this._args.length ? ' ' + args.join(' ') : '');","","  if (0 == arguments.length) return this._usage || usage;","  this._usage = str;","","  return this;","};","","/**"," * Get the name of the command"," *"," * @param {String} name"," * @return {String|Command}"," * @api public"," */","","Command.prototype.name = function() {","  return this._name;","};","","/**"," * Return the largest option length."," *"," * @return {Number}"," * @api private"," */","","Command.prototype.largestOptionLength = function() {","  return this.options.reduce(function(max, option) {","    return Math.max(max, option.flags.length);","  }, 0);","};","","/**"," * Return help for options."," *"," * @return {String}"," * @api private"," */","","Command.prototype.optionHelp = function() {","  var width = this.largestOptionLength();","","  // Prepend the help information","  return [pad('-h, --help', width) + '  ' + 'output usage information']","      .concat(this.options.map(function(option) {","        return pad(option.flags, width) + '  ' + option.description;","      }))","      .join('\\n');","};","","/**"," * Return command help documentation."," *"," * @return {String}"," * @api private"," */","","Command.prototype.commandHelp = function() {","  if (!this.commands.length) return '';","","  var commands = this.commands.filter(function(cmd) {","    return !cmd._noHelp;","  }).map(function(cmd) {","    var args = cmd._args.map(function(arg) {","      return humanReadableArgName(arg);","    }).join(' ');","","    return [","      cmd._name","        + (cmd._alias ? '|' + cmd._alias : '')","        + (cmd.options.length ? ' [options]' : '')","        + ' ' + args","      , cmd.description()","    ];","  });","","  var width = commands.reduce(function(max, command) {","    return Math.max(max, command[0].length);","  }, 0);","","  return [","    ''","    , '  Commands:'","    , ''","    , commands.map(function(cmd) {","      var desc = cmd[1] ? '  ' + cmd[1] : '';","      return pad(cmd[0], width) + desc;","    }).join('\\n').replace(/^/gm, '    ')","    , ''","  ].join('\\n');","};","","/**"," * Return program help documentation."," *"," * @return {String}"," * @api private"," */","","Command.prototype.helpInformation = function() {","  var desc = [];","  if (this._description) {","    desc = [","      '  ' + this._description","      , ''","    ];","  }","","  var cmdName = this._name;","  if (this._alias) {","    cmdName = cmdName + '|' + this._alias;","  }","  var usage = [","    ''","    ,'  Usage: ' + cmdName + ' ' + this.usage()","    , ''","  ];","","  var cmds = [];","  var commandHelp = this.commandHelp();","  if (commandHelp) cmds = [commandHelp];","","  var options = [","    '  Options:'","    , ''","    , '' + this.optionHelp().replace(/^/gm, '    ')","    , ''","    , ''","  ];","","  return usage","    .concat(cmds)","    .concat(desc)","    .concat(options)","    .join('\\n');","};","","/**"," * Output help information for this command"," *"," * @api public"," */","","Command.prototype.outputHelp = function(cb) {","  if (!cb) {","    cb = function(passthru) {","      return passthru;","    }","  }","  process.stdout.write(cb(this.helpInformation()));","  this.emit('--help');","};","","/**"," * Output help information and exit."," *"," * @api public"," */","","Command.prototype.help = function(cb) {","  this.outputHelp(cb);","  process.exit();","};","","/**"," * Camel-case the given `flag`"," *"," * @param {String} flag"," * @return {String}"," * @api private"," */","","function camelcase(flag) {","  return flag.split('-').reduce(function(str, word) {","    return str + word[0].toUpperCase() + word.slice(1);","  });","}","","/**"," * Pad `str` to `width`."," *"," * @param {String} str"," * @param {Number} width"," * @return {String}"," * @api private"," */","","function pad(str, width) {","  var len = Math.max(0, width - str.length);","  return str + Array(len + 1).join(' ');","}","","/**"," * Output help information if necessary"," *"," * @param {Command} command to output help for"," * @param {Array} array of options to search for -h or --help"," * @api private"," */","","function outputHelpIfNecessary(cmd, options) {","  options = options || [];","  for (var i = 0; i < options.length; i++) {","    if (options[i] == '--help' || options[i] == '-h') {","      cmd.outputHelp();","      process.exit(0);","    }","  }","}","","/**"," * Takes an argument an returns its human readable equivalent for help usage."," *"," * @param {Object} arg"," * @return {String}"," * @api private"," */","","function humanReadableArgName(arg) {","  var nameOutput = arg.name + (arg.variadic === true ? '...' : '');","","  return arg.required","    ? '<' + nameOutput + '>'","    : '[' + nameOutput + ']'","}","","// for versions before node v0.8 when there weren't `fs.existsSync`","function exists(file) {","  try {","    if (fs.statSync(file).isFile()) {","      return true;","    }","  } catch (e) {","    return false;","  }","}","",""],"l":{"5":1,"6":1,"7":1,"8":1,"9":1,"10":1,"11":1,"17":1,"23":1,"29":1,"39":1,"40":0,"41":0,"42":0,"43":0,"44":0,"45":0,"46":0,"47":0,"57":1,"58":0,"71":1,"72":0,"82":1,"83":1,"84":1,"85":1,"86":1,"87":1,"88":1,"95":1,"158":1,"159":0,"160":0,"161":0,"163":0,"164":0,"165":0,"166":0,"167":0,"170":0,"171":0,"172":0,"173":0,"175":0,"176":0,"185":1,"186":0,"196":1,"197":0,"210":1,"211":0,"212":0,"213":0,"214":0,"220":0,"222":0,"223":0,"224":0,"226":0,"227":0,"230":0,"231":0,"232":0,"234":0,"235":0,"238":0,"258":1,"259":0,"260":0,"262":0,"263":0,"265":0,"268":0,"273":0,"274":0,"278":0,"280":0,"281":0,"282":0,"283":0,"284":0,"285":0,"288":0,"295":0,"296":0,"298":0,"301":0,"303":0,"304":0,"305":0,"306":0,"307":0,"359":1,"360":0,"366":0,"367":0,"368":0,"369":0,"370":0,"371":0,"375":0,"376":0,"381":0,"383":0,"385":0,"389":0,"393":0,"395":0,"400":0,"402":0,"403":0,"407":0,"409":0,"411":0,"415":0,"425":1,"426":0,"427":0,"438":1,"440":0,"443":0,"446":0,"449":0,"451":0,"455":0,"456":0,"458":0,"461":0,"462":0,"463":0,"464":0,"466":0,"467":0,"470":0,"482":1,"483":0,"485":0,"486":0,"489":0,"490":0,"491":0,"495":0,"497":0,"502":0,"506":0,"507":0,"509":0,"512":0,"515":0,"516":0,"517":0,"518":0,"519":0,"520":0,"523":0,"525":0,"526":0,"527":0,"528":0,"530":0,"532":0,"534":0,"537":0,"538":0,"541":0,"542":0,"543":0,"544":0,"545":0,"546":0,"548":0,"552":0,"565":1,"566":0,"571":0,"572":0,"573":0,"574":0,"577":0,"579":0,"580":0,"581":0,"582":0,"583":0,"584":0,"585":0,"587":0,"588":0,"590":0,"594":0,"609":1,"610":0,"612":0,"613":0,"614":0,"615":0,"617":0,"620":0,"624":0,"625":0,"629":0,"640":1,"641":0,"642":0,"643":0,"657":1,"658":0,"664":0,"667":0,"668":0,"671":0,"672":0,"673":0,"676":0,"677":0,"678":0,"682":0,"685":0,"687":0,"688":0,"689":0,"690":0,"692":0,"693":0,"694":0,"695":0,"697":0,"699":0,"702":0,"704":0,"708":0,"709":0,"714":0,"715":0,"717":0,"721":0,"724":0,"733":1,"734":0,"737":0,"738":0,"739":0,"741":0,"751":1,"752":0,"753":0,"754":0,"755":0,"766":1,"767":0,"768":0,"769":0,"771":0,"773":0,"774":0,"784":1,"785":0,"786":0,"787":0,"788":0,"789":0,"799":1,"800":0,"801":0,"802":0,"803":0,"818":1,"819":0,"820":0,"821":0,"822":0,"823":0,"824":0,"825":0,"827":0,"838":1,"839":0,"840":0,"841":0,"852":1,"853":0,"854":0,"855":0,"866":1,"867":0,"868":0,"871":0,"875":0,"876":0,"878":0,"889":1,"890":0,"900":1,"901":0,"902":0,"913":1,"914":0,"917":0,"919":0,"931":1,"932":0,"934":0,"935":0,"937":0,"938":0,"941":0,"950":0,"951":0,"954":0,"959":0,"960":0,"973":1,"974":0,"975":0,"976":0,"982":0,"983":0,"984":0,"986":0,"992":0,"993":0,"994":0,"996":0,"1004":0,"1017":1,"1018":0,"1019":0,"1020":0,"1023":0,"1024":0,"1033":1,"1034":0,"1035":0,"1046":1,"1047":0,"1048":0,"1061":1,"1062":0,"1063":0,"1074":1,"1075":0,"1076":0,"1077":0,"1078":0,"1079":0,"1092":1,"1093":0,"1095":0,"1101":1,"1102":0,"1103":0,"1104":0,"1107":0}}}