{"/home/travis/build/npmtest/node-npmtest-commander/test.js":{"path":"/home/travis/build/npmtest/node-npmtest-commander/test.js","s":{"1":2,"2":2,"3":2,"4":2,"5":2,"6":2,"7":2,"8":2,"9":2,"10":2,"11":2,"12":2,"13":2},"b":{"1":[2,1,1],"2":[2,1],"3":[1,1],"4":[2,1]},"f":{"1":2,"2":2,"3":2,"4":2},"fnMap":{"1":{"name":"(anonymous_1)","line":13,"loc":{"start":{"line":13,"column":1},"end":{"line":13,"column":13}}},"2":{"name":"(anonymous_2)","line":20,"loc":{"start":{"line":20,"column":5},"end":{"line":20,"column":17}}},"3":{"name":"(anonymous_3)","line":24,"loc":{"start":{"line":24,"column":9},"end":{"line":24,"column":21}}},"4":{"name":"(anonymous_4)","line":47,"loc":{"start":{"line":47,"column":5},"end":{"line":47,"column":17}}}},"statementMap":{"1":{"start":{"line":13,"column":0},"end":{"line":50,"column":5}},"2":{"start":{"line":15,"column":4},"end":{"line":15,"column":14}},"3":{"start":{"line":20,"column":4},"end":{"line":42,"column":9}},"4":{"start":{"line":22,"column":8},"end":{"line":22,"column":19}},"5":{"start":{"line":24,"column":8},"end":{"line":32,"column":13}},"6":{"start":{"line":25,"column":12},"end":{"line":30,"column":13}},"7":{"start":{"line":26,"column":16},"end":{"line":28,"column":27}},"8":{"start":{"line":31,"column":12},"end":{"line":31,"column":53}},"9":{"start":{"line":34,"column":8},"end":{"line":36,"column":21}},"10":{"start":{"line":38,"column":8},"end":{"line":39,"column":49}},"11":{"start":{"line":41,"column":8},"end":{"line":41,"column":33}},"12":{"start":{"line":47,"column":4},"end":{"line":49,"column":9}},"13":{"start":{"line":48,"column":8},"end":{"line":48,"column":15}}},"branchMap":{"1":{"line":26,"type":"binary-expr","locations":[{"start":{"line":26,"column":31},"end":{"line":26,"column":72}},{"start":{"line":27,"column":20},"end":{"line":27,"column":70}},{"start":{"line":28,"column":20},"end":{"line":28,"column":26}}]},"2":{"line":31,"type":"binary-expr","locations":[{"start":{"line":31,"column":27},"end":{"line":31,"column":39}},{"start":{"line":31,"column":43},"end":{"line":31,"column":52}}]},"3":{"line":34,"type":"cond-expr","locations":[{"start":{"line":35,"column":14},"end":{"line":35,"column":20}},{"start":{"line":36,"column":14},"end":{"line":36,"column":20}}]},"4":{"line":38,"type":"binary-expr","locations":[{"start":{"line":38,"column":38},"end":{"line":38,"column":59}},{"start":{"line":39,"column":12},"end":{"line":39,"column":31}}]}},"code":["/* istanbul instrument in package npmtest_commander */","/* jslint-utility2 */","/*jslint","    bitwise: true,","    browser: true,","    maxerr: 4,","    maxlen: 100,","    node: true,","    nomen: true,","    regexp: true,","    stupid: true","*/","(function () {","    'use strict';","    var local;","","","","    // run shared js-env code - init-before","    (function () {","        // init local","        local = {};","        // init modeJs","        (function () {","            try {","                local.modeJs = typeof process.versions.node === 'string' &&","                    typeof require('http').createServer === 'function' &&","                    'node';","            } catch (ignore) {","            }","            local.modeJs = local.modeJs || 'browser';","        }());","        // init global","        local.global = local.modeJs === 'browser'","            ? window","            : global;","        // re-init local","        local = local.global.local = (local.global.utility2 ||","            require('utility2')).requireReadme();","        // init test","        local.testRunInit(local);","    }());","","","","    // run shared js-env code - function","    (function () {","        return;","    }());","}());",""],"l":{"13":2,"15":2,"20":2,"22":2,"24":2,"25":2,"26":2,"31":2,"34":2,"38":2,"41":2,"47":2,"48":2}},"/home/travis/build/npmtest/node-npmtest-commander/lib.npmtest_commander.js":{"path":"/home/travis/build/npmtest/node-npmtest-commander/lib.npmtest_commander.js","s":{"1":2,"2":2,"3":2,"4":2,"5":2,"6":2,"7":2,"8":2,"9":2,"10":0,"11":0,"12":0,"13":0,"14":0,"15":0,"16":0,"17":2,"18":2,"19":2,"20":2,"21":2,"22":2,"23":2,"24":2,"25":0,"26":2,"27":1,"28":1,"29":1,"30":1,"31":1,"32":1,"33":1,"34":1,"35":1,"36":1,"37":1,"38":1,"39":1,"40":1,"41":1,"42":1,"43":1,"44":1,"45":1,"46":1,"47":1,"48":1,"49":1,"50":1,"51":1,"52":1,"53":1,"54":1,"55":1,"56":1,"57":1,"58":1,"59":1,"60":1,"61":1,"62":2,"63":2},"b":{"1":[2,1,1],"2":[2,0],"3":[2,1,1],"4":[2,1],"5":[1,1],"6":[2,2],"7":[1,1]},"f":{"1":2,"2":2,"3":2,"4":0,"5":2,"6":0},"fnMap":{"1":{"name":"(anonymous_1)","line":13,"loc":{"start":{"line":13,"column":1},"end":{"line":13,"column":13}}},"2":{"name":"(anonymous_2)","line":21,"loc":{"start":{"line":21,"column":5},"end":{"line":21,"column":17}},"skip":true},"3":{"name":"(anonymous_3)","line":23,"loc":{"start":{"line":23,"column":9},"end":{"line":23,"column":21}},"skip":true},"4":{"name":"(anonymous_4)","line":31,"loc":{"start":{"line":31,"column":27},"end":{"line":31,"column":43}},"skip":true},"5":{"name":"(anonymous_5)","line":47,"loc":{"start":{"line":47,"column":9},"end":{"line":47,"column":21}},"skip":true},"6":{"name":"(anonymous_6)","line":65,"loc":{"start":{"line":65,"column":20},"end":{"line":65,"column":32}},"skip":true}},"statementMap":{"1":{"start":{"line":13,"column":0},"end":{"line":120,"column":5}},"2":{"start":{"line":15,"column":4},"end":{"line":15,"column":14}},"3":{"start":{"line":21,"column":4},"end":{"line":119,"column":9},"skip":true},"4":{"start":{"line":23,"column":8},"end":{"line":43,"column":13},"skip":true},"5":{"start":{"line":24,"column":12},"end":{"line":24,"column":43},"skip":true},"6":{"start":{"line":25,"column":12},"end":{"line":25,"column":71},"skip":true},"7":{"start":{"line":26,"column":12},"end":{"line":26,"column":52},"skip":true},"8":{"start":{"line":27,"column":12},"end":{"line":29,"column":13},"skip":true},"9":{"start":{"line":28,"column":16},"end":{"line":28,"column":23},"skip":true},"10":{"start":{"line":30,"column":12},"end":{"line":30,"column":41},"skip":true},"11":{"start":{"line":31,"column":12},"end":{"line":42,"column":14},"skip":true},"12":{"start":{"line":36,"column":16},"end":{"line":36,"column":61},"skip":true},"13":{"start":{"line":37,"column":16},"end":{"line":37,"column":43},"skip":true},"14":{"start":{"line":38,"column":16},"end":{"line":38,"column":55},"skip":true},"15":{"start":{"line":39,"column":16},"end":{"line":39,"column":35},"skip":true},"16":{"start":{"line":41,"column":16},"end":{"line":41,"column":28},"skip":true},"17":{"start":{"line":45,"column":8},"end":{"line":45,"column":19},"skip":true},"18":{"start":{"line":47,"column":8},"end":{"line":55,"column":13},"skip":true},"19":{"start":{"line":48,"column":12},"end":{"line":53,"column":13},"skip":true},"20":{"start":{"line":49,"column":16},"end":{"line":51,"column":27},"skip":true},"21":{"start":{"line":54,"column":12},"end":{"line":54,"column":53},"skip":true},"22":{"start":{"line":57,"column":8},"end":{"line":59,"column":21},"skip":true},"23":{"start":{"line":61,"column":8},"end":{"line":63,"column":18},"skip":true},"24":{"start":{"line":65,"column":8},"end":{"line":70,"column":10},"skip":true},"25":{"start":{"line":69,"column":12},"end":{"line":69,"column":19},"skip":true},"26":{"start":{"line":72,"column":8},"end":{"line":111,"column":9},"skip":true},"27":{"start":{"line":73,"column":12},"end":{"line":73,"column":60},"skip":true},"28":{"start":{"line":77,"column":12},"end":{"line":77,"column":45},"skip":true},"29":{"start":{"line":78,"column":12},"end":{"line":78,"column":59},"skip":true},"30":{"start":{"line":79,"column":12},"end":{"line":79,"column":47},"skip":true},"31":{"start":{"line":80,"column":12},"end":{"line":80,"column":47},"skip":true},"32":{"start":{"line":81,"column":12},"end":{"line":81,"column":51},"skip":true},"33":{"start":{"line":82,"column":12},"end":{"line":82,"column":45},"skip":true},"34":{"start":{"line":83,"column":12},"end":{"line":83,"column":43},"skip":true},"35":{"start":{"line":84,"column":12},"end":{"line":84,"column":39},"skip":true},"36":{"start":{"line":85,"column":12},"end":{"line":85,"column":45},"skip":true},"37":{"start":{"line":86,"column":12},"end":{"line":86,"column":45},"skip":true},"38":{"start":{"line":87,"column":12},"end":{"line":87,"column":37},"skip":true},"39":{"start":{"line":88,"column":12},"end":{"line":88,"column":41},"skip":true},"40":{"start":{"line":89,"column":12},"end":{"line":89,"column":43},"skip":true},"41":{"start":{"line":90,"column":12},"end":{"line":90,"column":45},"skip":true},"42":{"start":{"line":91,"column":12},"end":{"line":91,"column":39},"skip":true},"43":{"start":{"line":92,"column":12},"end":{"line":92,"column":37},"skip":true},"44":{"start":{"line":93,"column":12},"end":{"line":93,"column":41},"skip":true},"45":{"start":{"line":94,"column":12},"end":{"line":94,"column":47},"skip":true},"46":{"start":{"line":95,"column":12},"end":{"line":95,"column":49},"skip":true},"47":{"start":{"line":96,"column":12},"end":{"line":96,"column":55},"skip":true},"48":{"start":{"line":97,"column":12},"end":{"line":97,"column":49},"skip":true},"49":{"start":{"line":98,"column":12},"end":{"line":98,"column":41},"skip":true},"50":{"start":{"line":99,"column":12},"end":{"line":99,"column":45},"skip":true},"51":{"start":{"line":100,"column":12},"end":{"line":100,"column":61},"skip":true},"52":{"start":{"line":101,"column":12},"end":{"line":101,"column":45},"skip":true},"53":{"start":{"line":102,"column":12},"end":{"line":102,"column":39},"skip":true},"54":{"start":{"line":103,"column":12},"end":{"line":103,"column":39},"skip":true},"55":{"start":{"line":104,"column":12},"end":{"line":104,"column":39},"skip":true},"56":{"start":{"line":105,"column":12},"end":{"line":105,"column":41},"skip":true},"57":{"start":{"line":106,"column":12},"end":{"line":106,"column":37},"skip":true},"58":{"start":{"line":107,"column":12},"end":{"line":107,"column":37},"skip":true},"59":{"start":{"line":108,"column":12},"end":{"line":108,"column":41},"skip":true},"60":{"start":{"line":109,"column":12},"end":{"line":109,"column":35},"skip":true},"61":{"start":{"line":110,"column":12},"end":{"line":110,"column":49},"skip":true},"62":{"start":{"line":113,"column":8},"end":{"line":113,"column":54},"skip":true},"63":{"start":{"line":118,"column":8},"end":{"line":118,"column":15},"skip":true}},"branchMap":{"1":{"line":25,"type":"binary-expr","locations":[{"start":{"line":25,"column":23},"end":{"line":25,"column":49},"skip":true},{"start":{"line":25,"column":53},"end":{"line":25,"column":59},"skip":true},{"start":{"line":25,"column":64},"end":{"line":25,"column":70},"skip":true}]},"2":{"line":27,"type":"if","locations":[{"start":{"line":27,"column":12},"end":{"line":27,"column":12},"skip":true},{"start":{"line":27,"column":12},"end":{"line":27,"column":12},"skip":true}]},"3":{"line":49,"type":"binary-expr","locations":[{"start":{"line":49,"column":31},"end":{"line":49,"column":72},"skip":true},{"start":{"line":50,"column":20},"end":{"line":50,"column":70},"skip":true},{"start":{"line":51,"column":20},"end":{"line":51,"column":26},"skip":true}]},"4":{"line":54,"type":"binary-expr","locations":[{"start":{"line":54,"column":27},"end":{"line":54,"column":39},"skip":true},{"start":{"line":54,"column":43},"end":{"line":54,"column":52},"skip":true}]},"5":{"line":57,"type":"cond-expr","locations":[{"start":{"line":58,"column":14},"end":{"line":58,"column":20},"skip":true},{"start":{"line":59,"column":14},"end":{"line":59,"column":20},"skip":true}]},"6":{"line":61,"type":"binary-expr","locations":[{"start":{"line":61,"column":16},"end":{"line":61,"column":44},"skip":true},{"start":{"line":63,"column":12},"end":{"line":63,"column":17},"skip":true}]},"7":{"line":72,"type":"if","locations":[{"start":{"line":72,"column":8},"end":{"line":72,"column":8},"skip":true},{"start":{"line":72,"column":8},"end":{"line":72,"column":8},"skip":true}]}},"code":["/* istanbul instrument in package npmtest_commander */","/* jslint-utility2 */","/*jslint","    bitwise: true,","    browser: true,","    maxerr: 4,","    maxlen: 100,","    node: true,","    nomen: true,","    regexp: true,","    stupid: true","*/","(function () {","    'use strict';","    var local;","","","","    // run shared js-env code - init-before","    /* istanbul ignore next */","    (function () {","        // init debug_inline","        (function () {","            var consoleError, context, key;","            context = (typeof window === \"object\" && window) || global;","            key = \"debug_inline\".replace(\"_i\", \"I\");","            if (context[key]) {","                return;","            }","            consoleError = console.error;","            context[key] = function (arg0) {","            /*","             * this function will both print arg0 to stderr and return it","             */","                // debug arguments","                context[\"_\" + key + \"Arguments\"] = arguments;","                consoleError(\"\\n\\n\" + key);","                consoleError.apply(console, arguments);","                consoleError(\"\\n\");","                // return arg0 for inspection","                return arg0;","            };","        }());","        // init local","        local = {};","        // init modeJs","        (function () {","            try {","                local.modeJs = typeof process.versions.node === 'string' &&","                    typeof require('http').createServer === 'function' &&","                    'node';","            } catch (ignore) {","            }","            local.modeJs = local.modeJs || 'browser';","        }());","        // init global","        local.global = local.modeJs === 'browser'","            ? window","            : global;","        // re-init local","        local = local.global.utility2_rollup ||","            // local.global.utility2_rollup_old || require('./assets.utility2.rollup.js') ||","            local;","        // init nop","        local.nop = function () {","        /*","         * this function will do nothing","         */","            return;","        };","        // init exports","        if (local.modeJs === 'browser') {","            local.global.utility2_npmtest_commander = local;","        } else {","            // require builtins","            // local.assert = require('assert');","            local.buffer = require('buffer');","            local.child_process = require('child_process');","            local.cluster = require('cluster');","            local.console = require('console');","            local.constants = require('constants');","            local.crypto = require('crypto');","            local.dgram = require('dgram');","            local.dns = require('dns');","            local.domain = require('domain');","            local.events = require('events');","            local.fs = require('fs');","            local.http = require('http');","            local.https = require('https');","            local.module = require('module');","            local.net = require('net');","            local.os = require('os');","            local.path = require('path');","            local.process = require('process');","            local.punycode = require('punycode');","            local.querystring = require('querystring');","            local.readline = require('readline');","            local.repl = require('repl');","            local.stream = require('stream');","            local.string_decoder = require('string_decoder');","            local.timers = require('timers');","            local.tls = require('tls');","            local.tty = require('tty');","            local.url = require('url');","            local.util = require('util');","            local.v8 = require('v8');","            local.vm = require('vm');","            local.zlib = require('zlib');","            module.exports = local;","            module.exports.__dirname = __dirname;","        }","        // init lib main","        local.local = local.npmtest_commander = local;","","","","        /* validateLineSortedReset */","        return;","    }());","}());",""],"l":{"13":2,"15":2,"21":2,"23":2,"24":2,"25":2,"26":2,"27":2,"28":2,"30":1,"31":1,"36":1,"37":1,"38":1,"39":1,"41":1,"45":2,"47":2,"48":2,"49":2,"54":2,"57":2,"61":2,"65":2,"69":1,"72":2,"73":1,"77":1,"78":1,"79":1,"80":1,"81":1,"82":1,"83":1,"84":1,"85":1,"86":1,"87":1,"88":1,"89":1,"90":1,"91":1,"92":1,"93":1,"94":1,"95":1,"96":1,"97":1,"98":1,"99":1,"100":1,"101":1,"102":1,"103":1,"104":1,"105":1,"106":1,"107":1,"108":1,"109":1,"110":1,"113":2,"118":2}},"/home/travis/build/npmtest/node-npmtest-commander/example.js":{"path":"/home/travis/build/npmtest/node-npmtest-commander/example.js","s":{"1":2,"2":2,"3":2,"4":2,"5":2,"6":2,"7":2,"8":2,"9":2,"10":2,"11":2,"12":2,"13":1,"14":2,"15":2,"16":2,"17":2,"18":2,"19":0,"20":2,"21":1,"22":1,"23":1,"24":1,"25":1,"26":0,"27":0,"28":1,"29":1,"30":2,"31":0,"32":0,"33":0,"34":1,"35":2,"36":2,"37":20,"38":20,"39":20,"40":20,"41":0,"42":20,"43":20,"44":20,"45":1,"46":3,"47":1,"48":1,"49":1,"50":1,"51":1,"52":1,"53":1,"54":1,"55":1,"56":1,"57":1,"58":1,"59":1,"60":1,"61":1,"62":1,"63":1,"64":1,"65":1,"66":1,"67":1,"68":1,"69":1,"70":1,"71":1,"72":1,"73":1,"74":1,"75":1,"76":1,"77":1,"78":1,"79":1,"80":1,"81":1,"82":1,"83":1,"84":1,"85":3,"86":3,"87":3,"88":0,"89":1,"90":1,"91":1,"92":6,"93":1,"94":2,"95":0,"96":2,"97":1,"98":1,"99":1,"100":0,"101":0,"102":0,"103":0,"104":0,"105":0,"106":0,"107":0,"108":0,"109":0,"110":0,"111":0,"112":0,"113":0,"114":0,"115":0},"b":{"1":[2,1,1],"2":[2,1],"3":[1,1],"4":[2,2],"5":[1,1],"6":[1,1],"7":[2,0],"8":[2,1,1,1,1,1],"9":[0,2,0],"10":[1,1],"11":[2,1,1],"12":[1,0],"13":[0,2],"14":[2,0,0,0,0,0,0],"15":[0,20],"16":[20,0],"17":[1,1],"18":[3,3],"19":[0,3],"20":[1,1],"21":[1,2,0,2,1],"22":[1,0],"23":[1,0],"24":[0,0],"25":[0,0],"26":[0,0],"27":[0,0],"28":[0,0],"29":[0,0]},"f":{"1":2,"2":2,"3":2,"4":2,"5":2,"6":2,"7":20,"8":20,"9":3,"10":1,"11":3,"12":6,"13":0},"fnMap":{"1":{"name":"(anonymous_1)","line":28,"loc":{"start":{"line":28,"column":1},"end":{"line":28,"column":13}}},"2":{"name":"(anonymous_2)","line":35,"loc":{"start":{"line":35,"column":5},"end":{"line":35,"column":17}}},"3":{"name":"(anonymous_3)","line":39,"loc":{"start":{"line":39,"column":9},"end":{"line":39,"column":21}}},"4":{"name":"(anonymous_4)","line":66,"loc":{"start":{"line":66,"column":31},"end":{"line":66,"column":48}},"skip":true},"5":{"name":"(anonymous_5)","line":75,"loc":{"start":{"line":75,"column":26},"end":{"line":75,"column":45}},"skip":true},"6":{"name":"(anonymous_6)","line":119,"loc":{"start":{"line":119,"column":33},"end":{"line":119,"column":48}},"skip":true},"7":{"name":"(anonymous_7)","line":121,"loc":{"start":{"line":121,"column":27},"end":{"line":121,"column":39}},"skip":true},"8":{"name":"(anonymous_8)","line":129,"loc":{"start":{"line":129,"column":59},"end":{"line":129,"column":74}},"skip":true},"9":{"name":"(anonymous_9)","line":139,"loc":{"start":{"line":139,"column":45},"end":{"line":139,"column":62}},"skip":true},"10":{"name":"(anonymous_10)","line":140,"loc":{"start":{"line":140,"column":73},"end":{"line":140,"column":92}},"skip":true},"11":{"name":"(anonymous_11)","line":196,"loc":{"start":{"line":196,"column":18},"end":{"line":196,"column":34}},"skip":true},"12":{"name":"(anonymous_12)","line":469,"loc":{"start":{"line":469,"column":47},"end":{"line":469,"column":73}},"skip":true},"13":{"name":"(anonymous_13)","line":502,"loc":{"start":{"line":502,"column":32},"end":{"line":502,"column":61}},"skip":true}},"statementMap":{"1":{"start":{"line":28,"column":0},"end":{"line":513,"column":5}},"2":{"start":{"line":30,"column":4},"end":{"line":30,"column":14}},"3":{"start":{"line":35,"column":4},"end":{"line":58,"column":9}},"4":{"start":{"line":37,"column":8},"end":{"line":37,"column":19}},"5":{"start":{"line":39,"column":8},"end":{"line":47,"column":13}},"6":{"start":{"line":40,"column":12},"end":{"line":45,"column":13}},"7":{"start":{"line":41,"column":16},"end":{"line":43,"column":27}},"8":{"start":{"line":46,"column":12},"end":{"line":46,"column":53}},"9":{"start":{"line":49,"column":8},"end":{"line":51,"column":21}},"10":{"start":{"line":53,"column":8},"end":{"line":55,"column":45}},"11":{"start":{"line":57,"column":8},"end":{"line":57,"column":35}},"12":{"start":{"line":59,"column":4},"end":{"line":512,"column":5}},"13":{"start":{"line":66,"column":8},"end":{"line":117,"column":10},"skip":true},"14":{"start":{"line":67,"column":12},"end":{"line":85,"column":13},"skip":true},"15":{"start":{"line":73,"column":16},"end":{"line":84,"column":19},"skip":true},"16":{"start":{"line":76,"column":20},"end":{"line":83,"column":21},"skip":true},"17":{"start":{"line":79,"column":24},"end":{"line":79,"column":43},"skip":true},"18":{"start":{"line":80,"column":24},"end":{"line":80,"column":30},"skip":true},"19":{"start":{"line":82,"column":24},"end":{"line":82,"column":49},"skip":true},"20":{"start":{"line":86,"column":12},"end":{"line":103,"column":13},"skip":true},"21":{"start":{"line":89,"column":16},"end":{"line":98,"column":17},"skip":true},"22":{"start":{"line":90,"column":20},"end":{"line":90,"column":88},"skip":true},"23":{"start":{"line":91,"column":20},"end":{"line":91,"column":97},"skip":true},"24":{"start":{"line":92,"column":20},"end":{"line":92,"column":42},"skip":true},"25":{"start":{"line":93,"column":20},"end":{"line":93,"column":48},"skip":true},"26":{"start":{"line":96,"column":20},"end":{"line":96,"column":86},"skip":true},"27":{"start":{"line":97,"column":20},"end":{"line":97,"column":96},"skip":true},"28":{"start":{"line":99,"column":16},"end":{"line":99,"column":22},"skip":true},"29":{"start":{"line":102,"column":16},"end":{"line":102,"column":22},"skip":true},"30":{"start":{"line":104,"column":12},"end":{"line":116,"column":13},"skip":true},"31":{"start":{"line":110,"column":16},"end":{"line":115,"column":17},"skip":true},"32":{"start":{"line":112,"column":20},"end":{"line":112,"column":78},"skip":true},"33":{"start":{"line":114,"column":20},"end":{"line":114,"column":47},"skip":true},"34":{"start":{"line":119,"column":8},"end":{"line":137,"column":11},"skip":true},"35":{"start":{"line":120,"column":12},"end":{"line":120,"column":54},"skip":true},"36":{"start":{"line":121,"column":12},"end":{"line":136,"column":14},"skip":true},"37":{"start":{"line":122,"column":16},"end":{"line":122,"column":28},"skip":true},"38":{"start":{"line":123,"column":16},"end":{"line":123,"column":69},"skip":true},"39":{"start":{"line":124,"column":16},"end":{"line":124,"column":75},"skip":true},"40":{"start":{"line":125,"column":16},"end":{"line":127,"column":17},"skip":true},"41":{"start":{"line":126,"column":20},"end":{"line":126,"column":27},"skip":true},"42":{"start":{"line":129,"column":16},"end":{"line":133,"column":36},"skip":true},"43":{"start":{"line":130,"column":20},"end":{"line":132,"column":55},"skip":true},"44":{"start":{"line":135,"column":16},"end":{"line":135,"column":57},"skip":true},"45":{"start":{"line":139,"column":8},"end":{"line":143,"column":11},"skip":true},"46":{"start":{"line":140,"column":12},"end":{"line":142,"column":15},"skip":true},"47":{"start":{"line":141,"column":16},"end":{"line":141,"column":70},"skip":true},"48":{"start":{"line":145,"column":8},"end":{"line":145,"column":31},"skip":true},"49":{"start":{"line":146,"column":8},"end":{"line":146,"column":14},"skip":true},"50":{"start":{"line":154,"column":8},"end":{"line":154,"column":31},"skip":true},"51":{"start":{"line":157,"column":8},"end":{"line":157,"column":41},"skip":true},"52":{"start":{"line":158,"column":8},"end":{"line":158,"column":55},"skip":true},"53":{"start":{"line":159,"column":8},"end":{"line":159,"column":43},"skip":true},"54":{"start":{"line":160,"column":8},"end":{"line":160,"column":43},"skip":true},"55":{"start":{"line":161,"column":8},"end":{"line":161,"column":47},"skip":true},"56":{"start":{"line":162,"column":8},"end":{"line":162,"column":41},"skip":true},"57":{"start":{"line":163,"column":8},"end":{"line":163,"column":39},"skip":true},"58":{"start":{"line":164,"column":8},"end":{"line":164,"column":35},"skip":true},"59":{"start":{"line":165,"column":8},"end":{"line":165,"column":41},"skip":true},"60":{"start":{"line":166,"column":8},"end":{"line":166,"column":41},"skip":true},"61":{"start":{"line":167,"column":8},"end":{"line":167,"column":33},"skip":true},"62":{"start":{"line":168,"column":8},"end":{"line":168,"column":37},"skip":true},"63":{"start":{"line":169,"column":8},"end":{"line":169,"column":39},"skip":true},"64":{"start":{"line":170,"column":8},"end":{"line":170,"column":41},"skip":true},"65":{"start":{"line":171,"column":8},"end":{"line":171,"column":35},"skip":true},"66":{"start":{"line":172,"column":8},"end":{"line":172,"column":33},"skip":true},"67":{"start":{"line":173,"column":8},"end":{"line":173,"column":37},"skip":true},"68":{"start":{"line":174,"column":8},"end":{"line":174,"column":43},"skip":true},"69":{"start":{"line":175,"column":8},"end":{"line":175,"column":45},"skip":true},"70":{"start":{"line":176,"column":8},"end":{"line":176,"column":51},"skip":true},"71":{"start":{"line":177,"column":8},"end":{"line":177,"column":45},"skip":true},"72":{"start":{"line":178,"column":8},"end":{"line":178,"column":37},"skip":true},"73":{"start":{"line":179,"column":8},"end":{"line":179,"column":41},"skip":true},"74":{"start":{"line":180,"column":8},"end":{"line":180,"column":57},"skip":true},"75":{"start":{"line":181,"column":8},"end":{"line":181,"column":41},"skip":true},"76":{"start":{"line":182,"column":8},"end":{"line":182,"column":35},"skip":true},"77":{"start":{"line":183,"column":8},"end":{"line":183,"column":35},"skip":true},"78":{"start":{"line":184,"column":8},"end":{"line":184,"column":35},"skip":true},"79":{"start":{"line":185,"column":8},"end":{"line":185,"column":37},"skip":true},"80":{"start":{"line":186,"column":8},"end":{"line":186,"column":33},"skip":true},"81":{"start":{"line":187,"column":8},"end":{"line":187,"column":33},"skip":true},"82":{"start":{"line":188,"column":8},"end":{"line":188,"column":37},"skip":true},"83":{"start":{"line":191,"column":8},"end":{"line":191,"column":50},"skip":true},"84":{"start":{"line":192,"column":8},"end":{"line":205,"column":11},"skip":true},"85":{"start":{"line":197,"column":12},"end":{"line":197,"column":30},"skip":true},"86":{"start":{"line":198,"column":12},"end":{"line":198,"column":66},"skip":true},"87":{"start":{"line":199,"column":12},"end":{"line":204,"column":13},"skip":true},"88":{"start":{"line":200,"column":16},"end":{"line":203,"column":18},"skip":true},"89":{"start":{"line":207,"column":8},"end":{"line":455,"column":2},"skip":true},"90":{"start":{"line":460,"column":8},"end":{"line":463,"column":36},"skip":true},"91":{"start":{"line":466,"column":8},"end":{"line":482,"column":15},"skip":true},"92":{"start":{"line":470,"column":16},"end":{"line":481,"column":17},"skip":true},"93":{"start":{"line":472,"column":20},"end":{"line":472,"column":60},"skip":true},"94":{"start":{"line":474,"column":20},"end":{"line":474,"column":47},"skip":true},"95":{"start":{"line":476,"column":20},"end":{"line":476,"column":47},"skip":true},"96":{"start":{"line":478,"column":20},"end":{"line":478,"column":35},"skip":true},"97":{"start":{"line":480,"column":20},"end":{"line":480,"column":34},"skip":true},"98":{"start":{"line":484,"column":8},"end":{"line":486,"column":9},"skip":true},"99":{"start":{"line":485,"column":12},"end":{"line":485,"column":18},"skip":true},"100":{"start":{"line":487,"column":8},"end":{"line":489,"column":54},"skip":true},"101":{"start":{"line":490,"column":8},"end":{"line":490,"column":82},"skip":true},"102":{"start":{"line":493,"column":8},"end":{"line":495,"column":9},"skip":true},"103":{"start":{"line":494,"column":12},"end":{"line":494,"column":82},"skip":true},"104":{"start":{"line":497,"column":8},"end":{"line":499,"column":9},"skip":true},"105":{"start":{"line":498,"column":12},"end":{"line":498,"column":18},"skip":true},"106":{"start":{"line":500,"column":8},"end":{"line":500,"column":54},"skip":true},"107":{"start":{"line":501,"column":8},"end":{"line":501,"column":69},"skip":true},"108":{"start":{"line":502,"column":8},"end":{"line":510,"column":36},"skip":true},"109":{"start":{"line":503,"column":12},"end":{"line":503,"column":61},"skip":true},"110":{"start":{"line":504,"column":12},"end":{"line":507,"column":13},"skip":true},"111":{"start":{"line":505,"column":16},"end":{"line":505,"column":75},"skip":true},"112":{"start":{"line":506,"column":16},"end":{"line":506,"column":23},"skip":true},"113":{"start":{"line":508,"column":12},"end":{"line":508,"column":38},"skip":true},"114":{"start":{"line":509,"column":12},"end":{"line":509,"column":27},"skip":true},"115":{"start":{"line":511,"column":8},"end":{"line":511,"column":14},"skip":true}},"branchMap":{"1":{"line":41,"type":"binary-expr","locations":[{"start":{"line":41,"column":31},"end":{"line":41,"column":72}},{"start":{"line":42,"column":20},"end":{"line":42,"column":70}},{"start":{"line":43,"column":20},"end":{"line":43,"column":26}}]},"2":{"line":46,"type":"binary-expr","locations":[{"start":{"line":46,"column":27},"end":{"line":46,"column":39}},{"start":{"line":46,"column":43},"end":{"line":46,"column":52}}]},"3":{"line":49,"type":"cond-expr","locations":[{"start":{"line":50,"column":14},"end":{"line":50,"column":20}},{"start":{"line":51,"column":14},"end":{"line":51,"column":20}}]},"4":{"line":53,"type":"binary-expr","locations":[{"start":{"line":53,"column":16},"end":{"line":53,"column":44}},{"start":{"line":53,"column":49},"end":{"line":55,"column":43}}]},"5":{"line":53,"type":"cond-expr","locations":[{"start":{"line":54,"column":14},"end":{"line":54,"column":53}},{"start":{"line":55,"column":14},"end":{"line":55,"column":43}}]},"6":{"line":59,"type":"switch","locations":[{"start":{"line":65,"column":4},"end":{"line":146,"column":14},"skip":true},{"start":{"line":152,"column":4},"end":{"line":511,"column":14},"skip":true}]},"7":{"line":67,"type":"if","locations":[{"start":{"line":67,"column":12},"end":{"line":67,"column":12},"skip":true},{"start":{"line":67,"column":12},"end":{"line":67,"column":12},"skip":true}]},"8":{"line":67,"type":"binary-expr","locations":[{"start":{"line":67,"column":16},"end":{"line":67,"column":22},"skip":true},{"start":{"line":67,"column":27},"end":{"line":67,"column":32},"skip":true},{"start":{"line":68,"column":20},"end":{"line":68,"column":39},"skip":true},{"start":{"line":69,"column":20},"end":{"line":69,"column":49},"skip":true},{"start":{"line":70,"column":20},"end":{"line":70,"column":58},"skip":true},{"start":{"line":71,"column":20},"end":{"line":71,"column":69},"skip":true}]},"9":{"line":76,"type":"switch","locations":[{"start":{"line":77,"column":20},"end":{"line":77,"column":33},"skip":true},{"start":{"line":78,"column":20},"end":{"line":80,"column":30},"skip":true},{"start":{"line":81,"column":20},"end":{"line":82,"column":49},"skip":true}]},"10":{"line":86,"type":"switch","locations":[{"start":{"line":87,"column":12},"end":{"line":99,"column":22},"skip":true},{"start":{"line":101,"column":12},"end":{"line":102,"column":22},"skip":true}]},"11":{"line":86,"type":"binary-expr","locations":[{"start":{"line":86,"column":20},"end":{"line":86,"column":25},"skip":true},{"start":{"line":86,"column":29},"end":{"line":86,"column":48},"skip":true},{"start":{"line":86,"column":52},"end":{"line":86,"column":74},"skip":true}]},"12":{"line":89,"type":"if","locations":[{"start":{"line":89,"column":16},"end":{"line":89,"column":16},"skip":true},{"start":{"line":89,"column":16},"end":{"line":89,"column":16},"skip":true}]},"13":{"line":104,"type":"if","locations":[{"start":{"line":104,"column":12},"end":{"line":104,"column":12},"skip":true},{"start":{"line":104,"column":12},"end":{"line":104,"column":12},"skip":true}]},"14":{"line":104,"type":"binary-expr","locations":[{"start":{"line":104,"column":16},"end":{"line":104,"column":61},"skip":true},{"start":{"line":104,"column":66},"end":{"line":104,"column":72},"skip":true},{"start":{"line":104,"column":77},"end":{"line":104,"column":82},"skip":true},{"start":{"line":105,"column":20},"end":{"line":105,"column":39},"skip":true},{"start":{"line":106,"column":20},"end":{"line":106,"column":49},"skip":true},{"start":{"line":107,"column":20},"end":{"line":107,"column":58},"skip":true},{"start":{"line":108,"column":20},"end":{"line":108,"column":68},"skip":true}]},"15":{"line":125,"type":"if","locations":[{"start":{"line":125,"column":16},"end":{"line":125,"column":16},"skip":true},{"start":{"line":125,"column":16},"end":{"line":125,"column":16},"skip":true}]},"16":{"line":130,"type":"cond-expr","locations":[{"start":{"line":131,"column":26},"end":{"line":131,"column":29},"skip":true},{"start":{"line":132,"column":26},"end":{"line":132,"column":54},"skip":true}]},"17":{"line":191,"type":"binary-expr","locations":[{"start":{"line":191,"column":27},"end":{"line":191,"column":43},"skip":true},{"start":{"line":191,"column":47},"end":{"line":191,"column":49},"skip":true}]},"18":{"line":198,"type":"binary-expr","locations":[{"start":{"line":198,"column":37},"end":{"line":198,"column":59},"skip":true},{"start":{"line":198,"column":63},"end":{"line":198,"column":65},"skip":true}]},"19":{"line":199,"type":"if","locations":[{"start":{"line":199,"column":12},"end":{"line":199,"column":12},"skip":true},{"start":{"line":199,"column":12},"end":{"line":199,"column":12},"skip":true}]},"20":{"line":461,"type":"binary-expr","locations":[{"start":{"line":461,"column":12},"end":{"line":461,"column":60},"skip":true},{"start":{"line":462,"column":12},"end":{"line":463,"column":35},"skip":true}]},"21":{"line":470,"type":"switch","locations":[{"start":{"line":471,"column":16},"end":{"line":472,"column":60},"skip":true},{"start":{"line":473,"column":16},"end":{"line":474,"column":47},"skip":true},{"start":{"line":475,"column":16},"end":{"line":476,"column":47},"skip":true},{"start":{"line":477,"column":16},"end":{"line":478,"column":35},"skip":true},{"start":{"line":479,"column":16},"end":{"line":480,"column":34},"skip":true}]},"22":{"line":484,"type":"if","locations":[{"start":{"line":484,"column":8},"end":{"line":484,"column":8},"skip":true},{"start":{"line":484,"column":8},"end":{"line":484,"column":8},"skip":true}]},"23":{"line":484,"type":"binary-expr","locations":[{"start":{"line":484,"column":12},"end":{"line":484,"column":35},"skip":true},{"start":{"line":484,"column":39},"end":{"line":484,"column":67},"skip":true}]},"24":{"line":488,"type":"binary-expr","locations":[{"start":{"line":488,"column":12},"end":{"line":488,"column":50},"skip":true},{"start":{"line":489,"column":12},"end":{"line":489,"column":53},"skip":true}]},"25":{"line":490,"type":"binary-expr","locations":[{"start":{"line":490,"column":43},"end":{"line":490,"column":75},"skip":true},{"start":{"line":490,"column":79},"end":{"line":490,"column":81},"skip":true}]},"26":{"line":493,"type":"if","locations":[{"start":{"line":493,"column":8},"end":{"line":493,"column":8},"skip":true},{"start":{"line":493,"column":8},"end":{"line":493,"column":8},"skip":true}]},"27":{"line":497,"type":"if","locations":[{"start":{"line":497,"column":8},"end":{"line":497,"column":8},"skip":true},{"start":{"line":497,"column":8},"end":{"line":497,"column":8},"skip":true}]},"28":{"line":500,"type":"binary-expr","locations":[{"start":{"line":500,"column":27},"end":{"line":500,"column":43},"skip":true},{"start":{"line":500,"column":47},"end":{"line":500,"column":53},"skip":true}]},"29":{"line":504,"type":"if","locations":[{"start":{"line":504,"column":12},"end":{"line":504,"column":12},"skip":true},{"start":{"line":504,"column":12},"end":{"line":504,"column":12},"skip":true}]}},"code":["/*","example.js","","this script will run a web-demo of npmtest-commander","","instruction","    1. save this script as example.js","    2. run the shell command:","        $ npm install npmtest-commander && PORT=8081 node example.js","    3. open a browser to http://127.0.0.1:8081 and play with the web-demo","    4. edit this script to suit your needs","*/","","","","/* istanbul instrument in package npmtest_commander */","/* jslint-utility2 */","/*jslint","    bitwise: true,","    browser: true,","    maxerr: 4,","    maxlen: 100,","    node: true,","    nomen: true,","    regexp: true,","    stupid: true","*/","(function () {","    'use strict';","    var local;","","","","    // run shared js-env code - init-before","    (function () {","        // init local","        local = {};","        // init modeJs","        (function () {","            try {","                local.modeJs = typeof process.versions.node === 'string' &&","                    typeof require('http').createServer === 'function' &&","                    'node';","            } catch (ignore) {","            }","            local.modeJs = local.modeJs || 'browser';","        }());","        // init global","        local.global = local.modeJs === 'browser'","            ? window","            : global;","        // re-init local","        local = local.global.utility2_rollup || (local.modeJs === 'browser'","            ? local.global.utility2_npmtest_commander","            : global.utility2_moduleExports);","        // init exports","        local.global.local = local;","    }());","    switch (local.modeJs) {","","","","    // run browser js-env code - init-test","    /* istanbul ignore next */","    case 'browser':","        local.testRunBrowser = function (event) {","            if (!event || (event &&","                    event.currentTarget &&","                    event.currentTarget.className &&","                    event.currentTarget.className.includes &&","                    event.currentTarget.className.includes('onreset'))) {","                // reset output","                Array.from(","                    document.querySelectorAll('body > .resettable')","                ).forEach(function (element) {","                    switch (element.tagName) {","                    case 'INPUT':","                    case 'TEXTAREA':","                        element.value = '';","                        break;","                    default:","                        element.textContent = '';","                    }","                });","            }","            switch (event && event.currentTarget && event.currentTarget.id) {","            case 'testRunButton1':","                // show tests","                if (document.querySelector('#testReportDiv1').style.maxHeight === '0px') {","                    local.uiAnimateSlideDown(document.querySelector('#testReportDiv1'));","                    document.querySelector('#testRunButton1').textContent = 'hide internal test';","                    local.modeTest = true;","                    local.testRunDefault(local);","                // hide tests","                } else {","                    local.uiAnimateSlideUp(document.querySelector('#testReportDiv1'));","                    document.querySelector('#testRunButton1').textContent = 'run internal test';","                }","                break;","            // custom-case","            default:","                break;","            }","            if (document.querySelector('#inputTextareaEval1') && (!event || (event &&","                    event.currentTarget &&","                    event.currentTarget.className &&","                    event.currentTarget.className.includes &&","                    event.currentTarget.className.includes('oneval')))) {","                // try to eval input-code","                try {","                    /*jslint evil: true*/","                    eval(document.querySelector('#inputTextareaEval1').value);","                } catch (errorCaught) {","                    console.error(errorCaught);","                }","            }","        };","        // log stderr and stdout to #outputTextareaStdout1","        ['error', 'log'].forEach(function (key) {","            console[key + '_original'] = console[key];","            console[key] = function () {","                var element;","                console[key + '_original'].apply(console, arguments);","                element = document.querySelector('#outputTextareaStdout1');","                if (!element) {","                    return;","                }","                // append text to #outputTextareaStdout1","                element.value += Array.from(arguments).map(function (arg) {","                    return typeof arg === 'string'","                        ? arg","                        : JSON.stringify(arg, null, 4);","                }).join(' ') + '\\n';","                // scroll textarea to bottom","                element.scrollTop = element.scrollHeight;","            };","        });","        // init event-handling","        ['change', 'click', 'keyup'].forEach(function (event) {","            Array.from(document.querySelectorAll('.on' + event)).forEach(function (element) {","                element.addEventListener(event, local.testRunBrowser);","            });","        });","        // run tests","        local.testRunBrowser();","        break;","","","","    // run node js-env code - init-test","    /* istanbul ignore next */","    case 'node':","        // init exports","        module.exports = local;","        // require builtins","        // local.assert = require('assert');","        local.buffer = require('buffer');","        local.child_process = require('child_process');","        local.cluster = require('cluster');","        local.console = require('console');","        local.constants = require('constants');","        local.crypto = require('crypto');","        local.dgram = require('dgram');","        local.dns = require('dns');","        local.domain = require('domain');","        local.events = require('events');","        local.fs = require('fs');","        local.http = require('http');","        local.https = require('https');","        local.module = require('module');","        local.net = require('net');","        local.os = require('os');","        local.path = require('path');","        local.process = require('process');","        local.punycode = require('punycode');","        local.querystring = require('querystring');","        local.readline = require('readline');","        local.repl = require('repl');","        local.stream = require('stream');","        local.string_decoder = require('string_decoder');","        local.timers = require('timers');","        local.tls = require('tls');","        local.tty = require('tty');","        local.url = require('url');","        local.util = require('util');","        local.v8 = require('v8');","        local.vm = require('vm');","        local.zlib = require('zlib');","        /* validateLineSortedReset */","        // init assets","        local.assetsDict = local.assetsDict || {};","        [","            'assets.index.template.html',","            'assets.swgg.swagger.json',","            'assets.swgg.swagger.server.json'","        ].forEach(function (file) {","            file = '/' + file;","            local.assetsDict[file] = local.assetsDict[file] || '';","            if (local.fs.existsSync(local.__dirname + file)) {","                local.assetsDict[file] = local.fs.readFileSync(","                    local.__dirname + file,","                    'utf8'","                );","            }","        });","        /* jslint-ignore-begin */","        local.assetsDict['/assets.index.template.html'] = '\\","<!doctype html>\\n\\","<html lang=\"en\">\\n\\","<head>\\n\\","<meta charset=\"UTF-8\">\\n\\","<meta name=\"viewport\" content=\"width=device-width, initial-scale=1\">\\n\\","<!-- \"assets.utility2.template.html\" -->\\n\\","<title>{{env.npm_package_name}} ({{env.npm_package_version}})</title>\\n\\","<style>\\n\\","/* jslint-utility2 */\\n\\","/*csslint\\n\\","*/\\n\\","/* jslint-ignore-begin */\\n\\","*,\\n\\","*:after,\\n\\","*:before {\\n\\","    box-sizing: border-box;\\n\\","}\\n\\","/* jslint-ignore-end */\\n\\","@keyframes uiAnimateShake {\\n\\","    0%, 50% {\\n\\","        transform: translateX(10px);\\n\\","    }\\n\\","    25%, 75% {\\n\\","        transform: translateX(-10px);\\n\\","    }\\n\\","    100% {\\n\\","        transform: translateX(0);\\n\\","    }\\n\\","}\\n\\","@keyframes uiAnimateSpin {\\n\\","    0% {\\n\\","        transform: rotate(0deg);\\n\\","    }\\n\\","    100% {\\n\\","        transform: rotate(360deg);\\n\\","    }\\n\\","}\\n\\","a {\\n\\","    overflow-wrap: break-word;\\n\\","}\\n\\","body {\\n\\","    background: #eef;\\n\\","    font-family: Arial, Helvetica, sans-serif;\\n\\","    margin: 0 40px;\\n\\","}\\n\\","body > div,\\n\\","body > pre,\\n\\","body > textarea,\\n\\","body > .button {\\n\\","    margin-bottom: 20px;\\n\\","}\\n\\","body > textarea {\\n\\","    height: 10rem;\\n\\","    width: 100%;\\n\\","}\\n\\","body > textarea[readonly] {\\n\\","    background: #ddd;\\n\\","}\\n\\","body > .button {\\n\\","    width: 20rem;\\n\\","}\\n\\","code,\\n\\","pre,\\n\\","textarea {\\n\\","    font-family: Consolas, Menlo, monospace;\\n\\","    font-size: small;\\n\\","}\\n\\","pre {\\n\\","    overflow-wrap: break-word;\\n\\","    white-space: pre-wrap;\\n\\","}\\n\\","textarea {\\n\\","    overflow: auto;\\n\\","    white-space: pre;\\n\\","}\\n\\",".button {\\n\\","    background-color: #fff;\\n\\","    border: 1px solid;\\n\\","    border-bottom-color: rgb(186, 186, 186);\\n\\","    border-left-color: rgb(209, 209, 209);\\n\\","    border-radius: 4px;\\n\\","    border-right-color: rgb(209, 209, 209);\\n\\","    border-top-color: rgb(216, 216, 216);\\n\\","    color: #00d;\\n\\","    cursor: pointer;\\n\\","    display: inline-block;\\n\\","    font-family: Arial, Helvetica, sans-serif;\\n\\","    font-size: 12px;\\n\\","    font-style: normal;\\n\\","    font-weight: normal;\\n\\","    margin: 0;\\n\\","    padding: 2px 7px 3px 7px;\\n\\","    text-align: center;\\n\\","    text-decoration: underline;\\n\\","}\\n\\",".colorError {\\n\\","    color: #d00;\\n\\","}\\n\\",".uiAnimateShake {\\n\\","    animation-duration: 500ms;\\n\\","    animation-name: uiAnimateShake;\\n\\","}\\n\\",".uiAnimateSlide {\\n\\","    overflow-y: hidden;\\n\\","    transition: max-height ease-in 250ms, min-height ease-in 250ms, padding-bottom ease-in 250ms, padding-top ease-in 250ms;\\n\\","}\\n\\",".utility2FooterDiv {\\n\\","    text-align: center;\\n\\","}\\n\\",".zeroPixel {\\n\\","    border: 0;\\n\\","    height: 0;\\n\\","    margin: 0;\\n\\","    padding: 0;\\n\\","    width: 0;\\n\\","}\\n\\","</style>\\n\\","</head>\\n\\","<body>\\n\\","<div id=\"ajaxProgressDiv1\" style=\"background: #d00; height: 2px; left: 0; margin: 0; padding: 0; position: fixed; top: 0; transition: background 500ms, width 1500ms; width: 0%; z-index: 1;\"></div>\\n\\","<div class=\"uiAnimateSpin\" style=\"animation: uiAnimateSpin 2s linear infinite; border: 5px solid #999; border-radius: 50%; border-top: 5px solid #7d7; display: none; height: 25px; vertical-align: middle; width: 25px;\"></div>\\n\\","<code style=\"display: none;\"></code><div class=\"button colorError uiAnimateShake uiAnimateSlide utility2FooterDiv zeroPixel\" style=\"display: none;\"></div><pre style=\"display: none;\"></pre><textarea readonly style=\"display: none;\"></textarea>\\n\\","<script>\\n\\","/* jslint-utility2 */\\n\\","/*jslint\\n\\","    bitwise: true,\\n\\","    browser: true,\\n\\","    maxerr: 4,\\n\\","    maxlen: 100,\\n\\","    node: true,\\n\\","    nomen: true,\\n\\","    regexp: true,\\n\\","    stupid: true\\n\\","*/\\n\\","// init timerIntervalAjaxProgressUpdate\\n\\","(function () {\\n\\","/*\\n\\"," * this function will increment the ajax-progress-bar until the webpage has loaded\\n\\"," */\\n\\","    \"use strict\";\\n\\","    var ajaxProgressDiv1,\\n\\","        ajaxProgressState,\\n\\","        ajaxProgressUpdate;\\n\\","    if (window.timerIntervalAjaxProgressUpdate) {\\n\\","        return;\\n\\","    }\\n\\","    ajaxProgressDiv1 = document.querySelector(\"#ajaxProgressDiv1\");\\n\\","    setTimeout(function () {\\n\\","        ajaxProgressDiv1.style.width = \"25%\";\\n\\","    });\\n\\","    ajaxProgressState = 0;\\n\\","    ajaxProgressUpdate = (window.local &&\\n\\","        window.local.ajaxProgressUpdate) || function () {\\n\\","        ajaxProgressDiv1.style.width = \"100%\";\\n\\","        setTimeout(function () {\\n\\","            ajaxProgressDiv1.style.background = \"transparent\";\\n\\","            setTimeout(function () {\\n\\","                ajaxProgressDiv1.style.width = \"0%\";\\n\\","            }, 500);\\n\\","        }, 1500);\\n\\","    };\\n\\","    window.timerIntervalAjaxProgressUpdate = setInterval(function () {\\n\\","        ajaxProgressState += 1;\\n\\","        ajaxProgressDiv1.style.width = Math.max(\\n\\","            100 - 75 * Math.exp(-0.125 * ajaxProgressState),\\n\\","            ajaxProgressDiv1.style.width.slice(0, -1) | 0\\n\\","        ) + \"%\";\\n\\","    }, 1000);\\n\\","    window.addEventListener(\"load\", function () {\\n\\","        clearInterval(window.timerIntervalAjaxProgressUpdate);\\n\\","        ajaxProgressUpdate();\\n\\","    });\\n\\","}());\\n\\","// init domOnEventSelectAllWithinPre\\n\\","(function () {\\n\\","/*\\n\\"," * this function will limit select-all within <pre tabIndex=\"0\"> elements\\n\\"," * https://stackoverflow.com/questions/985272/selecting-text-in-an-element-akin-to-highlighting-with-your-mouse\\n\\"," */\\n\\","    \"use strict\";\\n\\","    if (window.domOnEventSelectAllWithinPre) {\\n\\","        return;\\n\\","    }\\n\\","    window.domOnEventSelectAllWithinPre = function (event) {\\n\\","        var range, selection;\\n\\","        if (event &&\\n\\","                event.code === \"KeyA\" &&\\n\\","                (event.ctrlKey || event.metaKey) &&\\n\\","                event.target.closest(\"pre\")) {\\n\\","            range = document.createRange();\\n\\","            range.selectNodeContents(event.target.closest(\"pre\"));\\n\\","            selection = window.getSelection();\\n\\","            selection.removeAllRanges();\\n\\","            selection.addRange(range);\\n\\","            event.preventDefault();\\n\\","        }\\n\\","    };\\n\\","    document.addEventListener(\"keydown\", window.domOnEventSelectAllWithinPre);\\n\\","}());\\n\\","</script>\\n\\","<h1>\\n\\","<!-- utility2-comment\\n\\","    <a\\n\\","        {{#if env.npm_package_homepage}}\\n\\","        href=\"{{env.npm_package_homepage}}\"\\n\\","        {{/if env.npm_package_homepage}}\\n\\","        target=\"_blank\"\\n\\","    >\\n\\","utility2-comment -->\\n\\","        {{env.npm_package_name}} ({{env.npm_package_version}})\\n\\","<!-- utility2-comment\\n\\","    </a>\\n\\","utility2-comment -->\\n\\","</h1>\\n\\","<h3>{{env.npm_package_description}}</h3>\\n\\","<!-- utility2-comment\\n\\","<a class=\"button\" download href=\"assets.app.js\">download standalone app</a><br>\\n\\","<button class=\"button onclick onreset\" id=\"testRunButton1\">run internal test</button><br>\\n\\","<div class=\"uiAnimateSlide\" id=\"testReportDiv1\" style=\"border-bottom: 0; border-top: 0; margin-bottom: 0; margin-top: 0; max-height: 0; padding-bottom: 0; padding-top: 0;\"></div>\\n\\","utility2-comment -->\\n\\","\\n\\","\\n\\","\\n\\","<label>stderr and stdout</label>\\n\\","<textarea class=\"resettable\" id=\"outputTextareaStdout1\" readonly></textarea>\\n\\","<!-- utility2-comment\\n\\","{{#if isRollup}}\\n\\","<script src=\"assets.app.js\"></script>\\n\\","{{#unless isRollup}}\\n\\","utility2-comment -->\\n\\","<script src=\"assets.utility2.rollup.js\"></script>\\n\\","<script>window.utility2.onResetBefore.counter += 1;</script>\\n\\","<script src=\"jsonp.utility2.stateInit?callback=window.utility2.stateInit\"></script>\\n\\","<script src=\"assets.npmtest_commander.js\"></script>\\n\\","<script src=\"assets.example.js\"></script>\\n\\","<script src=\"assets.test.js\"></script>\\n\\","<script>window.utility2.onResetBefore();</script>\\n\\","<!-- utility2-comment\\n\\","{{/if isRollup}}\\n\\","utility2-comment -->\\n\\","<div class=\"utility2FooterDiv\">\\n\\","    [ this app was created with\\n\\","    <a href=\"https://github.com/kaizhu256/node-utility2\" target=\"_blank\">utility2</a>\\n\\","    ]\\n\\","</div>\\n\\","</body>\\n\\","</html>\\n\\","';","        /* jslint-ignore-end */","        /* validateLineSortedReset */","        /* jslint-ignore-begin */","        // bug-workaround - long $npm_package_buildCustomOrg","        local.assetsDict['/assets.npmtest_commander.js'] =","            local.assetsDict['/assets.npmtest_commander.js'] ||","            local.fs.readFileSync(local.__dirname + '/lib.npmtest_commander.js', 'utf8'","        ).replace((/^#!\\//), '// ');","        /* jslint-ignore-end */","        /* validateLineSortedReset */","        local.assetsDict['/'] =","            local.assetsDict['/assets.example.html'] =","            local.assetsDict['/assets.index.template.html']","            .replace((/\\{\\{env\\.(\\w+?)\\}\\}/g), function (match0, match1) {","                switch (match1) {","                case 'npm_package_description':","                    return 'the greatest app in the world!';","                case 'npm_package_name':","                    return 'npmtest-commander';","                case 'npm_package_nameLib':","                    return 'npmtest_commander';","                case 'npm_package_version':","                    return '0.0.1';","                default:","                    return match0;","                }","            });","        // init cli","        if (module !== require.main || local.global.utility2_rollup) {","            break;","        }","        local.assetsDict['/assets.example.js'] =","            local.assetsDict['/assets.example.js'] ||","            local.fs.readFileSync(__filename, 'utf8');","        local.assetsDict['/favicon.ico'] = local.assetsDict['/favicon.ico'] || '';","        // if $npm_config_timeout_exit exists,","        // then exit this process after $npm_config_timeout_exit ms","        if (Number(process.env.npm_config_timeout_exit)) {","            setTimeout(process.exit, Number(process.env.npm_config_timeout_exit));","        }","        // start server","        if (local.global.utility2_serverHttp1) {","            break;","        }","        process.env.PORT = process.env.PORT || '8081';","        console.error('server starting on port ' + process.env.PORT);","        local.http.createServer(function (request, response) {","            request.urlParsed = local.url.parse(request.url);","            if (local.assetsDict[request.urlParsed.pathname] !== undefined) {","                response.end(local.assetsDict[request.urlParsed.pathname]);","                return;","            }","            response.statusCode = 404;","            response.end();","        }).listen(process.env.PORT);","        break;","    }","}());",""],"l":{"28":2,"30":2,"35":2,"37":2,"39":2,"40":2,"41":2,"46":2,"49":2,"53":2,"57":2,"59":2,"66":1,"67":2,"73":2,"76":2,"79":2,"80":2,"82":1,"86":2,"89":1,"90":1,"91":1,"92":1,"93":1,"96":1,"97":1,"99":1,"102":1,"104":2,"110":1,"112":1,"114":1,"119":1,"120":2,"121":2,"122":20,"123":20,"124":20,"125":20,"126":1,"129":20,"130":20,"135":20,"139":1,"140":3,"141":1,"145":1,"146":1,"154":1,"157":1,"158":1,"159":1,"160":1,"161":1,"162":1,"163":1,"164":1,"165":1,"166":1,"167":1,"168":1,"169":1,"170":1,"171":1,"172":1,"173":1,"174":1,"175":1,"176":1,"177":1,"178":1,"179":1,"180":1,"181":1,"182":1,"183":1,"184":1,"185":1,"186":1,"187":1,"188":1,"191":1,"192":1,"197":3,"198":3,"199":3,"200":1,"207":1,"460":1,"466":1,"470":6,"472":1,"474":2,"476":1,"478":2,"480":1,"484":1,"485":1,"487":1,"490":1,"493":1,"494":1,"497":1,"498":1,"500":1,"501":1,"502":1,"503":1,"504":1,"505":1,"506":1,"508":1,"509":1,"511":1}},"/home/travis/build/npmtest/node-npmtest-commander/node_modules/commander/index.js":{"path":"/home/travis/build/npmtest/node-npmtest-commander/node_modules/commander/index.js","s":{"1":1,"2":1,"3":1,"4":1,"5":1,"6":1,"7":1,"8":1,"9":1,"10":1,"11":1,"12":0,"13":0,"14":0,"15":0,"16":0,"17":0,"18":0,"19":0,"20":0,"21":1,"22":0,"23":1,"24":0,"25":1,"26":0,"27":1,"28":1,"29":1,"30":1,"31":1,"32":1,"33":1,"34":1,"35":0,"36":0,"37":0,"38":0,"39":0,"40":0,"41":0,"42":0,"43":0,"44":0,"45":0,"46":0,"47":0,"48":0,"49":0,"50":0,"51":0,"52":0,"53":0,"54":1,"55":0,"56":1,"57":0,"58":1,"59":0,"60":0,"61":0,"62":0,"63":0,"64":0,"65":0,"66":0,"67":0,"68":0,"69":0,"70":0,"71":0,"72":0,"73":0,"74":0,"75":0,"76":1,"77":0,"78":0,"79":0,"80":0,"81":0,"82":0,"83":0,"84":0,"85":0,"86":0,"87":0,"88":0,"89":0,"90":0,"91":0,"92":0,"93":0,"94":0,"95":0,"96":0,"97":0,"98":0,"99":0,"100":0,"101":0,"102":0,"103":0,"104":1,"105":0,"106":0,"107":0,"108":0,"109":0,"110":0,"111":0,"112":0,"113":0,"114":0,"115":0,"116":0,"117":0,"118":0,"119":0,"120":0,"121":0,"122":0,"123":0,"124":0,"125":0,"126":0,"127":0,"128":0,"129":0,"130":0,"131":1,"132":0,"133":0,"134":1,"135":0,"136":0,"137":0,"138":0,"139":0,"140":0,"141":0,"142":0,"143":0,"144":0,"145":0,"146":0,"147":0,"148":0,"149":0,"150":0,"151":0,"152":0,"153":0,"154":0,"155":0,"156":0,"157":0,"158":1,"159":0,"160":0,"161":0,"162":0,"163":0,"164":0,"165":0,"166":0,"167":0,"168":0,"169":0,"170":0,"171":0,"172":0,"173":0,"174":0,"175":0,"176":0,"177":0,"178":0,"179":0,"180":0,"181":0,"182":0,"183":0,"184":0,"185":0,"186":0,"187":0,"188":0,"189":0,"190":0,"191":0,"192":0,"193":0,"194":0,"195":0,"196":0,"197":0,"198":0,"199":0,"200":0,"201":0,"202":0,"203":1,"204":0,"205":0,"206":0,"207":0,"208":0,"209":0,"210":0,"211":0,"212":0,"213":0,"214":0,"215":0,"216":0,"217":0,"218":0,"219":0,"220":0,"221":1,"222":0,"223":0,"224":0,"225":0,"226":0,"227":0,"228":0,"229":0,"230":0,"231":0,"232":1,"233":0,"234":0,"235":0,"236":1,"237":0,"238":0,"239":0,"240":0,"241":0,"242":0,"243":0,"244":0,"245":0,"246":0,"247":0,"248":0,"249":0,"250":0,"251":0,"252":0,"253":0,"254":0,"255":0,"256":0,"257":0,"258":0,"259":0,"260":0,"261":0,"262":0,"263":0,"264":0,"265":0,"266":0,"267":0,"268":0,"269":1,"270":0,"271":0,"272":0,"273":0,"274":0,"275":1,"276":0,"277":0,"278":0,"279":0,"280":1,"281":0,"282":0,"283":0,"284":0,"285":0,"286":0,"287":1,"288":0,"289":0,"290":0,"291":0,"292":0,"293":0,"294":1,"295":0,"296":0,"297":0,"298":0,"299":1,"300":0,"301":0,"302":0,"303":0,"304":0,"305":0,"306":0,"307":0,"308":0,"309":0,"310":0,"311":1,"312":0,"313":0,"314":0,"315":0,"316":0,"317":1,"318":0,"319":0,"320":0,"321":0,"322":0,"323":0,"324":0,"325":0,"326":0,"327":1,"328":0,"329":0,"330":0,"331":0,"332":0,"333":0,"334":0,"335":1,"336":0,"337":0,"338":0,"339":0,"340":1,"341":0,"342":0,"343":0,"344":0,"345":0,"346":1,"347":0,"348":0,"349":0,"350":1,"351":0,"352":0,"353":0,"354":0,"355":1,"356":0,"357":0,"358":1,"359":0,"360":0,"361":0,"362":0,"363":0,"364":0,"365":0,"366":0,"367":1,"368":0,"369":0,"370":0,"371":1,"372":0,"373":0,"374":0,"375":0,"376":0,"377":0,"378":0,"379":1,"380":0,"381":0,"382":0,"383":0,"384":0,"385":0,"386":0,"387":0,"388":0,"389":0,"390":0,"391":0,"392":0,"393":0,"394":0,"395":0,"396":0,"397":0,"398":0,"399":0,"400":0,"401":1,"402":0,"403":0,"404":0,"405":0,"406":0,"407":1,"408":0,"409":0,"410":1,"411":0,"412":0,"413":1,"414":0,"415":0,"416":1,"417":0,"418":0,"419":0,"420":0,"421":0,"422":1,"423":0,"424":0,"425":1,"426":0,"427":0,"428":0,"429":0},"b":{"1":[0,0],"2":[0,0],"3":[0,0],"4":[0,0],"5":[1,1],"6":[0,0],"7":[0,0],"8":[0,0],"9":[0,0],"10":[0,0],"11":[0,0],"12":[0,0],"13":[0,0],"14":[0,0],"15":[0,0],"16":[0,0],"17":[0,0],"18":[0,0],"19":[0,0],"20":[0,0],"21":[0,0],"22":[0,0],"23":[0,0],"24":[0,0],"25":[0,0],"26":[0,0],"27":[0,0],"28":[0,0],"29":[0,0],"30":[0,0],"31":[0,0],"32":[0,0],"33":[0,0,0],"34":[0,0],"35":[0,0],"36":[0,0],"37":[0,0],"38":[0,0],"39":[0,0],"40":[0,0],"41":[0,0],"42":[0,0],"43":[0,0],"44":[0,0],"45":[0,0],"46":[0,0],"47":[0,0],"48":[0,0],"49":[0,0,0],"50":[0,0],"51":[0,0],"52":[0,0],"53":[0,0],"54":[0,0],"55":[0,0],"56":[0,0],"57":[0,0],"58":[0,0],"59":[0,0],"60":[0,0],"61":[0,0],"62":[0,0],"63":[0,0],"64":[0,0],"65":[0,0],"66":[0,0],"67":[0,0],"68":[0,0],"69":[0,0],"70":[0,0],"71":[0,0],"72":[0,0],"73":[0,0],"74":[0,0],"75":[0,0],"76":[0,0,0],"77":[0,0],"78":[0,0],"79":[0,0],"80":[0,0],"81":[0,0],"82":[0,0],"83":[0,0],"84":[0,0],"85":[0,0],"86":[0,0],"87":[0,0],"88":[0,0],"89":[0,0],"90":[0,0,0],"91":[0,0],"92":[0,0],"93":[0,0],"94":[0,0],"95":[0,0],"96":[0,0],"97":[0,0],"98":[0,0],"99":[0,0],"100":[0,0],"101":[0,0],"102":[0,0],"103":[0,0],"104":[0,0],"105":[0,0],"106":[0,0],"107":[0,0],"108":[0,0],"109":[0,0],"110":[0,0],"111":[0,0],"112":[0,0],"113":[0,0],"114":[0,0],"115":[0,0],"116":[0,0],"117":[0,0],"118":[0,0],"119":[0,0],"120":[0,0],"121":[0,0],"122":[0,0],"123":[0,0],"124":[0,0],"125":[0,0],"126":[0,0],"127":[0,0],"128":[0,0],"129":[0,0],"130":[0,0],"131":[0,0],"132":[0,0],"133":[0,0],"134":[0,0],"135":[0,0]},"f":{"1":0,"2":0,"3":0,"4":0,"5":1,"6":0,"7":0,"8":0,"9":0,"10":0,"11":0,"12":0,"13":0,"14":0,"15":0,"16":0,"17":0,"18":0,"19":0,"20":0,"21":0,"22":0,"23":0,"24":0,"25":0,"26":0,"27":0,"28":0,"29":0,"30":0,"31":0,"32":0,"33":0,"34":0,"35":0,"36":0,"37":0,"38":0,"39":0,"40":0,"41":0,"42":0,"43":0,"44":0,"45":0,"46":0,"47":0,"48":0,"49":0,"50":0,"51":0,"52":0,"53":0,"54":0,"55":0,"56":0,"57":0,"58":0,"59":0,"60":0,"61":0,"62":0,"63":0,"64":0,"65":0,"66":0},"fnMap":{"1":{"name":"Option","line":44,"loc":{"start":{"line":44,"column":0},"end":{"line":44,"column":36}}},"2":{"name":"(anonymous_2)","line":62,"loc":{"start":{"line":62,"column":24},"end":{"line":62,"column":35}}},"3":{"name":"(anonymous_3)","line":76,"loc":{"start":{"line":76,"column":33},"end":{"line":76,"column":44}}},"4":{"name":"(anonymous_4)","line":88,"loc":{"start":{"line":88,"column":22},"end":{"line":88,"column":36}}},"5":{"name":"Command","line":99,"loc":{"start":{"line":99,"column":0},"end":{"line":99,"column":23}}},"6":{"name":"(anonymous_6)","line":169,"loc":{"start":{"line":169,"column":28},"end":{"line":169,"column":55}}},"7":{"name":"(anonymous_7)","line":199,"loc":{"start":{"line":199,"column":30},"end":{"line":199,"column":45}}},"8":{"name":"(anonymous_8)","line":210,"loc":{"start":{"line":210,"column":43},"end":{"line":210,"column":54}}},"9":{"name":"(anonymous_9)","line":224,"loc":{"start":{"line":224,"column":38},"end":{"line":224,"column":53}}},"10":{"name":"(anonymous_10)","line":227,"loc":{"start":{"line":227,"column":15},"end":{"line":227,"column":29}}},"11":{"name":"(anonymous_11)","line":272,"loc":{"start":{"line":272,"column":27},"end":{"line":272,"column":40}}},"12":{"name":"(anonymous_12)","line":274,"loc":{"start":{"line":274,"column":17},"end":{"line":274,"column":41}}},"13":{"name":"(anonymous_13)","line":294,"loc":{"start":{"line":294,"column":23},"end":{"line":294,"column":40}}},"14":{"name":"(anonymous_14)","line":373,"loc":{"start":{"line":373,"column":27},"end":{"line":373,"column":74}}},"15":{"name":"(anonymous_15)","line":383,"loc":{"start":{"line":383,"column":11},"end":{"line":383,"column":30}}},"16":{"name":"(anonymous_16)","line":409,"loc":{"start":{"line":409,"column":29},"end":{"line":409,"column":43}}},"17":{"name":"(anonymous_17)","line":441,"loc":{"start":{"line":441,"column":39},"end":{"line":441,"column":53}}},"18":{"name":"(anonymous_18)","line":454,"loc":{"start":{"line":454,"column":26},"end":{"line":454,"column":41}}},"19":{"name":"(anonymous_19)","line":482,"loc":{"start":{"line":482,"column":40},"end":{"line":482,"column":58}}},"20":{"name":"(anonymous_20)","line":511,"loc":{"start":{"line":511,"column":38},"end":{"line":511,"column":68}}},"21":{"name":"(anonymous_21)","line":570,"loc":{"start":{"line":570,"column":18},"end":{"line":570,"column":35}}},"22":{"name":"(anonymous_22)","line":571,"loc":{"start":{"line":571,"column":23},"end":{"line":571,"column":34}}},"23":{"name":"(anonymous_23)","line":578,"loc":{"start":{"line":578,"column":19},"end":{"line":578,"column":33}}},"24":{"name":"(anonymous_24)","line":601,"loc":{"start":{"line":601,"column":30},"end":{"line":601,"column":45}}},"25":{"name":"(anonymous_25)","line":620,"loc":{"start":{"line":620,"column":37},"end":{"line":620,"column":49}}},"26":{"name":"(anonymous_26)","line":645,"loc":{"start":{"line":645,"column":30},"end":{"line":645,"column":54}}},"27":{"name":"(anonymous_27)","line":676,"loc":{"start":{"line":676,"column":30},"end":{"line":676,"column":44}}},"28":{"name":"(anonymous_28)","line":693,"loc":{"start":{"line":693,"column":33},"end":{"line":693,"column":48}}},"29":{"name":"(anonymous_29)","line":769,"loc":{"start":{"line":769,"column":25},"end":{"line":769,"column":36}}},"30":{"name":"(anonymous_30)","line":787,"loc":{"start":{"line":787,"column":36},"end":{"line":787,"column":51}}},"31":{"name":"(anonymous_31)","line":802,"loc":{"start":{"line":802,"column":42},"end":{"line":802,"column":65}}},"32":{"name":"(anonymous_32)","line":820,"loc":{"start":{"line":820,"column":34},"end":{"line":820,"column":49}}},"33":{"name":"(anonymous_33)","line":835,"loc":{"start":{"line":835,"column":39},"end":{"line":835,"column":54}}},"34":{"name":"(anonymous_34)","line":854,"loc":{"start":{"line":854,"column":28},"end":{"line":854,"column":49}}},"35":{"name":"(anonymous_35)","line":861,"loc":{"start":{"line":861,"column":47},"end":{"line":861,"column":58}}},"36":{"name":"(anonymous_36)","line":877,"loc":{"start":{"line":877,"column":32},"end":{"line":877,"column":63}}},"37":{"name":"(anonymous_37)","line":892,"loc":{"start":{"line":892,"column":26},"end":{"line":892,"column":42}}},"38":{"name":"(anonymous_38)","line":914,"loc":{"start":{"line":914,"column":26},"end":{"line":914,"column":40}}},"39":{"name":"(anonymous_39)","line":915,"loc":{"start":{"line":915,"column":28},"end":{"line":915,"column":42}}},"40":{"name":"(anonymous_40)","line":937,"loc":{"start":{"line":937,"column":25},"end":{"line":937,"column":39}}},"41":{"name":"(anonymous_41)","line":950,"loc":{"start":{"line":950,"column":36},"end":{"line":950,"column":47}}},"42":{"name":"(anonymous_42)","line":951,"loc":{"start":{"line":951,"column":30},"end":{"line":951,"column":44}}},"43":{"name":"(anonymous_43)","line":953,"loc":{"start":{"line":953,"column":9},"end":{"line":953,"column":23}}},"44":{"name":"(anonymous_44)","line":954,"loc":{"start":{"line":954,"column":29},"end":{"line":954,"column":43}}},"45":{"name":"(anonymous_45)","line":975,"loc":{"start":{"line":975,"column":41},"end":{"line":975,"column":52}}},"46":{"name":"(anonymous_46)","line":977,"loc":{"start":{"line":977,"column":25},"end":{"line":977,"column":48}}},"47":{"name":"(anonymous_47)","line":989,"loc":{"start":{"line":989,"column":40},"end":{"line":989,"column":51}}},"48":{"name":"(anonymous_48)","line":994,"loc":{"start":{"line":994,"column":24},"end":{"line":994,"column":46}}},"49":{"name":"(anonymous_49)","line":1006,"loc":{"start":{"line":1006,"column":37},"end":{"line":1006,"column":48}}},"50":{"name":"(anonymous_50)","line":1007,"loc":{"start":{"line":1007,"column":27},"end":{"line":1007,"column":46}}},"51":{"name":"(anonymous_51)","line":1019,"loc":{"start":{"line":1019,"column":29},"end":{"line":1019,"column":40}}},"52":{"name":"(anonymous_52)","line":1043,"loc":{"start":{"line":1043,"column":31},"end":{"line":1043,"column":42}}},"53":{"name":"(anonymous_53)","line":1047,"loc":{"start":{"line":1047,"column":26},"end":{"line":1047,"column":43}}},"54":{"name":"(anonymous_54)","line":1061,"loc":{"start":{"line":1061,"column":32},"end":{"line":1061,"column":43}}},"55":{"name":"(anonymous_55)","line":1070,"loc":{"start":{"line":1070,"column":17},"end":{"line":1070,"column":31}}},"56":{"name":"(anonymous_56)","line":1085,"loc":{"start":{"line":1085,"column":36},"end":{"line":1085,"column":47}}},"57":{"name":"(anonymous_57)","line":1098,"loc":{"start":{"line":1098,"column":25},"end":{"line":1098,"column":39}}},"58":{"name":"(anonymous_58)","line":1139,"loc":{"start":{"line":1139,"column":31},"end":{"line":1139,"column":44}}},"59":{"name":"(anonymous_59)","line":1141,"loc":{"start":{"line":1141,"column":9},"end":{"line":1141,"column":28}}},"60":{"name":"(anonymous_60)","line":1155,"loc":{"start":{"line":1155,"column":25},"end":{"line":1155,"column":38}}},"61":{"name":"camelcase","line":1168,"loc":{"start":{"line":1168,"column":0},"end":{"line":1168,"column":25}}},"62":{"name":"(anonymous_62)","line":1169,"loc":{"start":{"line":1169,"column":32},"end":{"line":1169,"column":52}}},"63":{"name":"pad","line":1183,"loc":{"start":{"line":1183,"column":0},"end":{"line":1183,"column":25}}},"64":{"name":"outputHelpIfNecessary","line":1196,"loc":{"start":{"line":1196,"column":0},"end":{"line":1196,"column":45}}},"65":{"name":"humanReadableArgName","line":1214,"loc":{"start":{"line":1214,"column":0},"end":{"line":1214,"column":35}}},"66":{"name":"exists","line":1223,"loc":{"start":{"line":1223,"column":0},"end":{"line":1223,"column":22}}}},"statementMap":{"1":{"start":{"line":5,"column":0},"end":{"line":5,"column":50}},"2":{"start":{"line":6,"column":0},"end":{"line":6,"column":43}},"3":{"start":{"line":7,"column":0},"end":{"line":7,"column":27}},"4":{"start":{"line":8,"column":0},"end":{"line":8,"column":27}},"5":{"start":{"line":9,"column":0},"end":{"line":9,"column":29}},"6":{"start":{"line":10,"column":0},"end":{"line":10,"column":23}},"7":{"start":{"line":16,"column":0},"end":{"line":16,"column":48}},"8":{"start":{"line":22,"column":0},"end":{"line":22,"column":41}},"9":{"start":{"line":28,"column":0},"end":{"line":28,"column":26}},"10":{"start":{"line":34,"column":0},"end":{"line":34,"column":24}},"11":{"start":{"line":44,"column":0},"end":{"line":53,"column":1}},"12":{"start":{"line":45,"column":2},"end":{"line":45,"column":21}},"13":{"start":{"line":46,"column":2},"end":{"line":46,"column":38}},"14":{"start":{"line":47,"column":2},"end":{"line":47,"column":38}},"15":{"start":{"line":48,"column":2},"end":{"line":48,"column":38}},"16":{"start":{"line":49,"column":2},"end":{"line":49,"column":32}},"17":{"start":{"line":50,"column":2},"end":{"line":50,"column":78}},"18":{"start":{"line":50,"column":51},"end":{"line":50,"column":78}},"19":{"start":{"line":51,"column":2},"end":{"line":51,"column":28}},"20":{"start":{"line":52,"column":2},"end":{"line":52,"column":39}},"21":{"start":{"line":62,"column":0},"end":{"line":66,"column":2}},"22":{"start":{"line":63,"column":2},"end":{"line":65,"column":24}},"23":{"start":{"line":76,"column":0},"end":{"line":78,"column":2}},"24":{"start":{"line":77,"column":2},"end":{"line":77,"column":32}},"25":{"start":{"line":88,"column":0},"end":{"line":90,"column":2}},"26":{"start":{"line":89,"column":2},"end":{"line":89,"column":49}},"27":{"start":{"line":99,"column":0},"end":{"line":106,"column":1}},"28":{"start":{"line":100,"column":2},"end":{"line":100,"column":21}},"29":{"start":{"line":101,"column":2},"end":{"line":101,"column":20}},"30":{"start":{"line":102,"column":2},"end":{"line":102,"column":19}},"31":{"start":{"line":103,"column":2},"end":{"line":103,"column":35}},"32":{"start":{"line":104,"column":2},"end":{"line":104,"column":18}},"33":{"start":{"line":105,"column":2},"end":{"line":105,"column":26}},"34":{"start":{"line":169,"column":0},"end":{"line":191,"column":2}},"35":{"start":{"line":170,"column":2},"end":{"line":173,"column":3}},"36":{"start":{"line":171,"column":4},"end":{"line":171,"column":16}},"37":{"start":{"line":172,"column":4},"end":{"line":172,"column":16}},"38":{"start":{"line":174,"column":2},"end":{"line":174,"column":20}},"39":{"start":{"line":175,"column":2},"end":{"line":175,"column":30}},"40":{"start":{"line":176,"column":2},"end":{"line":176,"column":38}},"41":{"start":{"line":178,"column":2},"end":{"line":183,"column":3}},"42":{"start":{"line":179,"column":4},"end":{"line":179,"column":26}},"43":{"start":{"line":180,"column":4},"end":{"line":180,"column":28}},"44":{"start":{"line":181,"column":4},"end":{"line":181,"column":34}},"45":{"start":{"line":182,"column":4},"end":{"line":182,"column":59}},"46":{"start":{"line":182,"column":24},"end":{"line":182,"column":59}},"47":{"start":{"line":184,"column":2},"end":{"line":184,"column":30}},"48":{"start":{"line":185,"column":2},"end":{"line":185,"column":26}},"49":{"start":{"line":186,"column":2},"end":{"line":186,"column":30}},"50":{"start":{"line":187,"column":2},"end":{"line":187,"column":20}},"51":{"start":{"line":189,"column":2},"end":{"line":189,"column":24}},"52":{"start":{"line":189,"column":12},"end":{"line":189,"column":24}},"53":{"start":{"line":190,"column":2},"end":{"line":190,"column":13}},"54":{"start":{"line":199,"column":0},"end":{"line":201,"column":2}},"55":{"start":{"line":200,"column":2},"end":{"line":200,"column":50}},"56":{"start":{"line":210,"column":0},"end":{"line":212,"column":2}},"57":{"start":{"line":211,"column":2},"end":{"line":211,"column":55}},"58":{"start":{"line":224,"column":0},"end":{"line":253,"column":2}},"59":{"start":{"line":225,"column":2},"end":{"line":225,"column":27}},"60":{"start":{"line":225,"column":20},"end":{"line":225,"column":27}},"61":{"start":{"line":226,"column":2},"end":{"line":226,"column":18}},"62":{"start":{"line":227,"column":2},"end":{"line":251,"column":5}},"63":{"start":{"line":228,"column":4},"end":{"line":232,"column":6}},"64":{"start":{"line":234,"column":4},"end":{"line":242,"column":5}},"65":{"start":{"line":236,"column":8},"end":{"line":236,"column":35}},"66":{"start":{"line":237,"column":8},"end":{"line":237,"column":43}},"67":{"start":{"line":238,"column":8},"end":{"line":238,"column":14}},"68":{"start":{"line":240,"column":8},"end":{"line":240,"column":43}},"69":{"start":{"line":241,"column":8},"end":{"line":241,"column":14}},"70":{"start":{"line":244,"column":4},"end":{"line":247,"column":5}},"71":{"start":{"line":245,"column":6},"end":{"line":245,"column":33}},"72":{"start":{"line":246,"column":6},"end":{"line":246,"column":53}},"73":{"start":{"line":248,"column":4},"end":{"line":250,"column":5}},"74":{"start":{"line":249,"column":6},"end":{"line":249,"column":34}},"75":{"start":{"line":252,"column":2},"end":{"line":252,"column":14}},"76":{"start":{"line":272,"column":0},"end":{"line":322,"column":2}},"77":{"start":{"line":273,"column":2},"end":{"line":273,"column":18}},"78":{"start":{"line":274,"column":2},"end":{"line":316,"column":4}},"79":{"start":{"line":276,"column":4},"end":{"line":276,"column":22}},"80":{"start":{"line":277,"column":4},"end":{"line":277,"column":28}},"81":{"start":{"line":279,"column":4},"end":{"line":279,"column":44}},"82":{"start":{"line":282,"column":4},"end":{"line":282,"column":48}},"83":{"start":{"line":287,"column":4},"end":{"line":289,"column":5}},"84":{"start":{"line":288,"column":6},"end":{"line":288,"column":44}},"85":{"start":{"line":292,"column":4},"end":{"line":292,"column":60}},"86":{"start":{"line":292,"column":28},"end":{"line":292,"column":60}},"87":{"start":{"line":294,"column":4},"end":{"line":304,"column":7}},"88":{"start":{"line":295,"column":6},"end":{"line":303,"column":7}},"89":{"start":{"line":296,"column":8},"end":{"line":296,"column":39}},"90":{"start":{"line":297,"column":13},"end":{"line":303,"column":7}},"91":{"start":{"line":298,"column":8},"end":{"line":300,"column":9}},"92":{"start":{"line":299,"column":10},"end":{"line":299,"column":44}},"93":{"start":{"line":302,"column":8},"end":{"line":302,"column":33}},"94":{"start":{"line":309,"column":4},"end":{"line":313,"column":5}},"95":{"start":{"line":310,"column":6},"end":{"line":310,"column":37}},"96":{"start":{"line":312,"column":6},"end":{"line":312,"column":22}},"97":{"start":{"line":315,"column":4},"end":{"line":315,"column":25}},"98":{"start":{"line":317,"column":2},"end":{"line":317,"column":35}},"99":{"start":{"line":318,"column":2},"end":{"line":318,"column":48}},"100":{"start":{"line":319,"column":2},"end":{"line":319,"column":41}},"101":{"start":{"line":320,"column":2},"end":{"line":320,"column":65}},"102":{"start":{"line":320,"column":19},"end":{"line":320,"column":65}},"103":{"start":{"line":321,"column":2},"end":{"line":321,"column":14}},"104":{"start":{"line":373,"column":0},"end":{"line":432,"column":2}},"105":{"start":{"line":374,"column":2},"end":{"line":377,"column":34}},"106":{"start":{"line":380,"column":2},"end":{"line":391,"column":3}},"107":{"start":{"line":381,"column":4},"end":{"line":390,"column":5}},"108":{"start":{"line":382,"column":6},"end":{"line":382,"column":21}},"109":{"start":{"line":383,"column":6},"end":{"line":386,"column":8}},"110":{"start":{"line":384,"column":8},"end":{"line":384,"column":32}},"111":{"start":{"line":385,"column":8},"end":{"line":385,"column":30}},"112":{"start":{"line":388,"column":6},"end":{"line":388,"column":24}},"113":{"start":{"line":389,"column":6},"end":{"line":389,"column":16}},"114":{"start":{"line":394,"column":2},"end":{"line":402,"column":3}},"115":{"start":{"line":396,"column":4},"end":{"line":396,"column":42}},"116":{"start":{"line":396,"column":22},"end":{"line":396,"column":42}},"117":{"start":{"line":398,"column":4},"end":{"line":401,"column":5}},"118":{"start":{"line":399,"column":6},"end":{"line":399,"column":32}},"119":{"start":{"line":400,"column":6},"end":{"line":400,"column":41}},"120":{"start":{"line":405,"column":2},"end":{"line":405,"column":28}},"121":{"start":{"line":409,"column":2},"end":{"line":429,"column":5}},"122":{"start":{"line":411,"column":4},"end":{"line":413,"column":5}},"123":{"start":{"line":412,"column":6},"end":{"line":412,"column":74}},"124":{"start":{"line":416,"column":4},"end":{"line":428,"column":5}},"125":{"start":{"line":418,"column":6},"end":{"line":424,"column":7}},"126":{"start":{"line":419,"column":8},"end":{"line":421,"column":18}},"127":{"start":{"line":423,"column":8},"end":{"line":423,"column":25}},"128":{"start":{"line":425,"column":11},"end":{"line":428,"column":5}},"129":{"start":{"line":427,"column":6},"end":{"line":427,"column":23}},"130":{"start":{"line":431,"column":2},"end":{"line":431,"column":14}},"131":{"start":{"line":441,"column":0},"end":{"line":444,"column":2}},"132":{"start":{"line":442,"column":2},"end":{"line":442,"column":59}},"133":{"start":{"line":443,"column":2},"end":{"line":443,"column":14}},"134":{"start":{"line":454,"column":0},"end":{"line":500,"column":2}},"135":{"start":{"line":456,"column":2},"end":{"line":456,"column":54}},"136":{"start":{"line":456,"column":24},"end":{"line":456,"column":54}},"137":{"start":{"line":459,"column":2},"end":{"line":459,"column":22}},"138":{"start":{"line":462,"column":2},"end":{"line":462,"column":54}},"139":{"start":{"line":465,"column":2},"end":{"line":468,"column":3}},"140":{"start":{"line":467,"column":4},"end":{"line":467,"column":24}},"141":{"start":{"line":471,"column":2},"end":{"line":471,"column":64}},"142":{"start":{"line":472,"column":2},"end":{"line":472,"column":37}},"143":{"start":{"line":474,"column":2},"end":{"line":474,"column":57}},"144":{"start":{"line":477,"column":2},"end":{"line":477,"column":28}},"145":{"start":{"line":479,"column":2},"end":{"line":479,"column":26}},"146":{"start":{"line":481,"column":2},"end":{"line":485,"column":3}},"147":{"start":{"line":482,"column":4},"end":{"line":484,"column":10}},"148":{"start":{"line":483,"column":6},"end":{"line":483,"column":38}},"149":{"start":{"line":487,"column":2},"end":{"line":497,"column":3}},"150":{"start":{"line":488,"column":4},"end":{"line":488,"column":62}},"151":{"start":{"line":489,"column":9},"end":{"line":497,"column":3}},"152":{"start":{"line":491,"column":4},"end":{"line":491,"column":33}},"153":{"start":{"line":492,"column":4},"end":{"line":492,"column":62}},"154":{"start":{"line":493,"column":9},"end":{"line":497,"column":3}},"155":{"start":{"line":495,"column":4},"end":{"line":495,"column":41}},"156":{"start":{"line":496,"column":4},"end":{"line":496,"column":62}},"157":{"start":{"line":499,"column":2},"end":{"lin
[...]
 f;","","  // when symbolink is relative path","  if (link !== f && link.charAt(0) !== '/') {","    link = path.join(dirname(f), link);","  }","  baseDir = dirname(link);","","  // prefer local `./<bin>` to bin in the $PATH","  var localBin = path.join(baseDir, bin);","","  // whether bin file is a js script with explicit `.js` extension","  var isExplicitJS = false;","  if (exists(localBin + '.js')) {","    bin = localBin + '.js';","    isExplicitJS = true;","  } else if (exists(localBin)) {","    bin = localBin;","  }","","  args = args.slice(1);","","  var proc;","  if (process.platform !== 'win32') {","    if (isExplicitJS) {","      args.unshift(bin);","      // add executable arguments to spawn","      args = (process.execArgv || []).concat(args);","","      proc = spawn(process.argv[0], args, { stdio: 'inherit', customFds: [0, 1, 2] });","    } else {","      proc = spawn(bin, args, { stdio: 'inherit', customFds: [0, 1, 2] });","    }","  } else {","    args.unshift(bin);","    proc = spawn(process.execPath, args, { stdio: 'inherit' });","  }","","  var signals = ['SIGUSR1', 'SIGUSR2', 'SIGTERM', 'SIGINT', 'SIGHUP'];","  signals.forEach(function(signal) {","    process.on(signal, function() {","      if (proc.killed === false && proc.exitCode === null) {","        proc.kill(signal);","      }","    });","  });","  proc.on('close', process.exit.bind(process));","  proc.on('error', function(err) {","    if (err.code === 'ENOENT') {","      console.error('\\n  %s(1) does not exist, try --help\\n', bin);","    } else if (err.code === 'EACCES') {","      console.error('\\n  %s(1) not executable. try chmod or run with root\\n', bin);","    }","    process.exit(1);","  });","","  // Store the reference to the child process","  this.runningCommand = proc;","};","","/**"," * Normalize `args`, splitting joined short flags. For example"," * the arg \"-abc\" is equivalent to \"-a -b -c\"."," * This also normalizes equal sign and splits \"--abc=def\" into \"--abc def\"."," *"," * @param {Array} args"," * @return {Array}"," * @api private"," */","","Command.prototype.normalize = function(args) {","  var ret = [],","    arg,","    lastOpt,","    index;","","  for (var i = 0, len = args.length; i < len; ++i) {","    arg = args[i];","    if (i > 0) {","      lastOpt = this.optionFor(args[i - 1]);","    }","","    if (arg === '--') {","      // Honor option terminator","      ret = ret.concat(args.slice(i));","      break;","    } else if (lastOpt && lastOpt.required) {","      ret.push(arg);","    } else if (arg.length > 1 && arg[0] === '-' && arg[1] !== '-') {","      arg.slice(1).split('').forEach(function(c) {","        ret.push('-' + c);","      });","    } else if (/^--/.test(arg) && ~(index = arg.indexOf('='))) {","      ret.push(arg.slice(0, index), arg.slice(index + 1));","    } else {","      ret.push(arg);","    }","  }","","  return ret;","};","","/**"," * Parse command `args`."," *"," * When listener(s) are available those"," * callbacks are invoked, otherwise the \"*\""," * event is emitted and those actions are invoked."," *"," * @param {Array} args"," * @return {Command} for chaining"," * @api private"," */","","Command.prototype.parseArgs = function(args, unknown) {","  var name;","","  if (args.length) {","    name = args[0];","    if (this.listeners('command:' + name).length) {","      this.emit('command:' + args.shift(), args, unknown);","    } else {","      this.emit('command:*', args);","    }","  } else {","    outputHelpIfNecessary(this, unknown);","","    // If there were no args and we have unknown options,","    // then they are extraneous and we need to error.","    if (unknown.length > 0) {","      this.unknownOption(unknown[0]);","    }","  }","","  return this;","};","","/**"," * Return an option matching `arg` if any."," *"," * @param {String} arg"," * @return {Option}"," * @api private"," */","","Command.prototype.optionFor = function(arg) {","  for (var i = 0, len = this.options.length; i < len; ++i) {","    if (this.options[i].is(arg)) {","      return this.options[i];","    }","  }","};","","/**"," * Parse options from `argv` returning `argv`"," * void of these options."," *"," * @param {Array} argv"," * @return {Array}"," * @api public"," */","","Command.prototype.parseOptions = function(argv) {","  var args = [],","    len = argv.length,","    literal,","    option,","    arg;","","  var unknownOptions = [];","","  // parse options","  for (var i = 0; i < len; ++i) {","    arg = argv[i];","","    // literal args after --","    if (literal) {","      args.push(arg);","      continue;","    }","","    if (arg === '--') {","      literal = true;","      continue;","    }","","    // find matching Option","    option = this.optionFor(arg);","","    // option is defined","    if (option) {","      // requires arg","      if (option.required) {","        arg = argv[++i];","        if (arg == null) return this.optionMissingArgument(option);","        this.emit('option:' + option.name(), arg);","      // optional arg","      } else if (option.optional) {","        arg = argv[i + 1];","        if (arg == null || (arg[0] === '-' && arg !== '-')) {","          arg = null;","        } else {","          ++i;","        }","        this.emit('option:' + option.name(), arg);","      // bool","      } else {","        this.emit('option:' + option.name());","      }","      continue;","    }","","    // looks like an option","    if (arg.length > 1 && arg[0] === '-') {","      unknownOptions.push(arg);","","      // If the next argument looks like it might be","      // an argument for this option, we pass it on.","      // If it isn't, then it'll simply be ignored","      if ((i + 1) < argv.length && argv[i + 1][0] !== '-') {","        unknownOptions.push(argv[++i]);","      }","      continue;","    }","","    // arg","    args.push(arg);","  }","","  return { args: args, unknown: unknownOptions };","};","","/**"," * Return an object containing options as key-value pairs"," *"," * @return {Object}"," * @api public"," */","Command.prototype.opts = function() {","  var result = {},","    len = this.options.length;","","  for (var i = 0; i < len; i++) {","    var key = this.options[i].attributeName();","    result[key] = key === this._versionOptionName ? this._version : this[key];","  }","  return result;","};","","/**"," * Argument `name` is missing."," *"," * @param {String} name"," * @api private"," */","","Command.prototype.missingArgument = function(name) {","  console.error();","  console.error(\"  error: missing required argument `%s'\", name);","  console.error();","  process.exit(1);","};","","/**"," * `Option` is missing an argument, but received `flag` or nothing."," *"," * @param {String} option"," * @param {String} flag"," * @api private"," */","","Command.prototype.optionMissingArgument = function(option, flag) {","  console.error();","  if (flag) {","    console.error(\"  error: option `%s' argument missing, got `%s'\", option.flags, flag);","  } else {","    console.error(\"  error: option `%s' argument missing\", option.flags);","  }","  console.error();","  process.exit(1);","};","","/**"," * Unknown option `flag`."," *"," * @param {String} flag"," * @api private"," */","","Command.prototype.unknownOption = function(flag) {","  if (this._allowUnknownOption) return;","  console.error();","  console.error(\"  error: unknown option `%s'\", flag);","  console.error();","  process.exit(1);","};","","/**"," * Variadic argument with `name` is not the last argument as required."," *"," * @param {String} name"," * @api private"," */","","Command.prototype.variadicArgNotLast = function(name) {","  console.error();","  console.error(\"  error: variadic arguments must be last `%s'\", name);","  console.error();","  process.exit(1);","};","","/**"," * Set the program version to `str`."," *"," * This method auto-registers the \"-V, --version\" flag"," * which will print the version number when passed."," *"," * @param {String} str"," * @param {String} [flags]"," * @return {Command} for chaining"," * @api public"," */","","Command.prototype.version = function(str, flags) {","  if (arguments.length === 0) return this._version;","  this._version = str;","  flags = flags || '-V, --version';","  var versionOption = new Option(flags, 'output the version number');","  this._versionOptionName = versionOption.long.substr(2) || 'version';","  this.options.push(versionOption);","  this.on('option:' + this._versionOptionName, function() {","    process.stdout.write(str + '\\n');","    process.exit(0);","  });","  return this;","};","","/**"," * Set the description to `str`."," *"," * @param {String} str"," * @param {Object} argsDescription"," * @return {String|Command}"," * @api public"," */","","Command.prototype.description = function(str, argsDescription) {","  if (arguments.length === 0) return this._description;","  this._description = str;","  this._argsDescription = argsDescription;","  return this;","};","","/**"," * Set an alias for the command"," *"," * @param {String} alias"," * @return {String|Command}"," * @api public"," */","","Command.prototype.alias = function(alias) {","  var command = this;","  if (this.commands.length !== 0) {","    command = this.commands[this.commands.length - 1];","  }","","  if (arguments.length === 0) return command._alias;","","  if (alias === command._name) throw new Error('Command alias can\\'t be the same as its name');","","  command._alias = alias;","  return this;","};","","/**"," * Set / get the command usage `str`."," *"," * @param {String} str"," * @return {String|Command}"," * @api public"," */","","Command.prototype.usage = function(str) {","  var args = this._args.map(function(arg) {","    return humanReadableArgName(arg);","  });","","  var usage = '[options]' +","    (this.commands.length ? ' [command]' : '') +","    (this._args.length ? ' ' + args.join(' ') : '');","","  if (arguments.length === 0) return this._usage || usage;","  this._usage = str;","","  return this;","};","","/**"," * Get or set the name of the command"," *"," * @param {String} str"," * @return {String|Command}"," * @api public"," */","","Command.prototype.name = function(str) {","  if (arguments.length === 0) return this._name;","  this._name = str;","  return this;","};","","/**"," * Return prepared commands."," *"," * @return {Array}"," * @api private"," */","","Command.prototype.prepareCommands = function() {","  return this.commands.filter(function(cmd) {","    return !cmd._noHelp;","  }).map(function(cmd) {","    var args = cmd._args.map(function(arg) {","      return humanReadableArgName(arg);","    }).join(' ');","","    return [","      cmd._name +","        (cmd._alias ? '|' + cmd._alias : '') +","        (cmd.options.length ? ' [options]' : '') +","        (args ? ' ' + args : ''),","      cmd._description","    ];","  });","};","","/**"," * Return the largest command length."," *"," * @return {Number}"," * @api private"," */","","Command.prototype.largestCommandLength = function() {","  var commands = this.prepareCommands();","  return commands.reduce(function(max, command) {","    return Math.max(max, command[0].length);","  }, 0);","};","","/**"," * Return the largest option length."," *"," * @return {Number}"," * @api private"," */","","Command.prototype.largestOptionLength = function() {","  var options = [].slice.call(this.options);","  options.push({","    flags: '-h, --help'","  });","  return options.reduce(function(max, option) {","    return Math.max(max, option.flags.length);","  }, 0);","};","","/**"," * Return the largest arg length."," *"," * @return {Number}"," * @api private"," */","","Command.prototype.largestArgLength = function() {","  return this._args.reduce(function(max, arg) {","    return Math.max(max, arg.name.length);","  }, 0);","};","","/**"," * Return the pad width."," *"," * @return {Number}"," * @api private"," */","","Command.prototype.padWidth = function() {","  var width = this.largestOptionLength();","  if (this._argsDescription && this._args.length) {","    if (this.largestArgLength() > width) {","      width = this.largestArgLength();","    }","  }","","  if (this.commands && this.commands.length) {","    if (this.largestCommandLength() > width) {","      width = this.largestCommandLength();","    }","  }","","  return width;","};","","/**"," * Return help for options."," *"," * @return {String}"," * @api private"," */","","Command.prototype.optionHelp = function() {","  var width = this.padWidth();","","  // Append the help information","  return this.options.map(function(option) {","    return pad(option.flags, width) + '  ' + option.description +","      ((option.bool && option.defaultValue !== undefined) ? ' (default: ' + option.defaultValue + ')' : '');","  }).concat([pad('-h, --help', width) + '  ' + 'output usage information'])","    .join('\\n');","};","","/**"," * Return command help documentation."," *"," * @return {String}"," * @api private"," */","","Command.prototype.commandHelp = function() {","  if (!this.commands.length) return '';","","  var commands = this.prepareCommands();","  var width = this.padWidth();","","  return [","    '  Commands:',","    '',","    commands.map(function(cmd) {","      var desc = cmd[1] ? '  ' + cmd[1] : '';","      return (desc ? pad(cmd[0], width) : cmd[0]) + desc;","    }).join('\\n').replace(/^/gm, '    '),","    ''","  ].join('\\n');","};","","/**"," * Return program help documentation."," *"," * @return {String}"," * @api private"," */","","Command.prototype.helpInformation = function() {","  var desc = [];","  if (this._description) {","    desc = [","      '  ' + this._description,","      ''","    ];","","    var argsDescription = this._argsDescription;","    if (argsDescription && this._args.length) {","      var width = this.padWidth();","      desc.push('  Arguments:');","      desc.push('');","      this._args.forEach(function(arg) {","        desc.push('    ' + pad(arg.name, width) + '  ' + argsDescription[arg.name]);","      });","      desc.push('');","    }","  }","","  var cmdName = this._name;","  if (this._alias) {","    cmdName = cmdName + '|' + this._alias;","  }","  var usage = [","    '',","    '  Usage: ' + cmdName + ' ' + this.usage(),","    ''","  ];","","  var cmds = [];","  var commandHelp = this.commandHelp();","  if (commandHelp) cmds = [commandHelp];","","  var options = [","    '  Options:',","    '',","    '' + this.optionHelp().replace(/^/gm, '    '),","    ''","  ];","","  return usage","    .concat(desc)","    .concat(options)","    .concat(cmds)","    .join('\\n');","};","","/**"," * Output help information for this command"," *"," * @api public"," */","","Command.prototype.outputHelp = function(cb) {","  if (!cb) {","    cb = function(passthru) {","      return passthru;","    };","  }","  process.stdout.write(cb(this.helpInformation()));","  this.emit('--help');","};","","/**"," * Output help information and exit."," *"," * @api public"," */","","Command.prototype.help = function(cb) {","  this.outputHelp(cb);","  process.exit();","};","","/**"," * Camel-case the given `flag`"," *"," * @param {String} flag"," * @return {String}"," * @api private"," */","","function camelcase(flag) {","  return flag.split('-').reduce(function(str, word) {","    return str + word[0].toUpperCase() + word.slice(1);","  });","}","","/**"," * Pad `str` to `width`."," *"," * @param {String} str"," * @param {Number} width"," * @return {String}"," * @api private"," */","","function pad(str, width) {","  var len = Math.max(0, width - str.length);","  return str + Array(len + 1).join(' ');","}","","/**"," * Output help information if necessary"," *"," * @param {Command} command to output help for"," * @param {Array} array of options to search for -h or --help"," * @api private"," */","","function outputHelpIfNecessary(cmd, options) {","  options = options || [];","  for (var i = 0; i < options.length; i++) {","    if (options[i] === '--help' || options[i] === '-h') {","      cmd.outputHelp();","      process.exit(0);","    }","  }","}","","/**"," * Takes an argument an returns its human readable equivalent for help usage."," *"," * @param {Object} arg"," * @return {String}"," * @api private"," */","","function humanReadableArgName(arg) {","  var nameOutput = arg.name + (arg.variadic === true ? '...' : '');","","  return arg.required","    ? '<' + nameOutput + '>'","    : '[' + nameOutput + ']';","}","","// for versions before node v0.8 when there weren't `fs.existsSync`","function exists(file) {","  try {","    if (fs.statSync(file).isFile()) {","      return true;","    }","  } catch (e) {","    return false;","  }","}",""],"l":{"5":1,"6":1,"7":1,"8":1,"9":1,"10":1,"16":1,"22":1,"28":1,"34":1,"44":1,"45":0,"46":0,"47":0,"48":0,"49":0,"50":0,"51":0,"52":0,"62":1,"63":0,"76":1,"77":0,"88":1,"89":0,"99":1,"100":1,"101":1,"102":1,"103":1,"104":1,"105":1,"169":1,"170":0,"171":0,"172":0,"174":0,"175":0,"176":0,"178":0,"179":0,"180":0,"181":0,"182":0,"184":0,"185":0,"186":0,"187":0,"189":0,"190":0,"199":1,"200":0,"210":1,"211":0,"224":1,"225":0,"226":0,"227":0,"228":0,"234":0,"236":0,"237":0,"238":0,"240":0,"241":0,"244":0,"245":0,"246":0,"248":0,"249":0,"252":0,"272":1,"273":0,"274":0,"276":0,"277":0,"279":0,"282":0,"287":0,"288":0,"292":0,"294":0,"295":0,"296":0,"297":0,"298":0,"299":0,"302":0,"309":0,"310":0,"312":0,"315":0,"317":0,"318":0,"319":0,"320":0,"321":0,"373":1,"374":0,"380":0,"381":0,"382":0,"383":0,"384":0,"385":0,"388":0,"389":0,"394":0,"396":0,"398":0,"399":0,"400":0,"405":0,"409":0,"411":0,"412":0,"416":0,"418":0,"419":0,"423":0,"425":0,"427":0,"431":0,"441":1,"442":0,"443":0,"454":1,"456":0,"459":0,"462":0,"465":0,"467":0,"471":0,"472":0,"474":0,"477":0,"479":0,"481":0,"482":0,"483":0,"487":0,"488":0,"489":0,"491":0,"492":0,"493":0,"495":0,"496":0,"499":0,"511":1,"512":0,"514":0,"515":0,"518":0,"519":0,"520":0,"524":0,"526":0,"530":0,"534":0,"535":0,"537":0,"540":0,"543":0,"544":0,"545":0,"546":0,"547":0,"548":0,"551":0,"553":0,"554":0,"555":0,"556":0,"558":0,"560":0,"562":0,"565":0,"566":0,"569":0,"570":0,"571":0,"572":0,"573":0,"577":0,"578":0,"579":0,"580":0,"581":0,"582":0,"584":0,"588":0,"601":1,"602":0,"607":0,"608":0,"609":0,"610":0,"613":0,"615":0,"616":0,"617":0,"618":0,"619":0,"620":0,"621":0,"623":0,"624":0,"626":0,"630":0,"645":1,"646":0,"648":0,"649":0,"650":0,"651":0,"653":0,"656":0,"660":0,"661":0,"665":0,"676":1,"677":0,"678":0,"679":0,"693":1,"694":0,"700":0,"703":0,"704":0,"707":0,"708":0,"709":0,"712":0,"713":0,"714":0,"718":0,"721":0,"723":0,"724":0,"725":0,"726":0,"728":0,"729":0,"730":0,"731":0,"733":0,"735":0,"738":0,"740":0,"744":0,"745":0,"750":0,"751":0,"753":0,"757":0,"760":0,"769":1,"770":0,"773":0,"774":0,"775":0,"777":0,"787":1,"788":0,"789":0,"790":0,"791":0,"802":1,"803":0,"804":0,"805":0,"807":0,"809":0,"810":0,"820":1,"821":0,"822":0,"823":0,"824":0,"825":0,"835":1,"836":0,"837":0,"838":0,"839":0,"854":1,"855":0,"856":0,"857":0,"858":0,"859":0,"860":0,"861":0,"862":0,"863":0,"865":0,"877":1,"878":0,"879":0,"880":0,"881":0,"892":1,"893":0,"894":0,"895":0,"898":0,"900":0,"902":0,"903":0,"914":1,"915":0,"916":0,"919":0,"923":0,"924":0,"926":0,"937":1,"938":0,"939":0,"940":0,"950":1,"951":0,"952":0,"954":0,"955":0,"958":0,"975":1,"976":0,"977":0,"978":0,"989":1,"990":0,"991":0,"994":0,"995":0,"1006":1,"1007":0,"1008":0,"1019":1,"1020":0,"1021":0,"1022":0,"1023":0,"1027":0,"1028":0,"1029":0,"1033":0,"1043":1,"1044":0,"1047":0,"1048":0,"1061":1,"1062":0,"1064":0,"1065":0,"1067":0,"1071":0,"1072":0,"1085":1,"1086":0,"1087":0,"1088":0,"1093":0,"1094":0,"1095":0,"1096":0,"1097":0,"1098":0,"1099":0,"1101":0,"1105":0,"1106":0,"1107":0,"1109":0,"1115":0,"1116":0,"1117":0,"1119":0,"1126":0,"1139":1,"1140":0,"1141":0,"1142":0,"1145":0,"1146":0,"1155":1,"1156":0,"1157":0,"1168":1,"1169":0,"1170":0,"1183":1,"1184":0,"1185":0,"1196":1,"1197":0,"1198":0,"1199":0,"1200":0,"1201":0,"1214":1,"1215":0,"1217":0,"1223":1,"1224":0,"1225":0,"1226":0,"1229":0}}}